1763080102.065836 1200
1763080102.065973 2400
1763080102.066034 3600
1763080102.066084 4800
1763080102.066129 6000
1763080102.066686 7200
1763080102.066744 8400
1763080102.066786 9600
1763080102.066829 10800
1763080102.066870 12000
1763080102.067441 13200
1763080102.067496 14400
1763080102.067537 15600
1763080102.067578 16800
1763080102.067618 18000
1763080102.068157 19200
1763080102.068196 20400
1763080102.068234 21600
1763080102.068271 22800
1763080102.068308 24000
1763080102.068645 25200
1763080102.068885 26400
1763080102.068923 27600
1763080102.068959 28800
1763080102.068995 30000
1763080102.069554 31200
1763080102.069593 32400
1763080102.069631 33600
1763080102.069665 34800
1763080102.069735 36000
1763080102.069990 37200
1763080102.070122 38400
1763080102.070310 39600
1763080102.070447 40800
1763080102.070488 42000
1763080102.070524 43200
1763080102.070559 44400
1763080102.070717 45600
1763080102.070877 46800
1763080102.070916 48000
1763080102.070951 49200
1763080102.070987 50400
1763080102.071077 51600
1763080102.071207 52800
1763080102.071330 54000
1763080102.071368 55200
1763080102.071406 56400
1763080102.071441 57600
1763080102.071559 58800
1763080102.071740 60000
1763080102.071776 61200
1763080102.071815 62400
1763080102.071852 63600
1763080102.071966 64800
1763080102.072156 66000
1763080102.072196 67200
1763080102.072231 68400
1763080102.072266 69600
1763080102.072351 70800
1763080102.072439 72000
1763080102.072527 73200
1763080102.072614 74400
1763080102.072695 75600
1763080102.072770 76800
1763080102.072847 78000
1763080102.072981 79200
1763080102.073052 80400
1763080102.073097 81600
1763080102.073137 82800
1763080102.073178 84000
1763080102.073258 85200
1763080102.073340 86400
1763080102.073414 87600
1763080102.073485 88800
1763080102.073601 90000
1763080102.073705 91200
1763080102.073835 92400
1763080102.074014 93600
1763080102.074053 94800
1763080102.074091 96000
1763080102.074125 97200
1763080102.074524 98400
1763080102.074565 99600
1763080102.074601 100800
1763080102.074639 102000
1763080102.074700 103200
1763080102.074935 104400
1763080102.075032 105600
1763080102.075092 106800
1763080102.075229 108000
1763080102.075314 109200
1763080102.075361 110400
1763080102.075422 111600
1763080102.075508 112800
1763080102.075585 114000
1763080102.075793 115200
1763080102.075838 116400
1763080102.075874 117600
1763080102.075911 118800
1763080102.075946 120000
1763080102.076112 121200
1763080102.076193 122400
1763080102.076268 123600
1763080102.076304 124800
1763080102.076345 126000
1763080102.076377 127200
1763080102.076538 128400
1763080102.076659 129600
1763080102.076724 130800
1763080102.076801 132000
1763080102.076881 133200
1763080102.076918 134400
1763080102.076950 135600
1763080102.077085 136800
1763080102.077274 138000
1763080102.077328 139200
1763080102.077462 140400
1763080102.077569 141600
1763080102.077769 142800
1763080102.077808 144000
1763080102.077844 145200
1763080102.077881 146400
1763080102.077923 147600
1763080102.078094 148800
1763080102.078169 150000
1763080102.078237 151200
1763080102.078270 152400
1763080102.078315 153600
1763080102.078347 154800
1763080102.078506 156000
1763080102.078592 157200
1763080102.078663 158400
1763080102.078739 159600
1763080102.078780 160800
1763080102.078843 162000
1763080102.078892 163200
1763080102.078928 164400
1763080102.079036 165600
1763080102.079167 166800
1763080102.079249 168000
1763080102.079321 169200
1763080102.079357 170400
1763080102.079422 171600
1763080102.079463 172800
1763080102.079496 174000
1763080102.079698 175200
1763080102.079815 176400
1763080102.079857 177600
1763080102.079895 178800
1763080102.079930 180000
1763080102.080054 181200
1763080102.080222 182400
1763080102.080276 183600
1763080102.080310 184800
1763080102.080354 186000
1763080102.080388 187200
1763080102.080566 188400
1763080102.080675 189600
1763080102.080711 190800
1763080102.080745 192000
1763080102.080780 193200
1763080102.080947 194400
1763080102.081069 195600
1763080102.081106 196800
1763080102.081140 198000
1763080102.081175 199200
1763080102.081339 200400
1763080102.081459 201600
1763080102.081518 202800
1763080102.081550 204000
1763080102.081584 205200
1763080102.081688 206400
1763080102.081856 207600
1763080102.081889 208800
1763080102.081922 210000
1763080102.081954 211200
1763080102.082140 212400
1763080102.082223 213600
1763080102.082264 214800
1763080102.082296 216000
1763080102.082329 217200
1763080102.082433 218400
1763080102.082596 219600
1763080102.082634 220800
1763080102.082667 222000
1763080102.082698 223200
1763080102.082858 224400
1763080102.082929 225600
1763080102.083002 226800
1763080102.083059 228000
1763080102.083098 229200
1763080102.083158 230400
1763080102.083235 231600
1763080102.083303 232800
1763080102.083377 234000
1763080102.083530 235200
1763080102.083567 236400
1763080102.083600 237600
1763080102.083629 238800
1763080102.083797 240000
1763080102.083910 241200
1763080102.083941 242400
1763080102.083972 243600
1763080102.084003 244800
1763080102.084172 246000
1763080102.084281 247200
1763080102.084312 248400
1763080102.084343 249600
1763080102.084373 250800
1763080102.084488 252000
1763080102.084630 253200
1763080102.084664 254400
1763080102.084694 255600
1763080102.084724 256800
1763080102.084936 258000
1763080102.084974 259200
1763080102.085015 260400
1763080102.085046 261600
1763080102.085097 262800
1763080102.085219 264000
1763080102.085304 265200
1763080102.085427 266400
1763080102.085469 267600
1763080102.085504 268800
1763080102.085534 270000
1763080102.085671 271200
1763080102.085809 272400
1763080102.085841 273600
1763080102.085871 274800
1763080102.085904 276000
1763080102.086061 277200
1763080102.086181 278400
1763080102.086216 279600
1763080102.086248 280800
1763080102.086277 282000
1763080102.086404 283200
1763080102.086554 284400
1763080102.086585 285600
1763080102.086617 286800
1763080102.086648 288000
1763080102.086814 289200
1763080102.086917 290400
1763080102.086949 291600
1763080102.086978 292800
1763080102.087009 294000
1763080102.087138 295200
1763080102.087283 296400
1763080102.087315 297600
1763080102.087349 298800
1763080102.087379 300000
1763080102.087504 301200
1763080102.087656 302400
1763080102.087689 303600
1763080102.087719 304800
1763080102.087750 306000
1763080102.087952 307200
1763080102.088044 308400
1763080102.088074 309600
1763080102.088106 310800
1763080102.088138 312000
1763080102.088358 313200
1763080102.088439 314400
1763080102.088473 315600
1763080102.088505 316800
1763080102.088535 318000
1763080102.088700 319200
1763080102.088817 320400
1763080102.088849 321600
1763080102.088881 322800
1763080102.088911 324000
1763080102.089030 325200
1763080102.089198 326400
1763080102.089230 327600
1763080102.089267 328800
1763080102.089299 330000
1763080102.089378 331200
1763080102.089439 332400
1763080102.089486 333600
1763080102.089526 334800
1763080102.089583 336000
1763080102.089661 337200
1763080102.089719 338400
1763080102.089790 339600
1763080102.089863 340800
1763080102.089906 342000
1763080102.089968 343200
1763080102.090052 344400
1763080102.090111 345600
1763080102.090152 346800
1763080102.090191 348000
1763080102.090229 349200
1763080102.090277 350400
1763080102.090331 351600
1763080102.090368 352800
1763080102.090398 354000
1763080102.090454 355200
1763080102.090509 356400
1763080102.090550 357600
1763080102.090586 358800
1763080102.090615 360000
1763080102.090654 361200
1763080102.090686 362400
1763080102.090714 363600
1763080102.090751 364800
1763080102.090798 366000
1763080102.090835 367200
1763080102.090902 368400
1763080102.090950 369600
1763080102.090997 370800
1763080102.091026 372000
1763080102.091064 373200
1763080102.091107 374400
1763080102.091135 375600
1763080102.091165 376800
1763080102.091209 378000
1763080102.091265 379200
1763080102.091300 380400
1763080102.091335 381600
1763080102.091372 382800
1763080102.091409 384000
1763080102.091464 385200
1763080102.091499 386400
1763080102.091533 387600
1763080102.091567 388800
1763080102.091603 390000
1763080102.091643 391200
1763080102.091673 392400
1763080102.091707 393600
1763080102.091747 394800
1763080102.091791 396000
1763080102.091835 397200
1763080102.091867 398400
1763080102.091917 399600
1763080102.091946 400800
1763080102.092003 402000
1763080102.092050 403200
1763080102.092082 404400
1763080102.092124 405600
1763080102.092161 406800
1763080102.092200 408000
1763080102.092238 409200
1763080102.092279 410400
1763080102.092318 411600
1763080102.092355 412800
1763080102.092390 414000
1763080102.092434 415200
1763080102.092482 416400
1763080102.092513 417600
1763080102.092557 418800
1763080102.092589 420000
1763080102.092628 421200
1763080102.092656 422400
1763080102.092707 423600
1763080102.092785 424800
1763080102.092862 426000
1763080102.092973 427200
1763080102.093023 428400
1763080102.093061 429600
1763080102.093113 430800
1763080102.093151 432000
1763080102.093224 433200
1763080102.093304 434400
1763080102.093366 435600
1763080102.093420 436800
1763080102.093550 438000
1763080102.093806 439200
1763080102.093850 440400
1763080102.093889 441600
1763080102.093971 442800
1763080102.094014 444000
1763080102.094047 445200
1763080102.094137 446400
1763080102.094194 447600
1763080102.094251 448800
1763080102.094374 450000
1763080102.094404 451200
1763080102.094440 452400
1763080102.094514 453600
1763080102.094542 454800
1763080102.094630 456000
1763080102.094762 457200
1763080102.094802 458400
1763080102.094904 459600
1763080102.094933 460800
1763080102.094961 462000
1763080102.095048 463200
1763080102.095169 464400
1763080102.095208 465600
1763080102.095244 466800
1763080102.095332 468000
1763080102.095383 469200
1763080102.095450 470400
1763080102.095500 471600
1763080102.095552 472800
1763080102.095626 474000
1763080102.095672 475200
1763080102.095701 476400
1763080102.095750 477600
1763080102.095806 478800
1763080102.095873 480000
1763080102.095909 481200
1763080102.095952 482400
1763080102.096005 483600
1763080102.096085 484800
1763080102.096115 486000
1763080102.096145 487200
1763080102.096183 488400
1763080102.096221 489600
1763080102.096248 490800
1763080102.096277 492000
1763080102.096311 493200
1763080102.096360 494400
1763080102.096393 495600
1763080102.096453 496800
1763080102.096502 498000
1763080102.096556 499200
1763080102.096588 500400
1763080102.096627 501600
1763080102.096654 502800
1763080102.096690 504000
1763080102.096724 505200
1763080102.096760 506400
1763080102.096794 507600
1763080102.096831 508800
1763080102.096872 510000
1763080102.096903 511200
1763080102.096942 512400
1763080102.096976 513600
1763080102.097002 514800
1763080102.097028 516000
1763080102.097076 517200
1763080102.097106 518400
1763080102.097134 519600
1763080102.097179 520800
1763080102.097240 522000
1763080102.097273 523200
1763080102.097313 524400
1763080102.097350 525600
1763080102.097384 526800
1763080102.097420 528000
1763080102.097455 529200
1763080102.097500 530400
1763080102.097530 531600
1763080102.097569 532800
1763080102.097602 534000
1763080102.097639 535200
1763080102.097673 536400
1763080102.097721 537600
1763080102.097761 538800
1763080102.097792 540000
1763080102.097822 541200
1763080102.097858 542400
1763080102.097898 543600
1763080102.097944 544800
1763080102.097989 546000
1763080102.098029 547200
1763080102.098066 548400
1763080102.098098 549600
1763080102.098126 550800
1763080102.098161 552000
1763080102.098188 553200
1763080102.098223 554400
1763080102.098263 555600
1763080102.098300 556800
1763080102.098332 558000
1763080102.098358 559200
1763080102.098384 560400
1763080102.098426 561600
1763080102.098461 562800
1763080102.098503 564000
1763080102.098540 565200
1763080102.098572 566400
1763080102.098598 567600
1763080102.098635 568800
1763080102.098674 570000
1763080102.098703 571200
1763080102.098747 572400
1763080102.098788 573600
1763080102.098821 574800
1763080102.098869 576000
1763080102.098905 577200
1763080102.098969 578400
1763080102.099011 579600
1763080102.099041 580800
1763080102.099076 582000
1763080102.099111 583200
1763080102.099145 584400
1763080102.099193 585600
1763080102.099224 586800
1763080102.099264 588000
1763080102.099312 589200
1763080102.099342 590400
1763080102.099372 591600
1763080102.099405 592800
1763080102.099439 594000
1763080102.099485 595200
1763080102.099552 596400
1763080102.099586 597600
1763080102.099643 598800
1763080102.099696 600000
1763080102.099746 601200
1763080102.099830 602400
1763080102.099886 603600
1763080102.099928 604800
1763080102.099984 606000
1763080102.100019 607200
1763080102.100056 608400
1763080102.100114 609600
1763080102.100194 610800
1763080102.100243 612000
1763080102.100356 613200
1763080102.100387 614400
1763080102.100445 615600
1763080102.100473 616800
1763080102.100498 618000
1763080102.100524 619200
1763080102.100557 620400
1763080102.100591 621600
1763080102.100645 622800
1763080102.100676 624000
1763080102.100740 625200
1763080102.100797 626400
1763080102.100829 627600
1763080102.100856 628800
1763080102.100896 630000
1763080102.100929 631200
1763080102.100969 632400
1763080102.100999 633600
1763080102.101028 634800
1763080102.101075 636000
1763080102.101109 637200
1763080102.101144 638400
1763080102.101192 639600
1763080102.101225 640800
1763080102.101257 642000
1763080102.101291 643200
1763080102.101326 644400
1763080102.101362 645600
1763080102.101396 646800
1763080102.101449 648000
1763080102.101497 649200
1763080102.101526 650400
1763080102.101573 651600
1763080102.101613 652800
1763080102.101654 654000
1763080102.101698 655200
1763080102.101728 656400
1763080102.101760 657600
1763080102.101803 658800
1763080102.101851 660000
1763080102.101883 661200
1763080102.101942 662400
1763080102.101981 663600
1763080102.102018 664800
1763080102.102053 666000
1763080102.102082 667200
1763080102.102111 668400
1763080102.102145 669600
1763080102.102170 670800
1763080102.102202 672000
1763080102.102247 673200
1763080102.102286 674400
1763080102.102325 675600
1763080102.102364 676800
1763080102.102394 678000
1763080102.102423 679200
1763080102.102457 680400
1763080102.102491 681600
1763080102.102526 682800
1763080102.102573 684000
1763080102.102607 685200
1763080102.102642 686400
1763080102.102676 687600
1763080102.102713 688800
1763080102.102749 690000
1763080102.102784 691200
1763080102.102817 692400
1763080102.102852 693600
1763080102.102893 694800
1763080102.102940 696000
1763080102.102968 697200
1763080102.103001 698400
1763080102.103035 699600
1763080102.103084 700800
1763080102.103115 702000
1763080102.103158 703200
1763080102.103194 704400
1763080102.103229 705600
1763080102.103275 706800
1763080102.103307 708000
1763080102.103342 709200
1763080102.103374 710400
1763080102.103399 711600
1763080102.103444 712800
1763080102.103484 714000
1763080102.103524 715200
1763080102.103563 716400
1763080102.103603 717600
1763080102.103632 718800
1763080102.103687 720000
1763080102.103726 721200
1763080102.103760 722400
1763080102.103802 723600
1763080102.103841 724800
1763080102.103870 726000
1763080102.103900 727200
1763080102.103929 728400
1763080102.103969 729600
1763080102.104005 730800
1763080102.104041 732000
1763080102.104072 733200
1763080102.104106 734400
1763080102.104142 735600
1763080102.104185 736800
1763080102.104226 738000
1763080102.104262 739200
1763080102.104290 740400
1763080102.104340 741600
1763080102.104427 742800
1763080102.104458 744000
1763080102.104486 745200
1763080102.104535 746400
1763080102.104571 747600
1763080102.104610 748800
1763080102.104677 750000
1763080102.104788 751200
1763080102.104836 752400
1763080102.104893 753600
1763080102.104923 754800
1763080102.104999 756000
1763080102.105042 757200
1763080102.105107 758400
1763080102.105141 759600
1763080102.105185 760800
1763080102.105222 762000
1763080102.105306 763200
1763080102.105344 764400
1763080102.105410 765600
1763080102.105516 766800
1763080102.105561 768000
1763080102.105615 769200
1763080102.105671 770400
1763080102.105719 771600
1763080102.105804 772800
1763080102.105843 774000
1763080102.105878 775200
1763080102.105912 776400
1763080102.105939 777600
1763080102.105975 778800
1763080102.106016 780000
1763080102.106052 781200
1763080102.106087 782400
1763080102.106130 783600
1763080102.106197 784800
1763080102.106245 786000
1763080102.106275 787200
1763080102.106310 788400
1763080102.106346 789600
1763080102.106371 790800
1763080102.106399 792000
1763080102.106461 793200
1763080102.106490 794400
1763080102.106527 795600
1763080102.106576 796800
1763080102.106607 798000
1763080102.106636 799200
1763080102.106670 800400
1763080102.106702 801600
1763080102.106731 802800
1763080102.106758 804000
1763080102.106792 805200
1763080102.106819 806400
1763080102.106847 807600
1763080102.106879 808800
1763080102.106912 810000
1763080102.106945 811200
1763080102.106978 812400
1763080102.107025 813600
1763080102.107076 814800
1763080102.107115 816000
1763080102.107150 817200
1763080102.107177 818400
1763080102.107213 819600
1763080102.107295 820800
1763080102.107335 822000
1763080102.107384 823200
1763080102.107426 824400
1763080102.107456 825600
1763080102.107491 826800
1763080102.107528 828000
1763080102.107561 829200
1763080102.107595 830400
1763080102.107630 831600
1763080102.107655 832800
1763080102.107689 834000
1763080102.107738 835200
1763080102.107780 836400
1763080102.107811 837600
1763080102.107839 838800
1763080102.107872 840000
1763080102.107921 841200
1763080102.107958 842400
1763080102.108039 843600
1763080102.108066 844800
1763080102.108111 846000
1763080102.108151 847200
1763080102.108184 848400
1763080102.108220 849600
1763080102.108253 850800
1763080102.108291 852000
1763080102.108326 853200
1763080102.108361 854400
1763080102.108394 855600
1763080102.108444 856800
1763080102.108470 858000
1763080102.108504 859200
1763080102.108536 860400
1763080102.108570 861600
1763080102.108596 862800
1763080102.108629 864000
1763080102.108663 865200
1763080102.108744 866400
1763080102.108773 867600
1763080102.108812 868800
1763080102.108852 870000
1763080102.108892 871200
1763080102.108930 872400
1763080102.108965 873600
1763080102.109011 874800
1763080102.109058 876000
1763080102.109106 877200
1763080102.109164 878400
1763080102.109235 879600
1763080102.109290 880800
1763080102.109372 882000
1763080102.109400 883200
1763080102.109428 884400
1763080102.109474 885600
1763080102.109506 886800
1763080102.109599 888000
1763080102.109781 889200
1763080102.109917 890400
1763080102.109979 891600
1763080102.110157 892800
1763080102.110229 894000
1763080102.110302 895200
1763080102.110457 896400
1763080102.110538 897600
1763080102.110585 898800
1763080102.110640 900000
1763080102.110694 901200
1763080102.110725 902400
1763080102.110753 903600
1763080102.110820 904800
1763080102.110880 906000
1763080102.110930 907200
1763080102.110970 908400
1763080102.111000 909600
1763080102.111034 910800
1763080102.111069 912000
1763080102.111115 913200
1763080102.111158 914400
1763080102.111195 915600
1763080102.111232 916800
1763080102.111269 918000
1763080102.111302 919200
1763080102.111337 920400
1763080102.111376 921600
1763080102.111418 922800
1763080102.111458 924000
1763080102.111487 925200
1763080102.111515 926400
1763080102.111549 927600
1763080102.111583 928800
1763080102.111610 930000
1763080102.111638 931200
1763080102.111681 932400
1763080102.111718 933600
1763080102.111767 934800
1763080102.111804 936000
1763080102.111857 937200
1763080102.111908 938400
1763080102.111947 939600
1763080102.111980 940800
1763080102.112016 942000
1763080102.112063 943200
1763080102.112102 944400
1763080102.112135 945600
1763080102.112161 946800
1763080102.112195 948000
1763080102.112243 949200
1763080102.112288 950400
1763080102.112326 951600
1763080102.112357 952800
1763080102.112385 954000
1763080102.112426 955200
1763080102.112461 956400
1763080102.112512 957600
1763080102.112553 958800
1763080102.112589 960000
1763080102.112632 961200
1763080102.112671 962400
1763080102.112697 963600
1763080102.112728 964800
1763080102.112762 966000
1763080102.112807 967200
1763080102.112848 968400
1763080102.112874 969600
1763080102.112923 970800
1763080102.112967 972000
1763080102.112996 973200
1763080102.113045 974400
1763080102.113076 975600
1763080102.113102 976800
1763080102.113136 978000
1763080102.113171 979200
1763080102.113203 980400
1763080102.113272 981600
1763080102.113322 982800
1763080102.113360 984000
1763080102.113406 985200
1763080102.113450 986400
1763080102.113493 987600
1763080102.113555 988800
1763080102.113589 990000
1763080102.113624 991200
1763080102.113679 992400
1763080102.113709 993600
1763080102.113747 994800
1763080102.113792 996000
1763080102.113820 997200
1763080102.113860 998400
1763080102.113902 999600
1763080102.113930 1000800
1763080102.113961 1002000
1763080102.113994 1003200
1763080102.114021 1003229
