1763080088.293461 1200
1763080088.293942 2400
1763080088.294293 3600
1763080088.294605 4800
1763080088.294908 6000
1763080088.295197 7200
1763080088.295498 8400
1763080088.295794 9600
1763080088.296088 10800
1763080088.296379 12000
1763080088.296667 13200
1763080088.296950 14400
1763080088.297247 15600
1763080088.297548 16800
1763080088.297850 18000
1763080088.298149 19200
1763080088.298374 20400
1763080088.298621 21600
1763080088.298816 22800
1763080088.299003 24000
1763080088.299274 25200
1763080088.299539 26400
1763080088.299845 27600
1763080088.300140 28800
1763080088.300421 30000
1763080088.300700 31200
1763080088.300977 32400
1763080088.301268 33600
1763080088.301555 34800
1763080088.301840 36000
1763080088.302113 37200
1763080088.302390 38400
1763080088.302674 39600
1763080088.302952 40800
1763080088.303177 42000
1763080088.303378 43200
1763080088.303577 44400
1763080088.303762 45600
1763080088.303961 46800
1763080088.304155 48000
1763080088.304346 49200
1763080088.304524 50400
1763080088.304713 51600
1763080088.304900 52800
1763080088.305092 54000
1763080088.305285 55200
1763080088.305491 56400
1763080088.305690 57600
1763080088.305887 58800
1763080088.306070 60000
1763080088.306276 61200
1763080088.306471 62400
1763080088.306672 63600
1763080088.306871 64800
1763080088.307097 66000
1763080088.307337 67200
1763080088.307579 68400
1763080088.307813 69600
1763080088.308067 70800
1763080088.308302 72000
1763080088.308499 73200
1763080088.308692 74400
1763080088.308889 75600
1763080088.309074 76800
1763080088.309277 78000
1763080088.309457 79200
1763080088.309642 80400
1763080088.309828 81600
1763080088.310028 82800
1763080088.310217 84000
1763080088.310413 85200
1763080088.310595 86400
1763080088.310781 87600
1763080088.310961 88800
1763080088.311158 90000
1763080088.311360 91200
1763080088.311555 92400
1763080088.311751 93600
1763080088.311954 94800
1763080088.312144 96000
1763080088.312346 97200
1763080088.312559 98400
1763080088.312748 99600
1763080088.312925 100800
1763080088.313263 102000
1763080088.313813 103200
1763080088.314155 104400
1763080088.314374 105600
1763080088.314588 106800
1763080088.314785 108000
1763080088.314992 109200
1763080088.315229 110400
1763080088.315427 111600
1763080088.315623 112800
1763080088.315829 114000
1763080088.316040 115200
1763080088.316241 116400
1763080088.316423 117600
1763080088.316618 118800
1763080088.316823 120000
1763080088.317017 121200
1763080088.317224 122400
1763080088.317403 123600
1763080088.317582 124800
1763080088.317758 126000
1763080088.317921 127200
1763080088.318105 128400
1763080088.318278 129600
1763080088.318452 130800
1763080088.318620 132000
1763080088.318790 133200
1763080088.318948 134400
1763080088.319130 135600
1763080088.319291 136800
1763080088.319482 138000
1763080088.319661 139200
1763080088.319859 140400
1763080088.320041 141600
1763080088.320230 142800
1763080088.320434 144000
1763080088.320614 145200
1763080088.320795 146400
1763080088.320973 147600
1763080088.321140 148800
1763080088.321332 150000
1763080088.321529 151200
1763080088.321719 152400
1763080088.321924 153600
1763080088.322127 154800
1763080088.322307 156000
1763080088.322495 157200
1763080088.322669 158400
1763080088.322783 159600
1763080088.322883 160800
1763080088.322974 162000
1763080088.323079 163200
1763080088.323214 164400
1763080088.323313 165600
1763080088.323402 166800
1763080088.323493 168000
1763080088.323597 169200
1763080088.323696 170400
1763080088.323793 171600
1763080088.323889 172800
1763080088.323989 174000
1763080088.324081 175200
1763080088.324175 176400
1763080088.324273 177600
1763080088.324371 178800
1763080088.324461 180000
1763080088.324551 181200
1763080088.324648 182400
1763080088.324743 183600
1763080088.324836 184800
1763080088.324938 186000
1763080088.325043 187200
1763080088.325143 188400
1763080088.325247 189600
1763080088.325338 190800
1763080088.325427 192000
1763080088.325543 193200
1763080088.325645 194400
1763080088.325738 195600
1763080088.325830 196800
1763080088.325917 198000
1763080088.326008 199200
1763080088.326100 200400
1763080088.326187 201600
1763080088.326301 202800
1763080088.326396 204000
1763080088.326487 205200
1763080088.326583 206400
1763080088.326698 207600
1763080088.326805 208800
1763080088.326902 210000
1763080088.326989 211200
1763080088.327078 212400
1763080088.327176 213600
1763080088.327276 214800
1763080088.327377 216000
1763080088.327506 217200
1763080088.327692 218400
1763080088.327800 219600
1763080088.327910 220800
1763080088.328049 222000
1763080088.328217 223200
1763080088.328353 224400
1763080088.328453 225600
1763080088.328544 226800
1763080088.328643 228000
1763080088.328747 229200
1763080088.328837 230400
1763080088.328928 231600
1763080088.329025 232800
1763080088.329117 234000
1763080088.329205 235200
1763080088.329299 236400
1763080088.329395 237600
1763080088.329491 238800
1763080088.329584 240000
1763080088.329676 241200
1763080088.329768 242400
1763080088.329867 243600
1763080088.329959 244800
1763080088.330044 246000
1763080088.330162 247200
1763080088.330264 248400
1763080088.330354 249600
1763080088.330665 250800
1763080088.330819 252000
1763080088.330959 253200
1763080088.331066 254400
1763080088.331264 255600
1763080088.331430 256800
1763080088.331625 258000
1763080088.331805 259200
1763080088.331938 260400
1763080088.332038 261600
1763080088.332149 262800
1763080088.332259 264000
1763080088.332374 265200
1763080088.332467 266400
1763080088.332561 267600
1763080088.332655 268800
1763080088.332754 270000
1763080088.332850 271200
1763080088.332942 272400
1763080088.333028 273600
1763080088.333130 274800
1763080088.333230 276000
1763080088.333325 277200
1763080088.333421 278400
1763080088.333522 279600
1763080088.333617 280800
1763080088.333709 282000
1763080088.333799 283200
1763080088.333900 284400
1763080088.334008 285600
1763080088.334090 286800
1763080088.334194 288000
1763080088.334287 289200
1763080088.334380 290400
1763080088.334483 291600
1763080088.334572 292800
1763080088.334663 294000
1763080088.334753 295200
1763080088.334847 296400
1763080088.334938 297600
1763080088.335026 298800
1763080088.335117 300000
1763080088.335208 301200
1763080088.335302 302400
1763080088.335400 303600
1763080088.335521 304800
1763080088.335625 306000
1763080088.335729 307200
1763080088.335827 308400
1763080088.335944 309600
1763080088.336045 310800
1763080088.336145 312000
1763080088.336238 313200
1763080088.336333 314400
1763080088.336441 315600
1763080088.336555 316800
1763080088.336662 318000
1763080088.336762 319200
1763080088.336858 320400
1763080088.336949 321600
1763080088.337043 322800
1763080088.337135 324000
1763080088.337223 325200
1763080088.337312 326400
1763080088.337395 327600
1763080088.337491 328800
1763080088.337588 330000
1763080088.337673 331200
1763080088.337778 332400
1763080088.337869 333600
1763080088.337962 334800
1763080088.338045 336000
1763080088.338155 337200
1763080088.338383 338400
1763080088.338504 339600
1763080088.338663 340800
1763080088.338759 342000
1763080088.338887 343200
1763080088.338997 344400
1763080088.339091 345600
1763080088.339185 346800
1763080088.339286 348000
1763080088.339380 349200
1763080088.339474 350400
1763080088.339564 351600
1763080088.339663 352800
1763080088.339751 354000
1763080088.339837 355200
1763080088.339926 356400
1763080088.340016 357600
1763080088.340099 358800
1763080088.340180 360000
1763080088.340266 361200
1763080088.340351 362400
1763080088.340441 363600
1763080088.340532 364800
1763080088.340624 366000
1763080088.340709 367200
1763080088.340794 368400
1763080088.340883 369600
1763080088.340997 370800
1763080088.341099 372000
1763080088.341184 373200
1763080088.341266 374400
1763080088.341355 375600
1763080088.341444 376800
1763080088.341560 378000
1763080088.341658 379200
1763080088.341759 380400
1763080088.341851 381600
1763080088.341936 382800
1763080088.342026 384000
1763080088.342112 385200
1763080088.342199 386400
1763080088.342300 387600
1763080088.342402 388800
1763080088.342490 390000
1763080088.342588 391200
1763080088.342680 392400
1763080088.342777 393600
1763080088.342863 394800
1763080088.342947 396000
1763080088.343027 397200
1763080088.343162 398400
1763080088.343324 399600
1763080088.343426 400800
1763080088.343530 402000
1763080088.343628 403200
1763080088.343727 404400
1763080088.343817 405600
1763080088.343907 406800
1763080088.343999 408000
1763080088.344083 409200
1763080088.344174 410400
1763080088.344256 411600
1763080088.344347 412800
1763080088.344441 414000
1763080088.344523 415200
1763080088.344620 416400
1763080088.344710 417600
1763080088.344807 418800
1763080088.344892 420000
1763080088.344980 421200
1763080088.345071 422400
1763080088.345157 423600
1763080088.345245 424800
1763080088.345337 426000
1763080088.345432 427200
1763080088.345517 428400
1763080088.345614 429600
1763080088.345698 430800
1763080088.345791 432000
1763080088.345880 433200
1763080088.345969 434400
1763080088.346057 435600
1763080088.346164 436800
1763080088.346270 438000
1763080088.346362 439200
1763080088.346464 440400
1763080088.346596 441600
1763080088.346691 442800
1763080088.346802 444000
1763080088.346900 445200
1763080088.346993 446400
1763080088.347108 447600
1763080088.347204 448800
1763080088.347290 450000
1763080088.347405 451200
1763080088.347496 452400
1763080088.347602 453600
1763080088.347706 454800
1763080088.347809 456000
1763080088.347901 457200
1763080088.348005 458400
1763080088.348118 459600
1763080088.348224 460800
1763080088.348341 462000
1763080088.348500 463200
1763080088.348943 464400
1763080088.349261 465600
1763080088.349480 466800
1763080088.349584 468000
1763080088.349692 469200
1763080088.349837 470400
1763080088.349961 471600
1763080088.350091 472800
1763080088.350195 474000
1763080088.350300 475200
1763080088.350391 476400
1763080088.350481 477600
1763080088.350571 478800
1763080088.350674 480000
1763080088.350766 481200
1763080088.350887 482400
1763080088.350989 483600
1763080088.351081 484800
1763080088.351168 486000
1763080088.351259 487200
1763080088.351344 488400
1763080088.351429 489600
1763080088.351523 490800
1763080088.351619 492000
1763080088.351707 493200
1763080088.351806 494400
1763080088.351897 495600
1763080088.351988 496800
1763080088.352072 498000
1763080088.352162 499200
1763080088.352250 500400
1763080088.352338 501600
1763080088.352421 502800
1763080088.352505 504000
1763080088.352597 505200
1763080088.352697 506400
1763080088.352788 507600
1763080088.352896 508800
1763080088.352981 510000
1763080088.353068 511200
1763080088.353164 512400
1763080088.353264 513600
1763080088.353352 514800
1763080088.353433 516000
1763080088.353526 517200
1763080088.353636 518400
1763080088.353727 519600
1763080088.353816 520800
1763080088.353902 522000
1763080088.353988 523200
1763080088.354075 524400
1763080088.354165 525600
1763080088.354289 526800
1763080088.354383 528000
1763080088.354476 529200
1763080088.354563 530400
1763080088.354668 531600
1763080088.354766 532800
1763080088.354853 534000
1763080088.354944 535200
1763080088.355044 536400
1763080088.355139 537600
1763080088.355233 538800
1763080088.355323 540000
1763080088.355431 541200
1763080088.355518 542400
1763080088.355603 543600
1763080088.355687 544800
1763080088.355777 546000
1763080088.355865 547200
1763080088.355951 548400
1763080088.356033 549600
1763080088.356120 550800
1763080088.356219 552000
1763080088.356305 553200
1763080088.356392 554400
1763080088.356475 555600
1763080088.356558 556800
1763080088.356643 558000
1763080088.356734 559200
1763080088.356817 560400
1763080088.356898 561600
1763080088.356981 562800
1763080088.357066 564000
1763080088.357147 565200
1763080088.357230 566400
1763080088.357318 567600
1763080088.357405 568800
1763080088.357492 570000
1763080088.357575 571200
1763080088.357656 572400
1763080088.357747 573600
1763080088.357832 574800
1763080088.357919 576000
1763080088.358005 577200
1763080088.358110 578400
1763080088.358207 579600
1763080088.358302 580800
1763080088.358390 582000
1763080088.358477 583200
1763080088.358587 584400
1763080088.358680 585600
1763080088.358765 586800
1763080088.358847 588000
1763080088.358937 589200
1763080088.359032 590400
1763080088.359114 591600
1763080088.359220 592800
1763080088.359311 594000
1763080088.359400 595200
1763080088.359514 596400
1763080088.359606 597600
1763080088.359699 598800
1763080088.359791 600000
1763080088.359881 601200
1763080088.359996 602400
1763080088.360091 603600
1763080088.360195 604800
1763080088.360337 606000
1763080088.360597 607200
1763080088.360715 608400
1763080088.360811 609600
1763080088.360977 610800
1763080088.361078 612000
1763080088.361182 613200
1763080088.361282 614400
1763080088.361375 615600
1763080088.361461 616800
1763080088.361551 618000
1763080088.361644 619200
1763080088.361733 620400
1763080088.361820 621600
1763080088.361908 622800
1763080088.361998 624000
1763080088.362092 625200
1763080088.362184 626400
1763080088.362278 627600
1763080088.362367 628800
1763080088.362455 630000
1763080088.362537 631200
1763080088.362627 632400
1763080088.362716 633600
1763080088.362802 634800
1763080088.362887 636000
1763080088.362973 637200
1763080088.363053 638400
1763080088.363151 639600
1763080088.363248 640800
1763080088.363340 642000
1763080088.363432 643200
1763080088.363546 644400
1763080088.363664 645600
1763080088.363753 646800
1763080088.363859 648000
1763080088.363950 649200
1763080088.364043 650400
1763080088.364131 651600
1763080088.364216 652800
1763080088.364311 654000
1763080088.364402 655200
1763080088.364489 656400
1763080088.364575 657600
1763080088.364664 658800
1763080088.364753 660000
1763080088.364843 661200
1763080088.364924 662400
1763080088.365016 663600
1763080088.365101 664800
1763080088.365184 666000
1763080088.365290 667200
1763080088.365380 668400
1763080088.365465 669600
1763080088.365552 670800
1763080088.365640 672000
1763080088.365725 673200
1763080088.365812 674400
1763080088.365898 675600
1763080088.365987 676800
1763080088.366075 678000
1763080088.366167 679200
1763080088.366250 680400
1763080088.366334 681600
1763080088.366423 682800
1763080088.366508 684000
1763080088.366591 685200
1763080088.366676 686400
1763080088.366759 687600
1763080088.366851 688800
1763080088.366934 690000
1763080088.367014 691200
1763080088.367101 692400
1763080088.367188 693600
1763080088.367281 694800
1763080088.367366 696000
1763080088.367465 697200
1763080088.367558 698400
1763080088.367646 699600
1763080088.367736 700800
1763080088.367825 702000
1763080088.367907 703200
1763080088.367991 704400
1763080088.368098 705600
1763080088.368189 706800
1763080088.368276 708000
1763080088.368363 709200
1763080088.368444 710400
1763080088.368560 711600
1763080088.368648 712800
1763080088.368736 714000
1763080088.368820 715200
1763080088.368904 716400
1763080088.368989 717600
1763080088.369069 718800
1763080088.369161 720000
1763080088.369254 721200
1763080088.369346 722400
1763080088.369436 723600
1763080088.369540 724800
1763080088.369626 726000
1763080088.369709 727200
1763080088.369798 728400
1763080088.369892 729600
1763080088.370023 730800
1763080088.370114 732000
1763080088.370200 733200
1763080088.370290 734400
1763080088.370372 735600
1763080088.370454 736800
1763080088.370542 738000
1763080088.370631 739200
1763080088.370716 740400
1763080088.370802 741600
1763080088.370887 742800
1763080088.370978 744000
1763080088.371068 745200
1763080088.371153 746400
1763080088.371243 747600
1763080088.371330 748800
1763080088.371413 750000
1763080088.371498 751200
1763080088.371583 752400
1763080088.371675 753600
1763080088.371767 754800
1763080088.371847 756000
1763080088.371928 757200
1763080088.372019 758400
1763080088.372107 759600
1763080088.372195 760800
1763080088.372279 762000
1763080088.372369 763200
1763080088.372455 764400
1763080088.372542 765600
1763080088.372629 766800
1763080088.372714 768000
1763080088.372797 769200
1763080088.372882 770400
1763080088.372968 771600
1763080088.373074 772800
1763080088.373168 774000
1763080088.373258 775200
1763080088.373346 776400
1763080088.373436 777600
1763080088.373552 778800
1763080088.373638 780000
1763080088.373731 781200
1763080088.373817 782400
1763080088.373903 783600
1763080088.373992 784800
1763080088.374077 786000
1763080088.374170 787200
1763080088.374267 788400
1763080088.374358 789600
1763080088.374442 790800
1763080088.374529 792000
1763080088.374659 793200
1763080088.374748 794400
1763080088.374839 795600
1763080088.374924 796800
1763080088.375014 798000
1763080088.375097 799200
1763080088.375178 800400
1763080088.375265 801600
1763080088.375356 802800
1763080088.375443 804000
1763080088.375525 805200
1763080088.375625 806400
1763080088.375717 807600
1763080088.375803 808800
1763080088.375891 810000
1763080088.375981 811200
1763080088.376062 812400
1763080088.376147 813600
1763080088.376232 814800
1763080088.376316 816000
1763080088.376398 817200
1763080088.376483 818400
1763080088.376601 819600
1763080088.376713 820800
1763080088.376800 822000
1763080088.376889 823200
1763080088.376978 824400
1763080088.377080 825600
1763080088.377185 826800
1763080088.377275 828000
1763080088.377404 829200
1763080088.377551 830400
1763080088.377669 831600
1763080088.377754 832800
1763080088.377838 834000
1763080088.377923 835200
1763080088.378074 836400
1763080088.378189 837600
1763080088.378298 838800
1763080088.378389 840000
1763080088.378478 841200
1763080088.378567 842400
1763080088.378654 843600
1763080088.378740 844800
1763080088.378847 846000
1763080088.378958 847200
1763080088.379048 848400
1763080088.379134 849600
1763080088.379219 850800
1763080088.379315 852000
1763080088.379405 853200
1763080088.379497 854400
1763080088.379587 855600
1763080088.379675 856800
1763080088.379761 858000
1763080088.379850 859200
1763080088.379940 860400
1763080088.380034 861600
1763080088.380120 862800
1763080088.380210 864000
1763080088.380302 865200
1763080088.380387 866400
1763080088.380469 867600
1763080088.380555 868800
1763080088.380652 870000
1763080088.380734 871200
1763080088.380822 872400
1763080088.380906 873600
1763080088.380989 874800
1763080088.381076 876000
1763080088.381165 877200
1763080088.381252 878400
1763080088.381339 879600
1763080088.381423 880800
1763080088.381511 882000
1763080088.381598 883200
1763080088.381687 884400
1763080088.381771 885600
1763080088.381854 886800
1763080088.381941 888000
1763080088.382026 889200
1763080088.382117 890400
1763080088.382205 891600
1763080088.382290 892800
1763080088.382376 894000
1763080088.382462 895200
1763080088.382545 896400
1763080088.382629 897600
1763080088.382718 898800
1763080088.382803 900000
1763080088.382889 901200
1763080088.382971 902400
1763080088.383072 903600
1763080088.383162 904800
1763080088.383250 906000
1763080088.383345 907200
1763080088.383433 908400
1763080088.383541 909600
1763080088.383634 910800
1763080088.383728 912000
1763080088.383824 913200
1763080088.383925 914400
1763080088.384028 915600
1763080088.384135 916800
1763080088.384228 918000
1763080088.384310 919200
1763080088.384397 920400
1763080088.384484 921600
1763080088.384569 922800
1763080088.384656 924000
1763080088.384743 925200
1763080088.384828 926400
1763080088.384917 927600
1763080088.385002 928800
1763080088.385083 930000
1763080088.385174 931200
1763080088.385261 932400
1763080088.385349 933600
1763080088.385439 934800
1763080088.385530 936000
1763080088.385632 937200
1763080088.385722 938400
1763080088.385813 939600
1763080088.385895 940800
1763080088.385988 942000
1763080088.386077 943200
1763080088.386173 944400
1763080088.386266 945600
1763080088.386355 946800
1763080088.386440 948000
1763080088.386543 949200
1763080088.386644 950400
1763080088.386739 951600
1763080088.386826 952800
1763080088.386909 954000
1763080088.386997 955200
1763080088.387088 956400
1763080088.387173 957600
1763080088.387255 958800
1763080088.387341 960000
1763080088.387426 961200
1763080088.387509 962400
1763080088.387598 963600
1763080088.387682 964800
1763080088.387774 966000
1763080088.387862 967200
1763080088.387949 968400
1763080088.388032 969600
1763080088.388140 970800
1763080088.388230 972000
1763080088.388319 973200
1763080088.388405 974400
1763080088.388526 975600
1763080088.388618 976800
1763080088.388704 978000
1763080088.388793 979200
1763080088.388879 980400
1763080088.388966 981600
1763080088.389046 982800
1763080088.389132 984000
1763080088.389220 985200
1763080088.389302 986400
1763080088.389383 987600
1763080088.389488 988800
1763080088.389568 990000
1763080088.389656 991200
1763080088.389747 992400
1763080088.389836 993600
1763080088.389923 994800
1763080088.390008 996000
1763080088.390092 997200
1763080088.390182 998400
1763080088.390274 999600
1763080088.390360 1000800
1763080088.390442 1002000
1763080088.390528 1003200
1763080088.390613 1003229
