1763080108.939011 1200
1763080108.939154 2400
1763080108.939214 3600
1763080108.939265 4800
1763080108.939329 6000
1763080108.939412 7200
1763080108.939480 8400
1763080108.939527 9600
1763080108.939612 10800
1763080108.939718 12000
1763080108.939954 13200
1763080108.940066 14400
1763080108.940119 15600
1763080108.940162 16800
1763080108.940203 18000
1763080108.940288 19200
1763080108.940410 20400
1763080108.940497 21600
1763080108.940625 22800
1763080108.940670 24000
1763080108.940713 25200
1763080108.940755 26400
1763080108.940794 27600
1763080108.940877 28800
1763080108.940970 30000
1763080108.941028 31200
1763080108.941119 32400
1763080108.941166 33600
1763080108.941301 34800
1763080108.941396 36000
1763080108.941439 37200
1763080108.941478 38400
1763080108.941572 39600
1763080108.941653 40800
1763080108.941823 42000
1763080108.941900 43200
1763080108.941943 44400
1763080108.942021 45600
1763080108.942105 46800
1763080108.942182 48000
1763080108.942227 49200
1763080108.942276 50400
1763080108.942314 51600
1763080108.942460 52800
1763080108.942556 54000
1763080108.942614 55200
1763080108.942720 56400
1763080108.942839 57600
1763080108.942916 58800
1763080108.942960 60000
1763080108.943042 61200
1763080108.943126 62400
1763080108.943207 63600
1763080108.943293 64800
1763080108.943384 66000
1763080108.943600 67200
1763080108.943730 68400
1763080108.943775 69600
1763080108.943823 70800
1763080108.943859 72000
1763080108.943896 73200
1763080108.943931 74400
1763080108.944029 75600
1763080108.944175 76800
1763080108.944297 78000
1763080108.944411 79200
1763080108.944454 80400
1763080108.944546 81600
1763080108.944812 82800
1763080108.945200 84000
1763080108.945301 85200
1763080108.945340 86400
1763080108.945398 87600
1763080108.945466 88800
1763080108.945512 90000
1763080108.945552 91200
1763080108.945590 92400
1763080108.945626 93600
1763080108.945694 94800
1763080108.945820 96000
1763080108.945902 97200
1763080108.946055 98400
1763080108.946128 99600
1763080108.946169 100800
1763080108.946206 102000
1763080108.946242 103200
1763080108.946277 104400
1763080108.946359 105600
1763080108.946402 106800
1763080108.946452 108000
1763080108.946516 109200
1763080108.946560 110400
1763080108.946627 111600
1763080108.946669 112800
1763080108.946733 114000
1763080108.946909 115200
1763080108.946951 116400
1763080108.947026 117600
1763080108.947067 118800
1763080108.947136 120000
1763080108.947173 121200
1763080108.947253 122400
1763080108.947330 123600
1763080108.947402 124800
1763080108.947481 126000
1763080108.947576 127200
1763080108.947688 128400
1763080108.947745 129600
1763080108.947808 130800
1763080108.947854 132000
1763080108.947890 133200
1763080108.947925 134400
1763080108.948007 135600
1763080108.948174 136800
1763080108.948262 138000
1763080108.948384 139200
1763080108.948448 140400
1763080108.948488 141600
1763080108.948524 142800
1763080108.948558 144000
1763080108.948594 145200
1763080108.948642 146400
1763080108.948789 147600
1763080108.948867 148800
1763080108.949112 150000
1763080108.949157 151200
1763080108.949199 152400
1763080108.949235 153600
1763080108.949271 154800
1763080108.949421 156000
1763080108.949492 157200
1763080108.949534 158400
1763080108.949568 159600
1763080108.949603 160800
1763080108.949636 162000
1763080108.949765 163200
1763080108.949853 164400
1763080108.950009 165600
1763080108.950079 166800
1763080108.950152 168000
1763080108.950189 169200
1763080108.950266 170400
1763080108.950401 171600
1763080108.950441 172800
1763080108.950477 174000
1763080108.950511 175200
1763080108.950545 176400
1763080108.950579 177600
1763080108.950664 178800
1763080108.950741 180000
1763080108.950823 181200
1763080108.950899 182400
1763080108.951061 183600
1763080108.951191 184800
1763080108.951226 186000
1763080108.951260 187200
1763080108.951296 188400
1763080108.951330 189600
1763080108.951365 190800
1763080108.951447 192000
1763080108.951541 193200
1763080108.951615 194400
1763080108.951692 195600
1763080108.951908 196800
1763080108.951944 198000
1763080108.951976 199200
1763080108.952008 200400
1763080108.952040 201600
1763080108.952099 202800
1763080108.952189 204000
1763080108.952320 205200
1763080108.952455 206400
1763080108.952523 207600
1763080108.952603 208800
1763080108.952670 210000
1763080108.952706 211200
1763080108.952737 212400
1763080108.952815 213600
1763080108.952861 214800
1763080108.952923 216000
1763080108.952960 217200
1763080108.952991 218400
1763080108.953161 219600
1763080108.953247 220800
1763080108.953456 222000
1763080108.953492 223200
1763080108.953527 224400
1763080108.953558 225600
1763080108.953589 226800
1763080108.953623 228000
1763080108.953755 229200
1763080108.953855 230400
1763080108.953989 231600
1763080108.954031 232800
1763080108.954093 234000
1763080108.954127 235200
1763080108.954160 236400
1763080108.954191 237600
1763080108.954253 238800
1763080108.954394 240000
1763080108.954544 241200
1763080108.954635 242400
1763080108.954675 243600
1763080108.954706 244800
1763080108.954741 246000
1763080108.954774 247200
1763080108.954807 248400
1763080108.954884 249600
1763080108.954974 250800
1763080108.955047 252000
1763080108.955117 253200
1763080108.955164 254400
1763080108.955226 255600
1763080108.955266 256800
1763080108.955333 258000
1763080108.955373 259200
1763080108.955441 260400
1763080108.955481 261600
1763080108.955550 262800
1763080108.955589 264000
1763080108.955793 265200
1763080108.955954 266400
1763080108.955990 267600
1763080108.956023 268800
1763080108.956054 270000
1763080108.956086 271200
1763080108.956116 272400
1763080108.956307 273600
1763080108.956466 274800
1763080108.956497 276000
1763080108.956532 277200
1763080108.956563 278400
1763080108.956599 279600
1763080108.956633 280800
1763080108.956725 282000
1763080108.956941 283200
1763080108.956975 284400
1763080108.957011 285600
1763080108.957078 286800
1763080108.957115 288000
1763080108.957149 289200
1763080108.957183 290400
1763080108.957261 291600
1763080108.957347 292800
1763080108.957574 294000
1763080108.957611 295200
1763080108.957643 296400
1763080108.957672 297600
1763080108.957703 298800
1763080108.957731 300000
1763080108.957945 301200
1763080108.958016 302400
1763080108.958096 303600
1763080108.958159 304800
1763080108.958190 306000
1763080108.958220 307200
1763080108.958250 308400
1763080108.958279 309600
1763080108.958433 310800
1763080108.958561 312000
1763080108.958615 313200
1763080108.958676 314400
1763080108.958728 315600
1763080108.958781 316800
1763080108.958962 318000
1763080108.959056 319200
1763080108.959193 320400
1763080108.959227 321600
1763080108.959259 322800
1763080108.959291 324000
1763080108.959322 325200
1763080108.959353 326400
1763080108.959578 327600
1763080108.959792 328800
1763080108.959916 330000
1763080108.960081 331200
1763080108.960128 332400
1763080108.960164 333600
1763080108.960195 334800
1763080108.960226 336000
1763080108.960259 337200
1763080108.960348 338400
1763080108.960428 339600
1763080108.960552 340800
1763080108.960750 342000
1763080108.960794 343200
1763080108.960832 344400
1763080108.960865 345600
1763080108.960896 346800
1763080108.960926 348000
1763080108.960994 349200
1763080108.961114 350400
1763080108.961219 351600
1763080108.961280 352800
1763080108.961343 354000
1763080108.961392 355200
1763080108.961422 356400
1763080108.961622 357600
1763080108.961765 358800
1763080108.961799 360000
1763080108.961834 361200
1763080108.961865 362400
1763080108.961895 363600
1763080108.961924 364800
1763080108.962233 366000
1763080108.962267 367200
1763080108.962299 368400
1763080108.962330 369600
1763080108.962359 370800
1763080108.962388 372000
1763080108.962417 373200
1763080108.962582 374400
1763080108.962695 375600
1763080108.962832 376800
1763080108.962865 378000
1763080108.962896 379200
1763080108.962929 380400
1763080108.962989 381600
1763080108.963026 382800
1763080108.963057 384000
1763080108.963131 385200
1763080108.963223 386400
1763080108.963436 387600
1763080108.963474 388800
1763080108.963506 390000
1763080108.963551 391200
1763080108.963610 392400
1763080108.963645 393600
1763080108.963679 394800
1763080108.963733 396000
1763080108.963785 397200
1763080108.963814 398400
1763080108.963881 399600
1763080108.963911 400800
1763080108.963940 402000
1763080108.964006 403200
1763080108.964041 404400
1763080108.964074 405600
1763080108.964103 406800
1763080108.964157 408000
1763080108.964190 409200
1763080108.964223 410400
1763080108.964259 411600
1763080108.964295 412800
1763080108.964330 414000
1763080108.964367 415200
1763080108.964413 416400
1763080108.964447 417600
1763080108.964481 418800
1763080108.964519 420000
1763080108.964556 421200
1763080108.964584 422400
1763080108.964614 423600
1763080108.964647 424800
1763080108.964701 426000
1763080108.964748 427200
1763080108.964787 428400
1763080108.964818 429600
1763080108.964853 430800
1763080108.964904 432000
1763080108.964947 433200
1763080108.964992 434400
1763080108.965025 435600
1763080108.965066 436800
1763080108.965117 438000
1763080108.965160 439200
1763080108.965194 440400
1763080108.965234 441600
1763080108.965279 442800
1763080108.965309 444000
1763080108.965358 445200
1763080108.965396 446400
1763080108.965436 447600
1763080108.965470 448800
1763080108.965519 450000
1763080108.965558 451200
1763080108.965595 452400
1763080108.965634 453600
1763080108.965675 454800
1763080108.965724 456000
1763080108.965780 457200
1763080108.965818 458400
1763080108.965861 459600
1763080108.965894 460800
1763080108.965949 462000
1763080108.965980 463200
1763080108.966010 464400
1763080108.966048 465600
1763080108.966118 466800
1763080108.966170 468000
1763080108.966212 469200
1763080108.966248 470400
1763080108.966285 471600
1763080108.966373 472800
1763080108.966412 474000
1763080108.966469 475200
1763080108.966530 476400
1763080108.966563 477600
1763080108.966607 478800
1763080108.966664 480000
1763080108.966697 481200
1763080108.966734 482400
1763080108.966770 483600
1763080108.966811 484800
1763080108.966839 486000
1763080108.966875 487200
1763080108.966918 488400
1763080108.966952 489600
1763080108.966987 490800
1763080108.967025 492000
1763080108.967082 493200
1763080108.967121 494400
1763080108.967179 495600
1763080108.967212 496800
1763080108.967263 498000
1763080108.967303 499200
1763080108.967344 500400
1763080108.967373 501600
1763080108.967458 502800
1763080108.967493 504000
1763080108.967525 505200
1763080108.967561 506400
1763080108.967603 507600
1763080108.967664 508800
1763080108.967722 510000
1763080108.967765 511200
1763080108.967809 512400
1763080108.967864 513600
1763080108.967899 514800
1763080108.967952 516000
1763080108.967987 517200
1763080108.968037 518400
1763080108.968073 519600
1763080108.968110 520800
1763080108.968146 522000
1763080108.968182 523200
1763080108.968213 524400
1763080108.968248 525600
1763080108.968276 526800
1763080108.968311 528000
1763080108.968339 529200
1763080108.968457 530400
1763080108.968497 531600
1763080108.968544 532800
1763080108.968591 534000
1763080108.968625 535200
1763080108.968664 536400
1763080108.968708 537600
1763080108.968775 538800
1763080108.968830 540000
1763080108.968870 541200
1763080108.968899 542400
1763080108.968935 543600
1763080108.968971 544800
1763080108.969035 546000
1763080108.969090 547200
1763080108.969214 548400
1763080108.969252 549600
1763080108.969306 550800
1763080108.969356 552000
1763080108.969403 553200
1763080108.969499 554400
1763080108.969554 555600
1763080108.969585 556800
1763080108.969646 558000
1763080108.969715 559200
1763080108.969742 560400
1763080108.969787 561600
1763080108.969831 562800
1763080108.969875 564000
1763080108.969920 565200
1763080108.969976 566400
1763080108.970012 567600
1763080108.970049 568800
1763080108.970076 570000
1763080108.970109 571200
1763080108.970143 572400
1763080108.970173 573600
1763080108.970207 574800
1763080108.970244 576000
1763080108.970277 577200
1763080108.970322 578400
1763080108.970353 579600
1763080108.970388 580800
1763080108.970415 582000
1763080108.970442 583200
1763080108.970478 584400
1763080108.970531 585600
1763080108.970605 586800
1763080108.970635 588000
1763080108.970691 589200
1763080108.970732 590400
1763080108.970759 591600
1763080108.970821 592800
1763080108.970857 594000
1763080108.970885 595200
1763080108.970936 596400
1763080108.970969 597600
1763080108.971006 598800
1763080108.971040 600000
1763080108.971074 601200
1763080108.971110 602400
1763080108.971158 603600
1763080108.971203 604800
1763080108.971239 606000
1763080108.971275 607200
1763080108.971312 608400
1763080108.971352 609600
1763080108.971389 610800
1763080108.971422 612000
1763080108.971456 613200
1763080108.971523 614400
1763080108.971560 615600
1763080108.971589 616800
1763080108.971622 618000
1763080108.971664 619200
1763080108.971714 620400
1763080108.971763 621600
1763080108.971793 622800
1763080108.971853 624000
1763080108.971899 625200
1763080108.972025 626400
1763080108.972076 627600
1763080108.972107 628800
1763080108.972145 630000
1763080108.972173 631200
1763080108.972218 632400
1763080108.972276 633600
1763080108.972313 634800
1763080108.972340 636000
1763080108.972378 637200
1763080108.972430 638400
1763080108.972476 639600
1763080108.972515 640800
1763080108.972544 642000
1763080108.972583 643200
1763080108.972618 644400
1763080108.972666 645600
1763080108.972699 646800
1763080108.972727 648000
1763080108.972835 649200
1763080108.972871 650400
1763080108.972937 651600
1763080108.973065 652800
1763080108.973118 654000
1763080108.973147 655200
1763080108.973271 656400
1763080108.973326 657600
1763080108.973427 658800
1763080108.973708 660000
1763080108.973823 661200
1763080108.973869 662400
1763080108.973936 663600
1763080108.974029 664800
1763080108.974069 666000
1763080108.974113 667200
1763080108.974166 668400
1763080108.974267 669600
1763080108.974330 670800
1763080108.974386 672000
1763080108.974438 673200
1763080108.974484 674400
1763080108.974523 675600
1763080108.974586 676800
1763080108.974631 678000
1763080108.974690 679200
1763080108.974742 680400
1763080108.974789 681600
1763080108.974819 682800
1763080108.974855 684000
1763080108.974890 685200
1763080108.974934 686400
1763080108.974966 687600
1763080108.975001 688800
1763080108.975034 690000
1763080108.975068 691200
1763080108.975098 692400
1763080108.975226 693600
1763080108.975270 694800
1763080108.975298 696000
1763080108.975329 697200
1763080108.975384 698400
1763080108.975416 699600
1763080108.975444 700800
1763080108.975486 702000
1763080108.975527 703200
1763080108.975557 704400
1763080108.975598 705600
1763080108.975624 706800
1763080108.975657 708000
1763080108.975707 709200
1763080108.975739 710400
1763080108.975769 711600
1763080108.975803 712800
1763080108.975838 714000
1763080108.975865 715200
1763080108.975904 716400
1763080108.975971 717600
1763080108.976006 718800
1763080108.976031 720000
1763080108.976078 721200
1763080108.976110 722400
1763080108.976158 723600
1763080108.976197 724800
1763080108.976251 726000
1763080108.976287 727200
1763080108.976420 728400
1763080108.976521 729600
1763080108.976598 730800
1763080108.976730 732000
1763080108.976869 733200
1763080108.976952 734400
1763080108.976982 735600
1763080108.977010 736800
1763080108.977053 738000
1763080108.977091 739200
1763080108.977137 740400
1763080108.977215 741600
1763080108.977264 742800
1763080108.977343 744000
1763080108.977436 745200
1763080108.977554 746400
1763080108.977602 747600
1763080108.977654 748800
1763080108.977684 750000
1763080108.977724 751200
1763080108.977754 752400
1763080108.977786 753600
1763080108.977824 754800
1763080108.977858 756000
1763080108.977884 757200
1763080108.977911 758400
1763080108.977943 759600
1763080108.977984 760800
1763080108.978015 762000
1763080108.978052 763200
1763080108.978087 764400
1763080108.978120 765600
1763080108.978157 766800
1763080108.978190 768000
1763080108.978216 769200
1763080108.978248 770400
1763080108.978295 771600
1763080108.978337 772800
1763080108.978392 774000
1763080108.978479 775200
1763080108.978526 776400
1763080108.978568 777600
1763080108.978698 778800
1763080108.978779 780000
1763080108.978897 781200
1763080108.978971 782400
1763080108.979036 783600
1763080108.979175 784800
1763080108.979255 786000
1763080108.979321 787200
1763080108.979358 788400
1763080108.979384 789600
1763080108.979435 790800
1763080108.979483 792000
1763080108.979551 793200
1763080108.979592 794400
1763080108.979713 795600
1763080108.979755 796800
1763080108.979858 798000
1763080108.979909 799200
1763080108.979938 800400
1763080108.979976 801600
1763080108.980019 802800
1763080108.980048 804000
1763080108.980093 805200
1763080108.980121 806400
1763080108.980149 807600
1763080108.980187 808800
1763080108.980221 810000
1763080108.980246 811200
1763080108.980354 812400
1763080108.980505 813600
1763080108.980539 814800
1763080108.980569 816000
1763080108.980603 817200
1763080108.980630 818400
1763080108.980679 819600
1763080108.980714 820800
1763080108.980749 822000
1763080108.980808 823200
1763080108.980922 824400
1763080108.980970 825600
1763080108.981079 826800
1763080108.981245 828000
1763080108.981315 829200
1763080108.981458 830400
1763080108.981622 831600
1763080108.981661 832800
1763080108.981692 834000
1763080108.981731 835200
1763080108.981768 836400
1763080108.981808 837600
1763080108.981868 838800
1763080108.981919 840000
1763080108.981953 841200
1763080108.981986 842400
1763080108.982042 843600
1763080108.982092 844800
1763080108.982120 846000
1763080108.982151 847200
1763080108.982192 848400
1763080108.982245 849600
1763080108.982273 850800
1763080108.982310 852000
1763080108.982337 853200
1763080108.982370 854400
1763080108.982403 855600
1763080108.982474 856800
1763080108.982507 858000
1763080108.982556 859200
1763080108.982585 860400
1763080108.982621 861600
1763080108.982650 862800
1763080108.982676 864000
1763080108.982710 865200
1763080108.982744 866400
1763080108.982786 867600
1763080108.982828 868800
1763080108.982877 870000
1763080108.982907 871200
1763080108.982937 872400
1763080108.982976 873600
1763080108.983014 874800
1763080108.983050 876000
1763080108.983085 877200
1763080108.983138 878400
1763080108.983185 879600
1763080108.983292 880800
1763080108.983336 882000
1763080108.983371 883200
1763080108.983398 884400
1763080108.983434 885600
1763080108.983523 886800
1763080108.983690 888000
1763080108.983846 889200
1763080108.983945 890400
1763080108.984073 891600
1763080108.984181 892800
1763080108.984272 894000
1763080108.984367 895200
1763080108.984461 896400
1763080108.984550 897600
1763080108.984638 898800
1763080108.984762 900000
1763080108.984827 901200
1763080108.984878 902400
1763080108.984915 903600
1763080108.984944 904800
1763080108.984974 906000
1763080108.985035 907200
1763080108.985069 908400
1763080108.985628 909600
1763080108.985903 910800
1763080108.985947 912000
1763080108.985975 913200
1763080108.986002 914400
1763080108.986030 915600
1763080108.986073 916800
1763080108.986113 918000
1763080108.986525 919200
1763080108.986582 920400
1763080108.986634 921600
1763080108.986692 922800
1763080108.986723 924000
1763080108.986756 925200
1763080108.986793 926400
1763080108.986845 927600
1763080108.987119 928800
1763080108.987265 930000
1763080108.987384 931200
1763080108.987462 932400
1763080108.987573 933600
1763080108.987640 934800
1763080108.987689 936000
1763080108.987725 937200
1763080108.987764 938400
1763080108.987795 939600
1763080108.987827 940800
1763080108.987889 942000
1763080108.987988 943200
1763080108.988055 944400
1763080108.988142 945600
1763080108.988281 946800
1763080108.988397 948000
1763080108.988600 949200
1763080108.988731 950400
1763080108.988833 951600
1763080108.988928 952800
1763080108.989025 954000
1763080108.989146 955200
1763080108.989243 956400
1763080108.989331 957600
1763080108.989466 958800
1763080108.989597 960000
1763080108.989715 961200
1763080108.989754 962400
1763080108.989795 963600
1763080108.989830 964800
1763080108.989859 966000
1763080108.989913 967200
1763080108.989953 968400
1763080108.989982 969600
1763080108.990023 970800
1763080108.990054 972000
1763080108.990101 973200
1763080108.990195 974400
1763080108.990225 975600
1763080108.990266 976800
1763080108.990347 978000
1763080108.990391 979200
1763080108.990460 980400
1763080108.990537 981600
1763080108.990716 982800
1763080108.990840 984000
1763080108.991020 985200
1763080108.991057 986400
1763080108.991140 987600
1763080108.991215 988800
1763080108.991359 990000
1763080108.991474 991200
1763080108.991524 992400
1763080108.991556 993600
1763080108.991618 994800
1763080108.991648 996000
1763080108.991683 997200
1763080108.991731 998400
1763080108.991762 999600
1763080108.991801 1000800
1763080108.991829 1002000
1763080108.991857 1003200
1763080108.991883 1003229
