1763080105.499916 1200
1763080105.500074 2400
1763080105.500136 3600
1763080105.500186 4800
1763080105.500230 6000
1763080105.500271 7200
1763080105.500890 8400
1763080105.500940 9600
1763080105.500983 10800
1763080105.501027 12000
1763080105.501066 13200
1763080105.501112 14400
1763080105.501739 15600
1763080105.501787 16800
1763080105.501825 18000
1763080105.501862 19200
1763080105.501897 20400
1763080105.501931 21600
1763080105.502357 22800
1763080105.502593 24000
1763080105.502633 25200
1763080105.502672 26400
1763080105.502706 27600
1763080105.502743 28800
1763080105.503380 30000
1763080105.503429 31200
1763080105.503465 32400
1763080105.503509 33600
1763080105.503546 34800
1763080105.503579 36000
1763080105.504069 37200
1763080105.504223 38400
1763080105.504261 39600
1763080105.504296 40800
1763080105.504330 42000
1763080105.504365 43200
1763080105.504785 44400
1763080105.504962 45600
1763080105.505041 46800
1763080105.505129 48000
1763080105.505224 49200
1763080105.505317 50400
1763080105.505363 51600
1763080105.505402 52800
1763080105.505439 54000
1763080105.506078 55200
1763080105.506128 56400
1763080105.506166 57600
1763080105.506201 58800
1763080105.506236 60000
1763080105.506269 61200
1763080105.506642 62400
1763080105.506944 63600
1763080105.506983 64800
1763080105.507020 66000
1763080105.507056 67200
1763080105.507093 68400
1763080105.507452 69600
1763080105.507762 70800
1763080105.507800 72000
1763080105.507837 73200
1763080105.507873 74400
1763080105.507909 75600
1763080105.508554 76800
1763080105.508598 78000
1763080105.508635 79200
1763080105.508670 80400
1763080105.508705 81600
1763080105.508741 82800
1763080105.509101 84000
1763080105.509352 85200
1763080105.509387 86400
1763080105.509420 87600
1763080105.509452 88800
1763080105.509484 90000
1763080105.509773 91200
1763080105.509809 92400
1763080105.509880 93600
1763080105.510010 94800
1763080105.510089 96000
1763080105.510123 97200
1763080105.510259 98400
1763080105.510397 99600
1763080105.510562 100800
1763080105.510835 102000
1763080105.510985 103200
1763080105.511058 104400
1763080105.511134 105600
1763080105.511179 106800
1763080105.511223 108000
1763080105.511280 109200
1763080105.511390 110400
1763080105.511492 111600
1763080105.511563 112800
1763080105.511638 114000
1763080105.511793 115200
1763080105.511869 116400
1763080105.511906 117600
1763080105.511948 118800
1763080105.511981 120000
1763080105.512019 121200
1763080105.512135 122400
1763080105.512213 123600
1763080105.512309 124800
1763080105.512353 126000
1763080105.512415 127200
1763080105.512454 128400
1763080105.512588 129600
1763080105.512746 130800
1763080105.512795 132000
1763080105.512828 133200
1763080105.512887 134400
1763080105.512925 135600
1763080105.512961 136800
1763080105.513004 138000
1763080105.513164 139200
1763080105.513282 140400
1763080105.513353 141600
1763080105.513410 142800
1763080105.513447 144000
1763080105.513486 145200
1763080105.513521 146400
1763080105.513596 147600
1763080105.513741 148800
1763080105.513870 150000
1763080105.513935 151200
1763080105.513975 152400
1763080105.514012 153600
1763080105.514044 154800
1763080105.514076 156000
1763080105.514244 157200
1763080105.514328 158400
1763080105.514366 159600
1763080105.514434 160800
1763080105.514482 162000
1763080105.514571 163200
1763080105.514695 164400
1763080105.514737 165600
1763080105.514809 166800
1763080105.514848 168000
1763080105.514884 169200
1763080105.515019 170400
1763080105.515204 171600
1763080105.515243 172800
1763080105.515273 174000
1763080105.515304 175200
1763080105.515345 176400
1763080105.515473 177600
1763080105.515582 178800
1763080105.515625 180000
1763080105.515683 181200
1763080105.515715 182400
1763080105.515745 183600
1763080105.515929 184800
1763080105.516024 186000
1763080105.516085 187200
1763080105.516121 188400
1763080105.516153 189600
1763080105.516185 190800
1763080105.516266 192000
1763080105.516343 193200
1763080105.516409 194400
1763080105.516454 195600
1763080105.516519 196800
1763080105.516563 198000
1763080105.516775 199200
1763080105.516813 200400
1763080105.516854 201600
1763080105.516913 202800
1763080105.516945 204000
1763080105.516978 205200
1763080105.517093 206400
1763080105.517171 207600
1763080105.517216 208800
1763080105.517282 210000
1763080105.517317 211200
1763080105.517397 212400
1763080105.517479 213600
1763080105.517660 214800
1763080105.517693 216000
1763080105.517724 217200
1763080105.517754 218400
1763080105.517783 219600
1763080105.518009 220800
1763080105.518139 222000
1763080105.518170 223200
1763080105.518205 224400
1763080105.518237 225600
1763080105.518266 226800
1763080105.518344 228000
1763080105.518426 229200
1763080105.518625 230400
1763080105.518660 231600
1763080105.518694 232800
1763080105.518752 234000
1763080105.518786 235200
1763080105.518816 236400
1763080105.518882 237600
1763080105.519074 238800
1763080105.519151 240000
1763080105.519219 241200
1763080105.519250 242400
1763080105.519328 243600
1763080105.519360 244800
1763080105.519434 246000
1763080105.519474 247200
1763080105.519505 248400
1763080105.519663 249600
1763080105.519735 250800
1763080105.519873 252000
1763080105.519910 253200
1763080105.519942 254400
1763080105.519974 255600
1763080105.520004 256800
1763080105.520216 258000
1763080105.520395 259200
1763080105.520427 260400
1763080105.520458 261600
1763080105.520490 262800
1763080105.520521 264000
1763080105.520657 265200
1763080105.520829 266400
1763080105.520864 267600
1763080105.520894 268800
1763080105.520925 270000
1763080105.520954 271200
1763080105.521172 272400
1763080105.521304 273600
1763080105.521337 274800
1763080105.521368 276000
1763080105.521398 277200
1763080105.521429 278400
1763080105.521654 279600
1763080105.521730 280800
1763080105.521807 282000
1763080105.521841 283200
1763080105.521884 284400
1763080105.521913 285600
1763080105.521943 286800
1763080105.522095 288000
1763080105.522133 289200
1763080105.522189 290400
1763080105.522232 291600
1763080105.522298 292800
1763080105.522341 294000
1763080105.522407 295200
1763080105.522441 296400
1763080105.522519 297600
1763080105.522692 298800
1763080105.522763 300000
1763080105.522829 301200
1763080105.522863 302400
1763080105.522939 303600
1763080105.522970 304800
1763080105.523010 306000
1763080105.523122 307200
1763080105.523245 308400
1763080105.523277 309600
1763080105.523308 310800
1763080105.523340 312000
1763080105.523371 313200
1763080105.523456 314400
1763080105.523526 315600
1763080105.523649 316800
1763080105.523785 318000
1763080105.523821 319200
1763080105.523851 320400
1763080105.523914 321600
1763080105.523948 322800
1763080105.523982 324000
1763080105.524062 325200
1763080105.524187 326400
1763080105.524382 327600
1763080105.524422 328800
1763080105.524451 330000
1763080105.524547 331200
1763080105.524639 332400
1763080105.524679 333600
1763080105.524713 334800
1763080105.524744 336000
1763080105.524776 337200
1763080105.524927 338400
1763080105.524966 339600
1763080105.524995 340800
1763080105.525080 342000
1763080105.525194 343200
1763080105.525325 344400
1763080105.525364 345600
1763080105.525441 346800
1763080105.525474 348000
1763080105.525532 349200
1763080105.525564 350400
1763080105.525652 351600
1763080105.525806 352800
1763080105.525876 354000
1763080105.525910 355200
1763080105.525957 356400
1763080105.525986 357600
1763080105.526016 358800
1763080105.526133 360000
1763080105.526323 361200
1763080105.526359 362400
1763080105.526388 363600
1763080105.526465 364800
1763080105.526513 366000
1763080105.526559 367200
1763080105.526667 368400
1763080105.526738 369600
1763080105.526813 370800
1763080105.526861 372000
1763080105.526937 373200
1763080105.527026 374400
1763080105.527179 375600
1763080105.527220 376800
1763080105.527257 378000
1763080105.527320 379200
1763080105.527430 380400
1763080105.527612 381600
1763080105.527655 382800
1763080105.527722 384000
1763080105.527814 385200
1763080105.527847 386400
1763080105.527877 387600
1763080105.528049 388800
1763080105.528114 390000
1763080105.528271 391200
1763080105.528308 392400
1763080105.528340 393600
1763080105.528414 394800
1763080105.528445 396000
1763080105.528475 397200
1763080105.528580 398400
1763080105.528794 399600
1763080105.528827 400800
1763080105.528855 402000
1763080105.528885 403200
1763080105.528914 404400
1763080105.529065 405600
1763080105.529101 406800
1763080105.529132 408000
1763080105.529165 409200
1763080105.529202 410400
1763080105.529283 411600
1763080105.529319 412800
1763080105.529354 414000
1763080105.529388 415200
1763080105.529422 416400
1763080105.529449 417600
1763080105.529540 418800
1763080105.529629 420000
1763080105.529707 421200
1763080105.529765 422400
1763080105.529818 423600
1763080105.529858 424800
1763080105.529905 426000
1763080105.529974 427200
1763080105.530011 428400
1763080105.530041 429600
1763080105.530123 430800
1763080105.530172 432000
1763080105.530205 433200
1763080105.530277 434400
1763080105.530326 435600
1763080105.530359 436800
1763080105.530464 438000
1763080105.530498 439200
1763080105.530554 440400
1763080105.530584 441600
1763080105.530624 442800
1763080105.530658 444000
1763080105.530695 445200
1763080105.530731 446400
1763080105.530772 447600
1763080105.530809 448800
1763080105.530844 450000
1763080105.530879 451200
1763080105.530906 452400
1763080105.530935 453600
1763080105.530962 454800
1763080105.530997 456000
1763080105.531046 457200
1763080105.531094 458400
1763080105.531139 459600
1763080105.531171 460800
1763080105.531200 462000
1763080105.531241 463200
1763080105.531272 464400
1763080105.531306 465600
1763080105.531357 466800
1763080105.531409 468000
1763080105.531439 469200
1763080105.531467 470400
1763080105.531501 471600
1763080105.531534 472800
1763080105.531569 474000
1763080105.531604 475200
1763080105.531673 476400
1763080105.531723 477600
1763080105.531760 478800
1763080105.531794 480000
1763080105.531830 481200
1763080105.531863 482400
1763080105.531891 483600
1763080105.531918 484800
1763080105.531958 486000
1763080105.531985 487200
1763080105.532014 488400
1763080105.532057 489600
1763080105.532094 490800
1763080105.532127 492000
1763080105.532165 493200
1763080105.532198 494400
1763080105.532249 495600
1763080105.532287 496800
1763080105.532327 498000
1763080105.532369 499200
1763080105.532400 500400
1763080105.532436 501600
1763080105.532471 502800
1763080105.532505 504000
1763080105.532539 505200
1763080105.532573 506400
1763080105.532607 507600
1763080105.532644 508800
1763080105.532720 510000
1763080105.532761 511200
1763080105.532796 512400
1763080105.532824 513600
1763080105.532862 514800
1763080105.532904 516000
1763080105.532934 517200
1763080105.532969 518400
1763080105.533004 519600
1763080105.533046 520800
1763080105.533080 522000
1763080105.533139 523200
1763080105.533177 524400
1763080105.533204 525600
1763080105.533233 526800
1763080105.533266 528000
1763080105.533299 529200
1763080105.533332 530400
1763080105.533384 531600
1763080105.533422 532800
1763080105.533457 534000
1763080105.533492 535200
1763080105.533528 536400
1763080105.533562 537600
1763080105.533595 538800
1763080105.533629 540000
1763080105.533666 541200
1763080105.533722 542400
1763080105.533759 543600
1763080105.533794 544800
1763080105.533861 546000
1763080105.533897 547200
1763080105.533953 548400
1763080105.533982 549600
1763080105.534023 550800
1763080105.534049 552000
1763080105.534082 553200
1763080105.534123 554400
1763080105.534151 555600
1763080105.534184 556800
1763080105.534219 558000
1763080105.534268 559200
1763080105.534300 560400
1763080105.534331 561600
1763080105.534363 562800
1763080105.534398 564000
1763080105.534470 565200
1763080105.534610 566400
1763080105.534655 567600
1763080105.534684 568800
1763080105.534725 570000
1763080105.534763 571200
1763080105.534805 572400
1763080105.534870 573600
1763080105.534909 574800
1763080105.534949 576000
1763080105.534979 577200
1763080105.535012 578400
1763080105.535048 579600
1763080105.535077 580800
1763080105.535105 582000
1763080105.535166 583200
1763080105.535206 584400
1763080105.535278 585600
1763080105.535324 586800
1763080105.535366 588000
1763080105.535399 589200
1763080105.535435 590400
1763080105.535466 591600
1763080105.535500 592800
1763080105.535534 594000
1763080105.535602 595200
1763080105.535660 596400
1763080105.535687 597600
1763080105.535723 598800
1763080105.535754 600000
1763080105.535781 601200
1763080105.535816 602400
1763080105.535853 603600
1763080105.535911 604800
1763080105.535948 606000
1763080105.535983 607200
1763080105.536019 608400
1763080105.536052 609600
1763080105.536099 610800
1763080105.536149 612000
1763080105.536179 613200
1763080105.536212 614400
1763080105.536246 615600
1763080105.536280 616800
1763080105.536332 618000
1763080105.536380 619200
1763080105.536417 620400
1763080105.536446 621600
1763080105.536492 622800
1763080105.536531 624000
1763080105.536584 625200
1763080105.536614 626400
1763080105.536641 627600
1763080105.536690 628800
1763080105.536724 630000
1763080105.536763 631200
1763080105.536834 632400
1763080105.536870 633600
1763080105.536898 634800
1763080105.536944 636000
1763080105.536979 637200
1763080105.537012 638400
1763080105.537048 639600
1763080105.537088 640800
1763080105.537153 642000
1763080105.537188 643200
1763080105.537234 644400
1763080105.537267 645600
1763080105.537294 646800
1763080105.537328 648000
1763080105.537354 649200
1763080105.537399 650400
1763080105.537427 651600
1763080105.537462 652800
1763080105.537497 654000
1763080105.537538 655200
1763080105.537583 656400
1763080105.537610 657600
1763080105.537645 658800
1763080105.537679 660000
1763080105.537725 661200
1763080105.537754 662400
1763080105.537785 663600
1763080105.537819 664800
1763080105.537854 666000
1763080105.537890 667200
1763080105.537923 668400
1763080105.537957 669600
1763080105.537990 670800
1763080105.538033 672000
1763080105.538069 673200
1763080105.538103 674400
1763080105.538156 675600
1763080105.538186 676800
1763080105.538213 678000
1763080105.538246 679200
1763080105.538280 680400
1763080105.538329 681600
1763080105.538357 682800
1763080105.538391 684000
1763080105.538425 685200
1763080105.538463 686400
1763080105.538497 687600
1763080105.538545 688800
1763080105.538581 690000
1763080105.538627 691200
1763080105.538667 692400
1763080105.538704 693600
1763080105.538742 694800
1763080105.538786 696000
1763080105.538812 697200
1763080105.538846 698400
1763080105.538880 699600
1763080105.538921 700800
1763080105.538956 702000
1763080105.538987 703200
1763080105.539033 704400
1763080105.539076 705600
1763080105.539108 706800
1763080105.539159 708000
1763080105.539211 709200
1763080105.539240 710400
1763080105.539272 711600
1763080105.539318 712800
1763080105.539347 714000
1763080105.539381 715200
1763080105.539415 716400
1763080105.539473 717600
1763080105.539580 718800
1763080105.539623 720000
1763080105.539675 721200
1763080105.539710 722400
1763080105.539779 723600
1763080105.539824 724800
1763080105.539877 726000
1763080105.539926 727200
1763080105.539968 728400
1763080105.540023 729600
1763080105.540052 730800
1763080105.540083 732000
1763080105.540188 733200
1763080105.540255 734400
1763080105.540302 735600
1763080105.540330 736800
1763080105.540372 738000
1763080105.540412 739200
1763080105.540463 740400
1763080105.540495 741600
1763080105.540536 742800
1763080105.540573 744000
1763080105.540631 745200
1763080105.540666 746400
1763080105.540695 747600
1763080105.540751 748800
1763080105.540798 750000
1763080105.540826 751200
1763080105.540873 752400
1763080105.540901 753600
1763080105.540943 754800
1763080105.540986 756000
1763080105.541014 757200
1763080105.541056 758400
1763080105.541085 759600
1763080105.541113 760800
1763080105.541146 762000
1763080105.541180 763200
1763080105.541214 764400
1763080105.541307 765600
1763080105.541356 766800
1763080105.541395 768000
1763080105.541422 769200
1763080105.541457 770400
1763080105.541492 771600
1763080105.541525 772800
1763080105.541569 774000
1763080105.541607 775200
1763080105.541655 776400
1763080105.541684 777600
1763080105.541724 778800
1763080105.541761 780000
1763080105.541807 781200
1763080105.541836 782400
1763080105.541866 783600
1763080105.541900 784800
1763080105.541927 786000
1763080105.541971 787200
1763080105.542000 788400
1763080105.542033 789600
1763080105.542067 790800
1763080105.542101 792000
1763080105.542150 793200
1763080105.542179 794400
1763080105.542217 795600
1763080105.542265 796800
1763080105.542294 798000
1763080105.542323 799200
1763080105.542357 800400
1763080105.542391 801600
1763080105.542446 802800
1763080105.542486 804000
1763080105.542519 805200
1763080105.542570 806400
1763080105.542598 807600
1763080105.542625 808800
1763080105.542660 810000
1763080105.542692 811200
1763080105.542728 812400
1763080105.542774 813600
1763080105.542831 814800
1763080105.542884 816000
1763080105.542914 817200
1763080105.542940 818400
1763080105.542984 819600
1763080105.543050 820800
1763080105.543101 822000
1763080105.543178 823200
1763080105.543245 824400
1763080105.543287 825600
1763080105.543324 826800
1763080105.543358 828000
1763080105.543393 829200
1763080105.543428 830400
1763080105.543533 831600
1763080105.543635 832800
1763080105.543694 834000
1763080105.543737 835200
1763080105.543787 836400
1763080105.543925 837600
1763080105.544021 838800
1763080105.544092 840000
1763080105.544122 841200
1763080105.544151 842400
1763080105.544222 843600
1763080105.544299 844800
1763080105.544377 846000
1763080105.544410 847200
1763080105.544469 848400
1763080105.544504 849600
1763080105.544597 850800
1763080105.544778 852000
1763080105.544884 853200
1763080105.544928 854400
1763080105.545047 855600
1763080105.545089 856800
1763080105.545118 858000
1763080105.545156 859200
1763080105.545183 860400
1763080105.545332 861600
1763080105.545375 862800
1763080105.545410 864000
1763080105.545445 865200
1763080105.545472 866400
1763080105.545507 867600
1763080105.545541 868800
1763080105.545568 870000
1763080105.545613 871200
1763080105.545639 872400
1763080105.545680 873600
1763080105.545714 874800
1763080105.545764 876000
1763080105.545804 877200
1763080105.545846 878400
1763080105.545876 879600
1763080105.545910 880800
1763080105.545946 882000
1763080105.545974 883200
1763080105.546013 884400
1763080105.546048 885600
1763080105.546077 886800
1763080105.546104 888000
1763080105.546145 889200
1763080105.546180 890400
1763080105.546214 891600
1763080105.546249 892800
1763080105.546284 894000
1763080105.546319 895200
1763080105.546352 896400
1763080105.546378 897600
1763080105.546412 898800
1763080105.546446 900000
1763080105.546481 901200
1763080105.546508 902400
1763080105.546536 903600
1763080105.546569 904800
1763080105.546601 906000
1763080105.546647 907200
1763080105.546680 908400
1763080105.546721 909600
1763080105.546756 910800
1763080105.546791 912000
1763080105.546825 913200
1763080105.546871 914400
1763080105.546912 915600
1763080105.546954 916800
1763080105.546994 918000
1763080105.547023 919200
1763080105.547056 920400
1763080105.547099 921600
1763080105.547130 922800
1763080105.547165 924000
1763080105.547200 925200
1763080105.547235 926400
1763080105.547268 927600
1763080105.547345 928800
1763080105.547381 930000
1763080105.547415 931200
1763080105.547450 932400
1763080105.547476 933600
1763080105.547513 934800
1763080105.547546 936000
1763080105.547580 937200
1763080105.547615 938400
1763080105.547670 939600
1763080105.547720 940800
1763080105.547760 942000
1763080105.547807 943200
1763080105.547858 944400
1763080105.547895 945600
1763080105.547938 946800
1763080105.547981 948000
1763080105.548012 949200
1763080105.548047 950400
1763080105.548082 951600
1763080105.548108 952800
1763080105.548136 954000
1763080105.548169 955200
1763080105.548202 956400
1763080105.548235 957600
1763080105.548268 958800
1763080105.548301 960000
1763080105.548334 961200
1763080105.548368 962400
1763080105.548400 963600
1763080105.548428 964800
1763080105.548463 966000
1763080105.548498 967200
1763080105.548532 968400
1763080105.548577 969600
1763080105.548605 970800
1763080105.548639 972000
1763080105.548672 973200
1763080105.548706 974400
1763080105.548750 975600
1763080105.548789 976800
1763080105.548836 978000
1763080105.548867 979200
1763080105.548898 980400
1763080105.548939 981600
1763080105.548977 982800
1763080105.549015 984000
1763080105.549100 985200
1763080105.549131 986400
1763080105.549166 987600
1763080105.549224 988800
1763080105.549274 990000
1763080105.549312 991200
1763080105.549341 992400
1763080105.549368 993600
1763080105.549401 994800
1763080105.549522 996000
1763080105.549556 997200
1763080105.549581 998400
1763080105.549611 999600
1763080105.549654 1000800
1763080105.549717 1002000
1763080105.549745 1003200
1763080105.549781 1003229
