1763080119.225465 1200
1763080119.226032 2400
1763080119.226096 3600
1763080119.226148 4800
1763080119.226195 6000
1763080119.226237 7200
1763080119.226349 8400
1763080119.226416 9600
1763080119.226464 10800
1763080119.226509 12000
1763080119.226593 13200
1763080119.226703 14400
1763080119.226801 15600
1763080119.226927 16800
1763080119.226977 18000
1763080119.227058 19200
1763080119.227184 20400
1763080119.227257 21600
1763080119.227332 22800
1763080119.227375 24000
1763080119.227460 25200
1763080119.227571 26400
1763080119.227613 27600
1763080119.227658 28800
1763080119.227819 30000
1763080119.227942 31200
1763080119.228016 32400
1763080119.228095 33600
1763080119.228171 34800
1763080119.228266 36000
1763080119.228341 37200
1763080119.228426 38400
1763080119.228467 39600
1763080119.228550 40800
1763080119.228701 42000
1763080119.228777 43200
1763080119.228857 44400
1763080119.229008 45600
1763080119.229056 46800
1763080119.229094 48000
1763080119.229149 49200
1763080119.229191 50400
1763080119.229227 51600
1763080119.229264 52800
1763080119.229300 54000
1763080119.229412 55200
1763080119.229500 56400
1763080119.229588 57600
1763080119.229634 58800
1763080119.229690 60000
1763080119.229729 61200
1763080119.229842 62400
1763080119.229923 63600
1763080119.230075 64800
1763080119.230251 66000
1763080119.230319 67200
1763080119.230365 68400
1763080119.230406 69600
1763080119.230446 70800
1763080119.230483 72000
1763080119.230519 73200
1763080119.230570 74400
1763080119.230605 75600
1763080119.230640 76800
1763080119.230677 78000
1763080119.230730 79200
1763080119.230877 80400
1763080119.231000 81600
1763080119.231160 82800
1763080119.231329 84000
1763080119.231381 85200
1763080119.231419 86400
1763080119.231461 87600
1763080119.231497 88800
1763080119.231531 90000
1763080119.231565 91200
1763080119.231599 92400
1763080119.231632 93600
1763080119.231695 94800
1763080119.231731 96000
1763080119.231811 97200
1763080119.231896 98400
1763080119.231975 99600
1763080119.232052 100800
1763080119.232154 102000
1763080119.232193 103200
1763080119.232245 104400
1763080119.232289 105600
1763080119.232357 106800
1763080119.232397 108000
1763080119.232460 109200
1763080119.232505 110400
1763080119.232579 111600
1763080119.232674 112800
1763080119.232753 114000
1763080119.232830 115200
1763080119.232952 116400
1763080119.233113 117600
1763080119.233185 118800
1763080119.233265 120000
1763080119.233418 121200
1763080119.233457 122400
1763080119.233493 123600
1763080119.233531 124800
1763080119.233566 126000
1763080119.233599 127200
1763080119.233664 128400
1763080119.233711 129600
1763080119.233786 130800
1763080119.234034 132000
1763080119.234113 133200
1763080119.234188 134400
1763080119.234326 135600
1763080119.234367 136800
1763080119.234402 138000
1763080119.234436 139200
1763080119.234491 140400
1763080119.234529 141600
1763080119.234617 142800
1763080119.234665 144000
1763080119.234703 145200
1763080119.234749 146400
1763080119.234791 147600
1763080119.234948 148800
1763080119.235026 150000
1763080119.235180 151200
1763080119.235340 152400
1763080119.235420 153600
1763080119.235494 154800
1763080119.235533 156000
1763080119.235569 157200
1763080119.235613 158400
1763080119.235726 159600
1763080119.235835 160800
1763080119.235871 162000
1763080119.235903 163200
1763080119.235955 164400
1763080119.235988 165600
1763080119.236019 166800
1763080119.236082 168000
1763080119.236122 169200
1763080119.236183 170400
1763080119.236227 171600
1763080119.236289 172800
1763080119.236337 174000
1763080119.236410 175200
1763080119.236448 176400
1763080119.236516 177600
1763080119.236554 178800
1763080119.236620 180000
1763080119.236663 181200
1763080119.236696 182400
1763080119.236727 183600
1763080119.236760 184800
1763080119.236893 186000
1763080119.236977 187200
1763080119.237019 188400
1763080119.237084 189600
1763080119.237128 190800
1763080119.237189 192000
1763080119.237223 193200
1763080119.237395 194400
1763080119.237578 195600
1763080119.237651 196800
1763080119.237693 198000
1763080119.237753 199200
1763080119.237787 200400
1763080119.237819 201600
1763080119.237921 202800
1763080119.237982 204000
1763080119.238018 205200
1763080119.238059 206400
1763080119.238092 207600
1763080119.238126 208800
1763080119.238292 210000
1763080119.238437 211200
1763080119.238631 212400
1763080119.238673 213600
1763080119.238707 214800
1763080119.238739 216000
1763080119.238771 217200
1763080119.238829 218400
1763080119.238865 219600
1763080119.238897 220800
1763080119.238963 222000
1763080119.238999 223200
1763080119.239034 224400
1763080119.239172 225600
1763080119.239265 226800
1763080119.239305 228000
1763080119.239375 229200
1763080119.239412 230400
1763080119.239565 231600
1763080119.239778 232800
1763080119.239989 234000
1763080119.240030 235200
1763080119.240073 236400
1763080119.240138 237600
1763080119.240321 238800
1763080119.240366 240000
1763080119.240427 241200
1763080119.240468 242400
1763080119.240527 243600
1763080119.240578 244800
1763080119.240635 246000
1763080119.240700 247200
1763080119.240740 248400
1763080119.240805 249600
1763080119.240847 250800
1763080119.240913 252000
1763080119.240954 253200
1763080119.241015 254400
1763080119.241050 255600
1763080119.241081 256800
1763080119.241115 258000
1763080119.241147 259200
1763080119.241207 260400
1763080119.241385 261600
1763080119.241437 262800
1763080119.241490 264000
1763080119.241549 265200
1763080119.241584 266400
1763080119.241737 267600
1763080119.241850 268800
1763080119.241892 270000
1763080119.241998 271200
1763080119.242159 272400
1763080119.242242 273600
1763080119.242285 274800
1763080119.242319 276000
1763080119.242350 277200
1763080119.242381 278400
1763080119.242413 279600
1763080119.242444 280800
1763080119.242474 282000
1763080119.242502 283200
1763080119.242607 284400
1763080119.242685 285600
1763080119.242814 286800
1763080119.242989 288000
1763080119.243031 289200
1763080119.243093 290400
1763080119.243127 291600
1763080119.243159 292800
1763080119.243192 294000
1763080119.243238 295200
1763080119.243271 296400
1763080119.243304 297600
1763080119.243337 298800
1763080119.243503 300000
1763080119.243653 301200
1763080119.243695 302400
1763080119.243725 303600
1763080119.243757 304800
1763080119.243787 306000
1763080119.243819 307200
1763080119.244024 308400
1763080119.244242 309600
1763080119.244418 310800
1763080119.244491 312000
1763080119.244717 313200
1763080119.244937 314400
1763080119.245099 315600
1763080119.245139 316800
1763080119.245172 318000
1763080119.245239 319200
1763080119.245273 320400
1763080119.245304 321600
1763080119.245361 322800
1763080119.245405 324000
1763080119.245477 325200
1763080119.245518 326400
1763080119.245585 327600
1763080119.245707 328800
1763080119.245769 330000
1763080119.245833 331200
1763080119.245872 332400
1763080119.245952 333600
1763080119.246038 334800
1763080119.246146 336000
1763080119.246215 337200
1763080119.246258 338400
1763080119.246289 339600
1763080119.246319 340800
1763080119.246349 342000
1763080119.246379 343200
1763080119.246413 344400
1763080119.246444 345600
1763080119.246473 346800
1763080119.246712 348000
1763080119.246784 349200
1763080119.246825 350400
1763080119.246888 351600
1763080119.246945 352800
1763080119.246988 354000
1763080119.247112 355200
1763080119.247239 356400
1763080119.247273 357600
1763080119.247305 358800
1763080119.247335 360000
1763080119.247368 361200
1763080119.247398 362400
1763080119.247427 363600
1763080119.247457 364800
1763080119.247515 366000
1763080119.247551 367200
1763080119.247635 368400
1763080119.247703 369600
1763080119.247769 370800
1763080119.247831 372000
1763080119.247889 373200
1763080119.247939 374400
1763080119.248103 375600
1763080119.248266 376800
1763080119.248348 378000
1763080119.248399 379200
1763080119.248453 380400
1763080119.248499 381600
1763080119.248529 382800
1763080119.248560 384000
1763080119.248591 385200
1763080119.248622 386400
1763080119.248653 387600
1763080119.248704 388800
1763080119.248827 390000
1763080119.249184 391200
1763080119.249224 392400
1763080119.249257 393600
1763080119.249287 394800
1763080119.249320 396000
1763080119.249349 397200
1763080119.249381 398400
1763080119.249439 399600
1763080119.249506 400800
1763080119.249549 402000
1763080119.249607 403200
1763080119.249718 404400
1763080119.249748 405600
1763080119.249815 406800
1763080119.249851 408000
1763080119.249920 409200
1763080119.249962 410400
1763080119.249991 411600
1763080119.250023 412800
1763080119.250127 414000
1763080119.250263 415200
1763080119.250320 416400
1763080119.250412 417600
1763080119.250451 418800
1763080119.250509 420000
1763080119.250564 421200
1763080119.250598 422400
1763080119.250628 423600
1763080119.250666 424800
1763080119.250705 426000
1763080119.250879 427200
1763080119.251065 428400
1763080119.251173 429600
1763080119.251283 430800
1763080119.251316 432000
1763080119.251349 433200
1763080119.251380 434400
1763080119.251420 435600
1763080119.251456 436800
1763080119.251486 438000
1763080119.251537 439200
1763080119.251592 440400
1763080119.251660 441600
1763080119.251694 442800
1763080119.251735 444000
1763080119.251765 445200
1763080119.251898 446400
1763080119.252016 447600
1763080119.252094 448800
1763080119.252244 450000
1763080119.252357 451200
1763080119.252479 452400
1763080119.252512 453600
1763080119.252554 454800
1763080119.252591 456000
1763080119.252622 457200
1763080119.252652 458400
1763080119.252686 459600
1763080119.252716 460800
1763080119.252747 462000
1763080119.252860 463200
1763080119.252976 464400
1763080119.253098 465600
1763080119.253277 466800
1763080119.253309 468000
1763080119.253339 469200
1763080119.253369 470400
1763080119.253399 471600
1763080119.253428 472800
1763080119.253459 474000
1763080119.253491 475200
1763080119.253523 476400
1763080119.253652 477600
1763080119.253689 478800
1763080119.253730 480000
1763080119.253767 481200
1763080119.253805 482400
1763080119.253838 483600
1763080119.253868 484800
1763080119.253948 486000
1763080119.253987 487200
1763080119.254055 488400
1763080119.254145 489600
1763080119.254199 490800
1763080119.254237 492000
1763080119.254267 493200
1763080119.254332 494400
1763080119.254410 495600
1763080119.254478 496800
1763080119.254525 498000
1763080119.254562 499200
1763080119.254643 500400
1763080119.254774 501600
1763080119.254825 502800
1763080119.254916 504000
1763080119.254976 505200
1763080119.255016 506400
1763080119.255053 507600
1763080119.255090 508800
1763080119.255145 510000
1763080119.255180 511200
1763080119.255215 512400
1763080119.255260 513600
1763080119.255301 514800
1763080119.255329 516000
1763080119.255364 517200
1763080119.255402 518400
1763080119.255450 519600
1763080119.255484 520800
1763080119.255530 522000
1763080119.255568 523200
1763080119.255619 524400
1763080119.255656 525600
1763080119.255707 526800
1763080119.255743 528000
1763080119.255780 529200
1763080119.255816 530400
1763080119.255852 531600
1763080119.255916 532800
1763080119.255947 534000
1763080119.255981 535200
1763080119.256016 536400
1763080119.256049 537600
1763080119.256084 538800
1763080119.256130 540000
1763080119.256171 541200
1763080119.256216 542400
1763080119.256262 543600
1763080119.256300 544800
1763080119.256341 546000
1763080119.256382 547200
1763080119.256415 548400
1763080119.256450 549600
1763080119.256485 550800
1763080119.256511 552000
1763080119.256541 553200
1763080119.256575 554400
1763080119.256631 555600
1763080119.256669 556800
1763080119.256717 558000
1763080119.256756 559200
1763080119.256785 560400
1763080119.256816 561600
1763080119.256848 562800
1763080119.256882 564000
1763080119.256915 565200
1763080119.256989 566400
1763080119.257023 567600
1763080119.257051 568800
1763080119.257093 570000
1763080119.257130 571200
1763080119.257162 572400
1763080119.257213 573600
1763080119.257252 574800
1763080119.257281 576000
1763080119.257317 577200
1763080119.257367 578400
1763080119.257408 579600
1763080119.257450 580800
1763080119.257483 582000
1763080119.257513 583200
1763080119.257564 584400
1763080119.257596 585600
1763080119.257622 586800
1763080119.257664 588000
1763080119.257702 589200
1763080119.257755 590400
1763080119.257789 591600
1763080119.257823 592800
1763080119.257870 594000
1763080119.257911 595200
1763080119.257980 596400
1763080119.258012 597600
1763080119.258046 598800
1763080119.258081 600000
1763080119.258116 601200
1763080119.258149 602400
1763080119.258183 603600
1763080119.258217 604800
1763080119.258259 606000
1763080119.258304 607200
1763080119.258341 608400
1763080119.258369 609600
1763080119.258410 610800
1763080119.258445 612000
1763080119.258479 613200
1763080119.258512 614400
1763080119.258539 615600
1763080119.258573 616800
1763080119.258611 618000
1763080119.258659 619200
1763080119.258706 620400
1763080119.258754 621600
1763080119.258812 622800
1763080119.258841 624000
1763080119.258875 625200
1763080119.258901 626400
1763080119.258938 627600
1763080119.258963 628800
1763080119.259001 630000
1763080119.259038 631200
1763080119.259132 632400
1763080119.259236 633600
1763080119.259344 634800
1763080119.259382 636000
1763080119.259453 637200
1763080119.259494 638400
1763080119.259542 639600
1763080119.259582 640800
1763080119.259660 642000
1763080119.259698 643200
1763080119.259789 644400
1763080119.259853 645600
1763080119.259899 646800
1763080119.259926 648000
1763080119.260020 649200
1763080119.260197 650400
1763080119.260245 651600
1763080119.260305 652800
1763080119.260445 654000
1763080119.260480 655200
1763080119.260591 656400
1763080119.260626 657600
1763080119.260655 658800
1763080119.260703 660000
1763080119.260743 661200
1763080119.260800 662400
1763080119.260874 663600
1763080119.260906 664800
1763080119.260966 666000
1763080119.261036 667200
1763080119.261067 668400
1763080119.261102 669600
1763080119.261199 670800
1763080119.261250 672000
1763080119.261284 673200
1763080119.261321 674400
1763080119.261394 675600
1763080119.261434 676800
1763080119.261473 678000
1763080119.261500 679200
1763080119.261528 680400
1763080119.261560 681600
1763080119.261594 682800
1763080119.261627 684000
1763080119.261675 685200
1763080119.261709 686400
1763080119.261774 687600
1763080119.261831 688800
1763080119.261874 690000
1763080119.261917 691200
1763080119.261957 692400
1763080119.261988 693600
1763080119.262023 694800
1763080119.262077 696000
1763080119.262116 697200
1763080119.262143 698400
1763080119.262177 699600
1763080119.262239 700800
1763080119.262269 702000
1763080119.262296 703200
1763080119.262330 704400
1763080119.262366 705600
1763080119.262402 706800
1763080119.262457 708000
1763080119.262487 709200
1763080119.262516 710400
1763080119.262552 711600
1763080119.262585 712800
1763080119.262621 714000
1763080119.262655 715200
1763080119.262730 716400
1763080119.262762 717600
1763080119.262791 718800
1763080119.262821 720000
1763080119.262864 721200
1763080119.262902 722400
1763080119.262938 723600
1763080119.262991 724800
1763080119.263019 726000
1763080119.263053 727200
1763080119.263085 728400
1763080119.263120 729600
1763080119.263154 730800
1763080119.263186 732000
1763080119.263220 733200
1763080119.263253 734400
1763080119.263287 735600
1763080119.263333 736800
1763080119.263374 738000
1763080119.263423 739200
1763080119.263454 740400
1763080119.263484 741600
1763080119.263525 742800
1763080119.263573 744000
1763080119.263604 745200
1763080119.263637 746400
1763080119.263670 747600
1763080119.263697 748800
1763080119.263727 750000
1763080119.263760 751200
1763080119.263793 752400
1763080119.263827 753600
1763080119.263863 754800
1763080119.263896 756000
1763080119.263929 757200
1763080119.263962 758400
1763080119.264034 759600
1763080119.264117 760800
1763080119.264184 762000
1763080119.264225 763200
1763080119.264273 764400
1763080119.264313 765600
1763080119.264350 766800
1763080119.264423 768000
1763080119.264455 769200
1763080119.264485 770400
1763080119.264550 771600
1763080119.264583 772800
1763080119.264646 774000
1763080119.264726 775200
1763080119.264768 776400
1763080119.264889 777600
1763080119.264961 778800
1763080119.265007 780000
1763080119.265050 781200
1763080119.265102 782400
1763080119.265130 783600
1763080119.265164 784800
1763080119.265202 786000
1763080119.265250 787200
1763080119.265292 788400
1763080119.265327 789600
1763080119.265357 790800
1763080119.265385 792000
1763080119.265471 793200
1763080119.265518 794400
1763080119.265551 795600
1763080119.265580 796800
1763080119.265612 798000
1763080119.265647 799200
1763080119.265693 800400
1763080119.265735 801600
1763080119.265769 802800
1763080119.265810 804000
1763080119.265853 805200
1763080119.265881 806400
1763080119.265916 807600
1763080119.265944 808800
1763080119.265970 810000
1763080119.266005 811200
1763080119.266039 812400
1763080119.266077 813600
1763080119.266109 814800
1763080119.266143 816000
1763080119.266185 817200
1763080119.266223 818400
1763080119.266260 819600
1763080119.266296 820800
1763080119.266329 822000
1763080119.266365 823200
1763080119.266391 824400
1763080119.266428 825600
1763080119.266467 826800
1763080119.266503 828000
1763080119.266537 829200
1763080119.266565 830400
1763080119.266600 831600
1763080119.266648 832800
1763080119.266689 834000
1763080119.266719 835200
1763080119.266753 836400
1763080119.266780 837600
1763080119.266815 838800
1763080119.266851 840000
1763080119.266893 841200
1763080119.266931 842400
1763080119.266964 843600
1763080119.267010 844800
1763080119.267042 846000
1763080119.267087 847200
1763080119.267122 848400
1763080119.267151 849600
1763080119.267179 850800
1763080119.267216 852000
1763080119.267263 853200
1763080119.267297 854400
1763080119.267332 855600
1763080119.267367 856800
1763080119.267400 858000
1763080119.267435 859200
1763080119.267471 860400
1763080119.267498 861600
1763080119.267532 862800
1763080119.267573 864000
1763080119.267636 865200
1763080119.267676 866400
1763080119.267720 867600
1763080119.267762 868800
1763080119.267809 870000
1763080119.267841 871200
1763080119.267877 872400
1763080119.267905 873600
1763080119.267934 874800
1763080119.267969 876000
1763080119.268003 877200
1763080119.268036 878400
1763080119.268063 879600
1763080119.268092 880800
1763080119.268127 882000
1763080119.268205 883200
1763080119.268246 884400
1763080119.268279 885600
1763080119.268307 886800
1763080119.268339 888000
1763080119.268385 889200
1763080119.268416 890400
1763080119.268452 891600
1763080119.268479 892800
1763080119.268508 894000
1763080119.268542 895200
1763080119.268578 896400
1763080119.268611 897600
1763080119.268660 898800
1763080119.268711 900000
1763080119.268744 901200
1763080119.268773 902400
1763080119.268805 903600
1763080119.268839 904800
1763080119.268873 906000
1763080119.268934 907200
1763080119.268974 908400
1763080119.269084 909600
1763080119.269131 910800
1763080119.269191 912000
1763080119.269229 913200
1763080119.269258 914400
1763080119.269285 915600
1763080119.269316 916800
1763080119.269364 918000
1763080119.269401 919200
1763080119.269429 920400
1763080119.269534 921600
1763080119.269600 922800
1763080119.269657 924000
1763080119.269787 925200
1763080119.269816 926400
1763080119.269844 927600
1763080119.269878 928800
1763080119.269912 930000
1763080119.269938 931200
1763080119.269965 932400
1763080119.270014 933600
1763080119.270131 934800
1763080119.270167 936000
1763080119.270215 937200
1763080119.270244 938400
1763080119.270281 939600
1763080119.270331 940800
1763080119.270371 942000
1763080119.270419 943200
1763080119.270463 944400
1763080119.270497 945600
1763080119.270533 946800
1763080119.270578 948000
1763080119.270614 949200
1763080119.270644 950400
1763080119.270676 951600
1763080119.270710 952800
1763080119.270743 954000
1763080119.270777 955200
1763080119.270821 956400
1763080119.270861 957600
1763080119.270888 958800
1763080119.270922 960000
1763080119.270949 961200
1763080119.270975 962400
1763080119.271003 963600
1763080119.271029 964800
1763080119.271066 966000
1763080119.271102 967200
1763080119.271150 968400
1763080119.271186 969600
1763080119.271251 970800
1763080119.271278 972000
1763080119.271325 973200
1763080119.271399 974400
1763080119.271430 975600
1763080119.271464 976800
1763080119.271499 978000
1763080119.271540 979200
1763080119.271580 980400
1763080119.271615 981600
1763080119.271651 982800
1763080119.271688 984000
1763080119.271722 985200
1763080119.271756 986400
1763080119.271801 987600
1763080119.271853 988800
1763080119.271890 990000
1763080119.271937 991200
1763080119.271968 992400
1763080119.271998 993600
1763080119.272033 994800
1763080119.272067 996000
1763080119.272095 997200
1763080119.272121 998400
1763080119.272156 999600
1763080119.272192 1000800
1763080119.272225 1002000
1763080119.272259 1003200
1763080119.272293 1003229
