1763429890.884793 1200
1763429890.884945 2400
1763429890.885015 3600
1763429890.885170 4800
1763429890.885288 6000
1763429890.885383 7200
1763429890.885473 8400
1763429890.885906 9600
1763429890.885964 10800
1763429890.886009 12000
1763429890.886451 13200
1763429890.886503 14400
1763429890.886546 15600
1763429890.886988 16800
1763429890.887038 18000
1763429890.887080 19200
1763429890.887507 20400
1763429890.887556 21600
1763429890.887592 22800
1763429890.887887 24000
1763429890.888031 25200
1763429890.888070 26400
1763429890.888366 27600
1763429890.888505 28800
1763429890.888543 30000
1763429890.889060 31200
1763429890.889110 32400
1763429890.889153 33600
1763429890.889363 34800
1763429890.889406 36000
1763429890.889444 37200
1763429890.889664 38400
1763429890.889742 39600
1763429890.889791 40800
1763429890.889914 42000
1763429890.890028 43200
1763429890.890066 44400
1763429890.890182 45600
1763429890.890290 46800
1763429890.890330 48000
1763429890.890495 49200
1763429890.890565 50400
1763429890.890601 51600
1763429890.890764 52800
1763429890.890846 54000
1763429890.890886 55200
1763429890.891037 56400
1763429890.891118 57600
1763429890.891160 58800
1763429890.891340 60000
1763429890.891415 61200
1763429890.891458 62400
1763429890.891640 63600
1763429890.891714 64800
1763429890.891772 66000
1763429890.891900 67200
1763429890.892013 68400
1763429890.892050 69600
1763429890.892214 70800
1763429890.892287 72000
1763429890.892339 73200
1763429890.892489 74400
1763429890.892587 75600
1763429890.892630 76800
1763429890.892802 78000
1763429890.892856 79200
1763429890.892896 80400
1763429890.893070 81600
1763429890.893119 82800
1763429890.893155 84000
1763429890.893352 85200
1763429890.893397 86400
1763429890.893434 87600
1763429890.893615 88800
1763429890.893656 90000
1763429890.893692 91200
1763429890.894007 92400
1763429890.894064 93600
1763429890.894103 94800
1763429890.894291 96000
1763429890.894336 97200
1763429890.894376 98400
1763429890.894560 99600
1763429890.894608 100800
1763429890.894644 102000
1763429890.894871 103200
1763429890.894924 104400
1763429890.894962 105600
1763429890.895112 106800
1763429890.895214 108000
1763429890.895249 109200
1763429890.895432 110400
1763429890.895502 111600
1763429890.895537 112800
1763429890.895744 114000
1763429890.895789 115200
1763429890.895823 116400
1763429890.896040 117600
1763429890.896076 118800
1763429890.896110 120000
1763429890.896299 121200
1763429890.896345 122400
1763429890.896381 123600
1763429890.896598 124800
1763429890.896639 126000
1763429890.896674 127200
1763429890.896874 128400
1763429890.896910 129600
1763429890.896942 130800
1763429890.897150 132000
1763429890.897305 133200
1763429890.897518 134400
1763429890.897741 135600
1763429890.897877 136800
1763429890.897990 138000
1763429890.898075 139200
1763429890.898199 140400
1763429890.898321 141600
1763429890.898358 142800
1763429890.898486 144000
1763429890.898582 145200
1763429890.898616 146400
1763429890.898802 147600
1763429890.898896 148800
1763429890.898972 150000
1763429890.899049 151200
1763429890.899095 152400
1763429890.899364 153600
1763429890.899471 154800
1763429890.899546 156000
1763429890.899665 157200
1763429890.899706 158400
1763429890.899793 159600
1763429890.899869 160800
1763429890.899937 162000
1763429890.900010 163200
1763429890.900097 164400
1763429890.900170 165600
1763429890.900245 166800
1763429890.900329 168000
1763429890.900399 169200
1763429890.900467 170400
1763429890.900579 171600
1763429890.900686 172800
1763429890.900722 174000
1763429890.900887 175200
1763429890.900940 176400
1763429890.900980 177600
1763429890.901139 178800
1763429890.901182 180000
1763429890.901217 181200
1763429890.901419 182400
1763429890.901452 183600
1763429890.901484 184800
1763429890.901698 186000
1763429890.901732 187200
1763429890.901764 188400
1763429890.901969 189600
1763429890.902005 190800
1763429890.902039 192000
1763429890.902262 193200
1763429890.902296 194400
1763429890.902326 195600
1763429890.902544 196800
1763429890.902578 198000
1763429890.902608 199200
1763429890.902835 200400
1763429890.902867 201600
1763429890.902937 202800
1763429890.903064 204000
1763429890.903154 205200
1763429890.903222 206400
1763429890.903321 207600
1763429890.903464 208800
1763429890.903556 210000
1763429890.903589 211200
1763429890.903824 212400
1763429890.903914 213600
1763429890.903999 214800
1763429890.904087 216000
1763429890.904157 217200
1763429890.904226 218400
1763429890.904342 219600
1763429890.904448 220800
1763429890.904483 222000
1763429890.904671 223200
1763429890.904706 224400
1763429890.904737 225600
1763429890.904924 226800
1763429890.904961 228000
1763429890.904995 229200
1763429890.905224 230400
1763429890.905266 231600
1763429890.905298 232800
1763429890.905545 234000
1763429890.905582 235200
1763429890.905612 236400
1763429890.905856 237600
1763429890.905900 238800
1763429890.905930 240000
1763429890.906157 241200
1763429890.906200 242400
1763429890.906231 243600
1763429890.906452 244800
1763429890.906494 246000
1763429890.906524 247200
1763429890.906742 248400
1763429890.906782 249600
1763429890.906813 250800
1763429890.907039 252000
1763429890.907071 253200
1763429890.907102 254400
1763429890.907323 255600
1763429890.907360 256800
1763429890.907391 258000
1763429890.907612 259200
1763429890.907649 260400
1763429890.907679 261600
1763429890.907906 262800
1763429890.907949 264000
1763429890.907979 265200
1763429890.908166 266400
1763429890.908202 267600
1763429890.908234 268800
1763429890.908464 270000
1763429890.908503 271200
1763429890.908534 272400
1763429890.908848 273600
1763429890.908884 274800
1763429890.908929 276000
1763429890.909078 277200
1763429890.909133 278400
1763429890.909292 279600
1763429890.909352 280800
1763429890.909417 282000
1763429890.909491 283200
1763429890.909548 284400
1763429890.909585 285600
1763429890.909663 286800
1763429890.909700 288000
1763429890.909760 289200
1763429890.909944 290400
1763429890.910087 291600
1763429890.910171 292800
1763429890.910219 294000
1763429890.910295 295200
1763429890.910362 296400
1763429890.910459 297600
1763429890.910531 298800
1763429890.910582 300000
1763429890.910679 301200
1763429890.910773 302400
1763429890.910827 303600
1763429890.910862 304800
1763429890.910909 306000
1763429890.910943 307200
1763429890.910976 308400
1763429890.911013 309600
1763429890.911072 310800
1763429890.911130 312000
1763429890.911162 313200
1763429890.911198 314400
1763429890.911236 315600
1763429890.911288 316800
1763429890.911341 318000
1763429890.911383 319200
1763429890.911427 320400
1763429890.911472 321600
1763429890.911513 322800
1763429890.911543 324000
1763429890.911579 325200
1763429890.911631 326400
1763429890.911681 327600
1763429890.911727 328800
1763429890.911768 330000
1763429890.911823 331200
1763429890.911862 332400
1763429890.911904 333600
1763429890.911934 334800
1763429890.911974 336000
1763429890.912035 337200
1763429890.912079 338400
1763429890.912114 339600
1763429890.912170 340800
1763429890.912202 342000
1763429890.912238 343200
1763429890.912296 344400
1763429890.912350 345600
1763429890.912383 346800
1763429890.912421 348000
1763429890.912468 349200
1763429890.912514 350400
1763429890.912545 351600
1763429890.912581 352800
1763429890.912634 354000
1763429890.912715 355200
1763429890.912758 356400
1763429890.912789 357600
1763429890.912865 358800
1763429890.912902 360000
1763429890.912934 361200
1763429890.912987 362400
1763429890.913027 363600
1763429890.913063 364800
1763429890.913107 366000
1763429890.913186 367200
1763429890.913244 368400
1763429890.913283 369600
1763429890.913314 370800
1763429890.913344 372000
1763429890.913379 373200
1763429890.913414 374400
1763429890.913449 375600
1763429890.913486 376800
1763429890.913529 378000
1763429890.913576 379200
1763429890.913605 380400
1763429890.913633 381600
1763429890.913679 382800
1763429890.913781 384000
1763429890.913869 385200
1763429890.913903 386400
1763429890.913956 387600
1763429890.913991 388800
1763429890.914045 390000
1763429890.914080 391200
1763429890.914114 392400
1763429890.914170 393600
1763429890.914241 394800
1763429890.914280 396000
1763429890.914312 397200
1763429890.914379 398400
1763429890.914476 399600
1763429890.914549 400800
1763429890.914598 402000
1763429890.914639 403200
1763429890.914735 404400
1763429890.914782 405600
1763429890.914851 406800
1763429890.914886 408000
1763429890.914929 409200
1763429890.914972 410400
1763429890.915003 411600
1763429890.915047 412800
1763429890.915085 414000
1763429890.915121 415200
1763429890.915157 416400
1763429890.915192 417600
1763429890.915258 418800
1763429890.915308 420000
1763429890.915338 421200
1763429890.915372 422400
1763429890.915407 423600
1763429890.915462 424800
1763429890.915503 426000
1763429890.915530 427200
1763429890.915587 428400
1763429890.915623 429600
1763429890.915649 430800
1763429890.915683 432000
1763429890.915731 433200
1763429890.915772 434400
1763429890.915807 435600
1763429890.915852 436800
1763429890.915883 438000
1763429890.915920 439200
1763429890.915969 440400
1763429890.916010 441600
1763429890.916053 442800
1763429890.916090 444000
1763429890.916127 445200
1763429890.916176 446400
1763429890.916206 447600
1763429890.916234 448800
1763429890.916268 450000
1763429890.916304 451200
1763429890.916339 452400
1763429890.916372 453600
1763429890.916405 454800
1763429890.916437 456000
1763429890.916504 457200
1763429890.916533 458400
1763429890.916567 459600
1763429890.916604 460800
1763429890.916650 462000
1763429890.916697 463200
1763429890.916746 464400
1763429890.916774 465600
1763429890.916825 466800
1763429890.916864 468000
1763429890.916893 469200
1763429890.916926 470400
1763429890.916969 471600
1763429890.917010 472800
1763429890.917046 474000
1763429890.917087 475200
1763429890.917123 476400
1763429890.917193 477600
1763429890.917244 478800
1763429890.917274 480000
1763429890.917325 481200
1763429890.917355 482400
1763429890.917390 483600
1763429890.917459 484800
1763429890.917493 486000
1763429890.917541 487200
1763429890.917581 488400
1763429890.917618 489600
1763429890.917650 490800
1763429890.917690 492000
1763429890.917734 493200
1763429890.917767 494400
1763429890.917802 495600
1763429890.917836 496800
1763429890.917869 498000
1763429890.917918 499200
1763429890.917957 500400
1763429890.917984 501600
1763429890.918053 502800
1763429890.918082 504000
1763429890.918119 505200
1763429890.918147 506400
1763429890.918179 507600
1763429890.918215 508800
1763429890.918255 510000
1763429890.918286 511200
1763429890.918328 512400
1763429890.918359 513600
1763429890.918392 514800
1763429890.918428 516000
1763429890.918461 517200
1763429890.918498 518400
1763429890.918532 519600
1763429890.918565 520800
1763429890.918655 522000
1763429890.918691 523200
1763429890.918721 524400
1763429890.918815 525600
1763429890.918963 526800
1763429890.919011 528000
1763429890.919072 529200
1763429890.919112 530400
1763429890.919141 531600
1763429890.919177 532800
1763429890.919245 534000
1763429890.919278 535200
1763429890.919345 536400
1763429890.919418 537600
1763429890.919552 538800
1763429890.919633 540000
1763429890.919709 541200
1763429890.919757 542400
1763429890.919787 543600
1763429890.919845 544800
1763429890.919889 546000
1763429890.919953 547200
1763429890.919984 548400
1763429890.920031 549600
1763429890.920067 550800
1763429890.920133 552000
1763429890.920172 553200
1763429890.920199 554400
1763429890.920267 555600
1763429890.920302 556800
1763429890.920354 558000
1763429890.920426 559200
1763429890.920464 560400
1763429890.920504 561600
1763429890.920549 562800
1763429890.920582 564000
1763429890.920617 565200
1763429890.920649 566400
1763429890.920686 567600
1763429890.920722 568800
1763429890.920756 570000
1763429890.920809 571200
1763429890.920840 572400
1763429890.920868 573600
1763429890.920899 574800
1763429890.920932 576000
1763429890.920979 577200
1763429890.921011 578400
1763429890.921073 579600
1763429890.921112 580800
1763429890.921138 582000
1763429890.921172 583200
1763429890.921207 584400
1763429890.921241 585600
1763429890.921287 586800
1763429890.921335 588000
1763429890.921370 589200
1763429890.921419 590400
1763429890.921474 591600
1763429890.921519 592800
1763429890.921550 594000
1763429890.921581 595200
1763429890.921641 596400
1763429890.921669 597600
1763429890.921721 598800
1763429890.921757 600000
1763429890.921804 601200
1763429890.921854 602400
1763429890.921897 603600
1763429890.921929 604800
1763429890.921976 606000
1763429890.922010 607200
1763429890.922047 608400
1763429890.922086 609600
1763429890.922114 610800
1763429890.922144 612000
1763429890.922179 613200
1763429890.922214 614400
1763429890.922250 615600
1763429890.922289 616800
1763429890.922326 618000
1763429890.922361 619200
1763429890.922415 620400
1763429890.922444 621600
1763429890.922479 622800
1763429890.922508 624000
1763429890.922544 625200
1763429890.922604 626400
1763429890.922653 627600
1763429890.922694 628800
1763429890.922726 630000
1763429890.922758 631200
1763429890.922800 632400
1763429890.922836 633600
1763429890.922868 634800
1763429890.922903 636000
1763429890.922978 637200
1763429890.923009 638400
1763429890.923052 639600
1763429890.923101 640800
1763429890.923169 642000
1763429890.923224 643200
1763429890.923253 644400
1763429890.923282 645600
1763429890.923324 646800
1763429890.923371 648000
1763429890.923416 649200
1763429890.923456 650400
1763429890.923495 651600
1763429890.923523 652800
1763429890.923567 654000
1763429890.923603 655200
1763429890.923653 656400
1763429890.923710 657600
1763429890.923802 658800
1763429890.923941 660000
1763429890.924049 661200
1763429890.924095 662400
1763429890.924123 663600
1763429890.924156 664800
1763429890.924233 666000
1763429890.924263 667200
1763429890.924304 668400
1763429890.924389 669600
1763429890.924444 670800
1763429890.924502 672000
1763429890.924540 673200
1763429890.924578 674400
1763429890.924612 675600
1763429890.924647 676800
1763429890.924695 678000
1763429890.924731 679200
1763429890.924757 680400
1763429890.924845 681600
1763429890.924902 682800
1763429890.924932 684000
1763429890.924965 685200
1763429890.925014 686400
1763429890.925049 687600
1763429890.925086 688800
1763429890.925128 690000
1763429890.925158 691200
1763429890.925193 692400
1763429890.925236 693600
1763429890.925274 694800
1763429890.925303 696000
1763429890.925336 697200
1763429890.925379 698400
1763429890.925416 699600
1763429890.925443 700800
1763429890.925493 702000
1763429890.925530 703200
1763429890.925565 704400
1763429890.925602 705600
1763429890.925649 706800
1763429890.925681 708000
1763429890.925709 709200
1763429890.925742 710400
1763429890.925787 711600
1763429890.925820 712800
1763429890.925852 714000
1763429890.925898 715200
1763429890.925939 716400
1763429890.925968 717600
1763429890.925996 718800
1763429890.926036 720000
1763429890.926068 721200
1763429890.926102 722400
1763429890.926135 723600
1763429890.926168 724800
1763429890.926209 726000
1763429890.926255 727200
1763429890.926291 728400
1763429890.926329 729600
1763429890.926359 730800
1763429890.926397 732000
1763429890.926448 733200
1763429890.926490 734400
1763429890.926524 735600
1763429890.926628 736800
1763429890.926676 738000
1763429890.926705 739200
1763429890.926781 740400
1763429890.926822 741600
1763429890.926855 742800
1763429890.926893 744000
1763429890.926960 745200
1763429890.926999 746400
1763429890.927061 747600
1763429890.927091 748800
1763429890.927130 750000
1763429890.927228 751200
1763429890.927424 752400
1763429890.927568 753600
1763429890.927667 754800
1763429890.927701 756000
1763429890.927730 757200
1763429890.927809 758400
1763429890.927905 759600
1763429890.927942 760800
1763429890.927984 762000
1763429890.928051 763200
1763429890.928105 764400
1763429890.928149 765600
1763429890.928196 766800
1763429890.928231 768000
1763429890.928265 769200
1763429890.928315 770400
1763429890.928346 771600
1763429890.928379 772800
1763429890.928438 774000
1763429890.928483 775200
1763429890.928513 776400
1763429890.928545 777600
1763429890.928579 778800
1763429890.928612 780000
1763429890.928646 781200
1763429890.928680 782400
1763429890.928714 783600
1763429890.928778 784800
1763429890.928897 786000
1763429890.929056 787200
1763429890.929088 788400
1763429890.929169 789600
1763429890.929203 790800
1763429890.929234 792000
1763429890.929295 793200
1763429890.929336 794400
1763429890.929373 795600
1763429890.929407 796800
1763429890.929442 798000
1763429890.929521 799200
1763429890.929555 800400
1763429890.929628 801600
1763429890.929741 802800
1763429890.929781 804000
1763429890.929832 805200
1763429890.929888 806400
1763429890.929939 807600
1763429890.930001 808800
1763429890.930039 810000
1763429890.930065 811200
1763429890.930100 812400
1763429890.930134 813600
1763429890.930171 814800
1763429890.930204 816000
1763429890.930239 817200
1763429890.930287 818400
1763429890.930324 819600
1763429890.930360 820800
1763429890.930395 822000
1763429890.930439 823200
1763429890.930483 824400
1763429890.930509 825600
1763429890.930557 826800
1763429890.930592 828000
1763429890.930626 829200
1763429890.930660 830400
1763429890.930693 831600
1763429890.930727 832800
1763429890.930783 834000
1763429890.930822 835200
1763429890.930851 836400
1763429890.930904 837600
1763429890.930947 838800
1763429890.930985 840000
1763429890.931027 841200
1763429890.931077 842400
1763429890.931121 843600
1763429890.931154 844800
1763429890.931204 846000
1763429890.931240 847200
1763429890.931285 848400
1763429890.931328 849600
1763429890.931357 850800
1763429890.931409 852000
1763429890.931446 853200
1763429890.931496 854400
1763429890.931533 855600
1763429890.931560 856800
1763429890.931649 858000
1763429890.931694 859200
1763429890.931722 860400
1763429890.931764 861600
1763429890.931805 862800
1763429890.931833 864000
1763429890.931868 865200
1763429890.931902 866400
1763429890.931949 867600
1763429890.932015 868800
1763429890.932051 870000
1763429890.932083 871200
1763429890.932117 872400
1763429890.932152 873600
1763429890.932187 874800
1763429890.932221 876000
1763429890.932253 877200
1763429890.932294 878400
1763429890.932331 879600
1763429890.932370 880800
1763429890.932398 882000
1763429890.932436 883200
1763429890.932467 884400
1763429890.932502 885600
1763429890.932537 886800
1763429890.932572 888000
1763429890.932610 889200
1763429890.932644 890400
1763429890.932678 891600
1763429890.932754 892800
1763429890.932810 894000
1763429890.932845 895200
1763429890.932872 896400
1763429890.932920 897600
1763429890.932957 898800
1763429890.932992 900000
1763429890.933074 901200
1763429890.933112 902400
1763429890.933138 903600
1763429890.933216 904800
1763429890.933243 906000
1763429890.933277 907200
1763429890.933341 908400
1763429890.933380 909600
1763429890.933431 910800
1763429890.933470 912000
1763429890.933508 913200
1763429890.933547 914400
1763429890.933602 915600
1763429890.933637 916800
1763429890.933682 918000
1763429890.933792 919200
1763429890.933919 920400
1763429890.934007 921600
1763429890.934051 922800
1763429890.934087 924000
1763429890.934137 925200
1763429890.934212 926400
1763429890.934260 927600
1763429890.934294 928800
1763429890.934342 930000
1763429890.934412 931200
1763429890.934462 932400
1763429890.934519 933600
1763429890.934561 934800
1763429890.934644 936000
1763429890.934673 937200
1763429890.934700 938400
1763429890.934757 939600
1763429890.934792 940800
1763429890.934826 942000
1763429890.934885 943200
1763429890.934923 944400
1763429890.934963 945600
1763429890.934990 946800
1763429890.935038 948000
1763429890.935069 949200
1763429890.935103 950400
1763429890.935136 951600
1763429890.935171 952800
1763429890.935205 954000
1763429890.935251 955200
1763429890.935290 956400
1763429890.935336 957600
1763429890.935376 958800
1763429890.935417 960000
1763429890.935444 961200
1763429890.935479 962400
1763429890.935513 963600
1763429890.935547 964800
1763429890.935611 966000
1763429890.935644 967200
1763429890.935673 968400
1763429890.935723 969600
1763429890.935758 970800
1763429890.935793 972000
1763429890.935828 973200
1763429890.935863 974400
1763429890.935897 975600
1763429890.936004 976800
1763429890.936044 978000
1763429890.936081 979200
1763429890.936114 980400
1763429890.936149 981600
1763429890.936183 982800
1763429890.936272 984000
1763429890.936310 985200
1763429890.936342 986400
1763429890.936377 987600
1763429890.936427 988800
1763429890.936460 990000
1763429890.936516 991200
1763429890.936547 992400
1763429890.936599 993600
1763429890.936634 994800
1763429890.936669 996000
1763429890.936717 997200
1763429890.936795 998400
1763429890.936835 999600
1763429890.936893 1000800
1763429890.936932 1002000
1763429890.936969 1003200
1763429890.937003 1003229
