1763080115.796753 1200
1763080115.796907 2400
1763080115.796969 3600
1763080115.797021 4800
1763080115.797067 6000
1763080115.797110 7200
1763080115.797152 8400
1763080115.797192 9600
1763080115.797232 10800
1763080115.798076 12000
1763080115.798133 13200
1763080115.798175 14400
1763080115.798218 15600
1763080115.798259 16800
1763080115.798299 18000
1763080115.798338 19200
1763080115.798375 20400
1763080115.798412 21600
1763080115.799264 22800
1763080115.799311 24000
1763080115.799348 25200
1763080115.799383 26400
1763080115.799417 27600
1763080115.799451 28800
1763080115.799486 30000
1763080115.799525 31200
1763080115.799558 32400
1763080115.800487 33600
1763080115.800527 34800
1763080115.800564 36000
1763080115.800598 37200
1763080115.800632 38400
1763080115.800664 39600
1763080115.800697 40800
1763080115.800733 42000
1763080115.800766 43200
1763080115.801409 44400
1763080115.801605 45600
1763080115.801683 46800
1763080115.801721 48000
1763080115.801765 49200
1763080115.801799 50400
1763080115.801832 51600
1763080115.801867 52800
1763080115.801901 54000
1763080115.801934 55200
1763080115.802064 56400
1763080115.802215 57600
1763080115.802439 58800
1763080115.802603 60000
1763080115.802671 61200
1763080115.802741 62400
1763080115.802825 63600
1763080115.802901 64800
1763080115.803005 66000
1763080115.803047 67200
1763080115.803085 68400
1763080115.803124 69600
1763080115.803244 70800
1763080115.803297 72000
1763080115.803347 73200
1763080115.803411 74400
1763080115.803452 75600
1763080115.803535 76800
1763080115.803627 78000
1763080115.803703 79200
1763080115.803783 80400
1763080115.803863 81600
1763080115.803938 82800
1763080115.804018 84000
1763080115.804109 85200
1763080115.804159 86400
1763080115.804213 87600
1763080115.804252 88800
1763080115.804368 90000
1763080115.804511 91200
1763080115.804582 92400
1763080115.804660 93600
1763080115.804733 94800
1763080115.804813 96000
1763080115.804862 97200
1763080115.804928 98400
1763080115.804965 99600
1763080115.805040 100800
1763080115.805086 102000
1763080115.805149 103200
1763080115.805267 104400
1763080115.805353 105600
1763080115.805544 106800
1763080115.805643 108000
1763080115.805693 109200
1763080115.805756 110400
1763080115.805796 111600
1763080115.805832 112800
1763080115.805876 114000
1763080115.805911 115200
1763080115.805948 116400
1763080115.805982 117600
1763080115.806100 118800
1763080115.806239 120000
1763080115.806428 121200
1763080115.806478 122400
1763080115.806541 123600
1763080115.806583 124800
1763080115.806663 126000
1763080115.806715 127200
1763080115.806820 128400
1763080115.806900 129600
1763080115.807046 130800
1763080115.807118 132000
1763080115.807154 133200
1763080115.807211 134400
1763080115.807255 135600
1763080115.807324 136800
1763080115.807365 138000
1763080115.807433 139200
1763080115.807475 140400
1763080115.807536 141600
1763080115.807587 142800
1763080115.807653 144000
1763080115.807693 145200
1763080115.807726 146400
1763080115.807762 147600
1763080115.807872 148800
1763080115.807947 150000
1763080115.808133 151200
1763080115.808174 152400
1763080115.808233 153600
1763080115.808282 154800
1763080115.808345 156000
1763080115.808389 157200
1763080115.808457 158400
1763080115.808497 159600
1763080115.808562 160800
1763080115.808634 162000
1763080115.808695 163200
1763080115.808755 164400
1763080115.808837 165600
1763080115.808882 166800
1763080115.808946 168000
1763080115.808982 169200
1763080115.809015 170400
1763080115.809049 171600
1763080115.809212 172800
1763080115.809254 174000
1763080115.809317 175200
1763080115.809353 176400
1763080115.809414 177600
1763080115.809469 178800
1763080115.809505 180000
1763080115.809666 181200
1763080115.809705 182400
1763080115.809750 183600
1763080115.809811 184800
1763080115.809844 186000
1763080115.809973 187200
1763080115.810116 188400
1763080115.810219 189600
1763080115.810344 190800
1763080115.810420 192000
1763080115.810454 193200
1763080115.810522 194400
1763080115.810775 195600
1763080115.810824 196800
1763080115.810900 198000
1763080115.810935 199200
1763080115.810980 200400
1763080115.811013 201600
1763080115.811287 202800
1763080115.811463 204000
1763080115.811507 205200
1763080115.811543 206400
1763080115.811575 207600
1763080115.811608 208800
1763080115.811641 210000
1763080115.811674 211200
1763080115.811737 212400
1763080115.811934 213600
1763080115.812122 214800
1763080115.812155 216000
1763080115.812188 217200
1763080115.812221 218400
1763080115.812253 219600
1763080115.812285 220800
1763080115.812316 222000
1763080115.812347 223200
1763080115.812491 224400
1763080115.812606 225600
1763080115.812798 226800
1763080115.812866 228000
1763080115.812899 229200
1763080115.812943 230400
1763080115.812977 231600
1763080115.813010 232800
1763080115.813041 234000
1763080115.813071 235200
1763080115.813106 236400
1763080115.813192 237600
1763080115.813270 238800
1763080115.813422 240000
1763080115.813555 241200
1763080115.813677 242400
1763080115.813716 243600
1763080115.813750 244800
1763080115.813785 246000
1763080115.813820 247200
1763080115.813853 248400
1763080115.813885 249600
1763080115.813953 250800
1763080115.813993 252000
1763080115.814071 253200
1763080115.814199 254400
1763080115.814266 255600
1763080115.814341 256800
1763080115.814472 258000
1763080115.814637 259200
1763080115.814673 260400
1763080115.814706 261600
1763080115.814742 262800
1763080115.814775 264000
1763080115.814805 265200
1763080115.814854 266400
1763080115.814884 267600
1763080115.814913 268800
1763080115.815172 270000
1763080115.815268 271200
1763080115.815311 272400
1763080115.815341 273600
1763080115.815372 274800
1763080115.815401 276000
1763080115.815432 277200
1763080115.815462 278400
1763080115.815494 279600
1763080115.815556 280800
1763080115.815598 282000
1763080115.815665 283200
1763080115.815815 284400
1763080115.815850 285600
1763080115.815908 286800
1763080115.816133 288000
1763080115.816168 289200
1763080115.816236 290400
1763080115.816271 291600
1763080115.816301 292800
1763080115.816333 294000
1763080115.816364 295200
1763080115.816394 296400
1763080115.816425 297600
1763080115.816591 298800
1763080115.816730 300000
1763080115.816764 301200
1763080115.816824 302400
1763080115.816865 303600
1763080115.816896 304800
1763080115.816926 306000
1763080115.816958 307200
1763080115.817116 308400
1763080115.817315 309600
1763080115.817455 310800
1763080115.817545 312000
1763080115.817575 313200
1763080115.817692 314400
1763080115.817803 315600
1763080115.817859 316800
1763080115.817892 318000
1763080115.817923 319200
1763080115.817954 320400
1763080115.817983 321600
1763080115.818011 322800
1763080115.818039 324000
1763080115.818118 325200
1763080115.818231 326400
1763080115.818315 327600
1763080115.818473 328800
1763080115.818659 330000
1763080115.818692 331200
1763080115.818723 332400
1763080115.818757 333600
1763080115.818786 334800
1763080115.818817 336000
1763080115.818845 337200
1763080115.818875 338400
1763080115.819007 339600
1763080115.819043 340800
1763080115.819077 342000
1763080115.819114 343200
1763080115.819155 344400
1763080115.819204 345600
1763080115.819239 346800
1763080115.819281 348000
1763080115.819318 349200
1763080115.819353 350400
1763080115.819390 351600
1763080115.819431 352800
1763080115.819487 354000
1763080115.819540 355200
1763080115.819574 356400
1763080115.819606 357600
1763080115.819641 358800
1763080115.819726 360000
1763080115.819773 361200
1763080115.819809 362400
1763080115.819847 363600
1763080115.819891 364800
1763080115.819943 366000
1763080115.819992 367200
1763080115.820050 368400
1763080115.820082 369600
1763080115.820116 370800
1763080115.820164 372000
1763080115.820217 373200
1763080115.820267 374400
1763080115.820302 375600
1763080115.820340 376800
1763080115.820390 378000
1763080115.820424 379200
1763080115.820455 380400
1763080115.820494 381600
1763080115.820540 382800
1763080115.820590 384000
1763080115.820627 385200
1763080115.820665 386400
1763080115.820703 387600
1763080115.820743 388800
1763080115.820780 390000
1763080115.820817 391200
1763080115.820845 392400
1763080115.820884 393600
1763080115.820918 394800
1763080115.820966 396000
1763080115.821010 397200
1763080115.821079 398400
1763080115.821190 399600
1763080115.821231 400800
1763080115.821271 402000
1763080115.821305 403200
1763080115.821343 404400
1763080115.821373 405600
1763080115.821412 406800
1763080115.821440 408000
1763080115.821469 409200
1763080115.821503 410400
1763080115.821557 411600
1763080115.821600 412800
1763080115.821663 414000
1763080115.821764 415200
1763080115.821822 416400
1763080115.821859 417600
1763080115.821898 418800
1763080115.821934 420000
1763080115.821983 421200
1763080115.822020 422400
1763080115.822056 423600
1763080115.822105 424800
1763080115.822145 426000
1763080115.822189 427200
1763080115.822234 428400
1763080115.822272 429600
1763080115.822310 430800
1763080115.822350 432000
1763080115.822386 433200
1763080115.822413 434400
1763080115.822440 435600
1763080115.822472 436800
1763080115.822516 438000
1763080115.822549 439200
1763080115.822586 440400
1763080115.822637 441600
1763080115.822687 442800
1763080115.822719 444000
1763080115.822755 445200
1763080115.822792 446400
1763080115.822830 447600
1763080115.822883 448800
1763080115.822928 450000
1763080115.822971 451200
1763080115.823009 452400
1763080115.823055 453600
1763080115.823100 454800
1763080115.823131 456000
1763080115.823168 457200
1763080115.823206 458400
1763080115.823245 459600
1763080115.823284 460800
1763080115.823334 462000
1763080115.823373 463200
1763080115.823410 464400
1763080115.823447 465600
1763080115.823484 466800
1763080115.823521 468000
1763080115.823557 469200
1763080115.823597 470400
1763080115.823633 471600
1763080115.823669 472800
1763080115.823716 474000
1763080115.823773 475200
1763080115.823818 476400
1763080115.823861 477600
1763080115.823892 478800
1763080115.823922 480000
1763080115.823955 481200
1763080115.823999 482400
1763080115.824038 483600
1763080115.824090 484800
1763080115.824130 486000
1763080115.824164 487200
1763080115.824200 488400
1763080115.824242 489600
1763080115.824286 490800
1763080115.824353 492000
1763080115.824404 493200
1763080115.824435 494400
1763080115.824471 495600
1763080115.824508 496800
1763080115.824535 498000
1763080115.824564 499200
1763080115.824596 500400
1763080115.824634 501600
1763080115.824669 502800
1763080115.824721 504000
1763080115.824754 505200
1763080115.824785 506400
1763080115.824832 507600
1763080115.824861 508800
1763080115.824892 510000
1763080115.824935 511200
1763080115.825003 512400
1763080115.825047 513600
1763080115.825085 514800
1763080115.825114 516000
1763080115.825148 517200
1763080115.825182 518400
1763080115.825215 519600
1763080115.825248 520800
1763080115.825309 522000
1763080115.825337 523200
1763080115.825374 524400
1763080115.825407 525600
1763080115.825494 526800
1763080115.825533 528000
1763080115.825624 529200
1763080115.825662 530400
1763080115.825704 531600
1763080115.825740 532800
1763080115.825769 534000
1763080115.825800 535200
1763080115.825865 536400
1763080115.825926 537600
1763080115.825967 538800
1763080115.826026 540000
1763080115.826237 541200
1763080115.826392 542400
1763080115.826559 543600
1763080115.826662 544800
1763080115.826809 546000
1763080115.826849 547200
1763080115.826900 548400
1763080115.826979 549600
1763080115.827135 550800
1763080115.827184 552000
1763080115.827242 553200
1763080115.827322 554400
1763080115.827427 555600
1763080115.827594 556800
1763080115.827719 558000
1763080115.827899 559200
1763080115.828028 560400
1763080115.828074 561600
1763080115.828117 562800
1763080115.828154 564000
1763080115.828184 565200
1763080115.828213 566400
1763080115.828260 567600
1763080115.828301 568800
1763080115.828341 570000
1763080115.828375 571200
1763080115.828412 572400
1763080115.828449 573600
1763080115.828503 574800
1763080115.828552 576000
1763080115.828597 577200
1763080115.828635 578400
1763080115.828664 579600
1763080115.828720 580800
1763080115.828754 582000
1763080115.828784 583200
1763080115.828824 584400
1763080115.828865 585600
1763080115.828908 586800
1763080115.828956 588000
1763080115.828984 589200
1763080115.829032 590400
1763080115.829077 591600
1763080115.829108 592800
1763080115.829152 594000
1763080115.829184 595200
1763080115.829248 596400
1763080115.829281 597600
1763080115.829314 598800
1763080115.829368 600000
1763080115.829397 601200
1763080115.829429 602400
1763080115.829464 603600
1763080115.829500 604800
1763080115.829534 606000
1763080115.829562 607200
1763080115.829595 608400
1763080115.829620 609600
1763080115.829655 610800
1763080115.829689 612000
1763080115.829746 613200
1763080115.829790 614400
1763080115.829827 615600
1763080115.829860 616800
1763080115.829899 618000
1763080115.829929 619200
1763080115.829963 620400
1763080115.829999 621600
1763080115.830038 622800
1763080115.830098 624000
1763080115.830141 625200
1763080115.830176 626400
1763080115.830211 627600
1763080115.830247 628800
1763080115.830281 630000
1763080115.830322 631200
1763080115.830360 632400
1763080115.830388 633600
1763080115.830418 634800
1763080115.830452 636000
1763080115.830496 637200
1763080115.830540 638400
1763080115.830573 639600
1763080115.830610 640800
1763080115.830638 642000
1763080115.830671 643200
1763080115.830713 644400
1763080115.830749 645600
1763080115.830789 646800
1763080115.830859 648000
1763080115.830889 649200
1763080115.830918 650400
1763080115.830951 651600
1763080115.830984 652800
1763080115.831020 654000
1763080115.831066 655200
1763080115.831101 656400
1763080115.831218 657600
1763080115.831265 658800
1763080115.831310 660000
1763080115.831379 661200
1763080115.831421 662400
1763080115.831463 663600
1763080115.831511 664800
1763080115.831540 666000
1763080115.831598 667200
1763080115.831628 668400
1763080115.831677 669600
1763080115.831760 670800
1763080115.831799 672000
1763080115.831834 673200
1763080115.831870 674400
1763080115.831895 675600
1763080115.831923 676800
1763080115.831957 678000
1763080115.832002 679200
1763080115.832037 680400
1763080115.832064 681600
1763080115.832099 682800
1763080115.832131 684000
1763080115.832163 685200
1763080115.832196 686400
1763080115.832229 687600
1763080115.832264 688800
1763080115.832299 690000
1763080115.832345 691200
1763080115.832391 692400
1763080115.832421 693600
1763080115.832455 694800
1763080115.832488 696000
1763080115.832527 697200
1763080115.832575 698400
1763080115.832610 699600
1763080115.832664 700800
1763080115.832698 702000
1763080115.832733 703200
1763080115.832762 704400
1763080115.832800 705600
1763080115.832857 706800
1763080115.832891 708000
1763080115.832936 709200
1763080115.832969 710400
1763080115.833004 711600
1763080115.833038 712800
1763080115.833081 714000
1763080115.833113 715200
1763080115.833175 716400
1763080115.833215 717600
1763080115.833243 718800
1763080115.833271 720000
1763080115.833322 721200
1763080115.833394 722400
1763080115.833432 723600
1763080115.833473 724800
1763080115.833499 726000
1763080115.833527 727200
1763080115.833556 728400
1763080115.833589 729600
1763080115.833623 730800
1763080115.833668 732000
1763080115.833707 733200
1763080115.833746 734400
1763080115.833774 735600
1763080115.833826 736800
1763080115.833858 738000
1763080115.833922 739200
1763080115.833958 740400
1763080115.833986 741600
1763080115.834019 742800
1763080115.834047 744000
1763080115.834076 745200
1763080115.834119 746400
1763080115.834166 747600
1763080115.834208 748800
1763080115.834236 750000
1763080115.834269 751200
1763080115.834312 752400
1763080115.834350 753600
1763080115.834399 754800
1763080115.834438 756000
1763080115.834467 757200
1763080115.834501 758400
1763080115.834534 759600
1763080115.834569 760800
1763080115.834603 762000
1763080115.834636 763200
1763080115.834672 764400
1763080115.834706 765600
1763080115.834739 766800
1763080115.834772 768000
1763080115.834804 769200
1763080115.834873 770400
1763080115.834904 771600
1763080115.834939 772800
1763080115.834975 774000
1763080115.835009 775200
1763080115.835043 776400
1763080115.835089 777600
1763080115.835124 778800
1763080115.835158 780000
1763080115.835202 781200
1763080115.835236 782400
1763080115.835269 783600
1763080115.835313 784800
1763080115.835356 786000
1763080115.835395 787200
1763080115.835426 788400
1763080115.835460 789600
1763080115.835512 790800
1763080115.835545 792000
1763080115.835602 793200
1763080115.835644 794400
1763080115.835674 795600
1763080115.835713 796800
1763080115.835746 798000
1763080115.835779 799200
1763080115.835812 800400
1763080115.835845 801600
1763080115.835881 802800
1763080115.835915 804000
1763080115.835964 805200
1763080115.836002 806400
1763080115.836036 807600
1763080115.836093 808800
1763080115.836173 810000
1763080115.836224 811200
1763080115.836266 812400
1763080115.836308 813600
1763080115.836352 814800
1763080115.836381 816000
1763080115.836420 817200
1763080115.836462 818400
1763080115.836530 819600
1763080115.836568 820800
1763080115.836600 822000
1763080115.836648 823200
1763080115.836692 824400
1763080115.836763 825600
1763080115.836812 826800
1763080115.836863 828000
1763080115.836912 829200
1763080115.836967 830400
1763080115.837018 831600
1763080115.837086 832800
1763080115.837125 834000
1763080115.837173 835200
1763080115.837257 836400
1763080115.837306 837600
1763080115.837345 838800
1763080115.837380 840000
1763080115.837423 841200
1763080115.837455 842400
1763080115.837489 843600
1763080115.837518 844800
1763080115.837546 846000
1763080115.837583 847200
1763080115.837617 848400
1763080115.837651 849600
1763080115.837683 850800
1763080115.837713 852000
1763080115.837739 853200
1763080115.837772 854400
1763080115.837808 855600
1763080115.837835 856800
1763080115.837876 858000
1763080115.837909 859200
1763080115.837942 860400
1763080115.837975 861600
1763080115.838008 862800
1763080115.838041 864000
1763080115.838066 865200
1763080115.838095 866400
1763080115.838135 867600
1763080115.838175 868800
1763080115.838204 870000
1763080115.838240 871200
1763080115.838274 872400
1763080115.838314 873600
1763080115.838362 874800
1763080115.838392 876000
1763080115.838434 877200
1763080115.838462 878400
1763080115.838493 879600
1763080115.838525 880800
1763080115.838559 882000
1763080115.838591 883200
1763080115.838623 884400
1763080115.838671 885600
1763080115.838698 886800
1763080115.838732 888000
1763080115.838765 889200
1763080115.838799 890400
1763080115.838826 891600
1763080115.838855 892800
1763080115.838889 894000
1763080115.838936 895200
1763080115.838976 896400
1763080115.839006 897600
1763080115.839035 898800
1763080115.839069 900000
1763080115.839099 901200
1763080115.839133 902400
1763080115.839198 903600
1763080115.839224 904800
1763080115.839287 906000
1763080115.839316 907200
1763080115.839351 908400
1763080115.839386 909600
1763080115.839421 910800
1763080115.839463 912000
1763080115.839510 913200
1763080115.839548 914400
1763080115.839578 915600
1763080115.839605 916800
1763080115.839641 918000
1763080115.839674 919200
1763080115.839724 920400
1763080115.839757 921600
1763080115.839787 922800
1763080115.839833 924000
1763080115.839882 925200
1763080115.839923 926400
1763080115.839972 927600
1763080115.840011 928800
1763080115.840046 930000
1763080115.840093 931200
1763080115.840134 932400
1763080115.840171 933600
1763080115.840202 934800
1763080115.840236 936000
1763080115.840264 937200
1763080115.840291 938400
1763080115.840325 939600
1763080115.840401 940800
1763080115.840504 942000
1763080115.840542 943200
1763080115.840576 944400
1763080115.840610 945600
1763080115.840646 946800
1763080115.840688 948000
1763080115.840733 949200
1763080115.840765 950400
1763080115.840795 951600
1763080115.840829 952800
1763080115.840863 954000
1763080115.840897 955200
1763080115.840924 956400
1763080115.840961 957600
1763080115.840993 958800
1763080115.841019 960000
1763080115.841067 961200
1763080115.841163 962400
1763080115.841206 963600
1763080115.841251 964800
1763080115.841278 966000
1763080115.841342 967200
1763080115.841525 968400
1763080115.841568 969600
1763080115.841607 970800
1763080115.841642 972000
1763080115.841683 973200
1763080115.841798 974400
1763080115.841894 975600
1763080115.841940 976800
1763080115.841975 978000
1763080115.842005 979200
1763080115.842032 980400
1763080115.842059 981600
1763080115.842092 982800
1763080115.842128 984000
1763080115.842161 985200
1763080115.842239 986400
1763080115.842273 987600
1763080115.842321 988800
1763080115.842363 990000
1763080115.842396 991200
1763080115.842432 992400
1763080115.842462 993600
1763080115.842490 994800
1763080115.842526 996000
1763080115.842559 997200
1763080115.842590 998400
1763080115.842630 999600
1763080115.842688 1000800
1763080115.842731 1002000
1763080115.842757 1003200
1763080115.842806 1003229
