1763080091.747906 1200
1763080091.748026 2400
1763080091.748390 3600
1763080091.748437 4800
1763080091.748783 6000
1763080091.748827 7200
1763080091.749192 8400
1763080091.749238 9600
1763080091.749590 10800
1763080091.749627 12000
1763080091.749984 13200
1763080091.750018 14400
1763080091.750363 15600
1763080091.750402 16800
1763080091.750762 18000
1763080091.750825 19200
1763080091.751148 20400
1763080091.751184 21600
1763080091.751516 22800
1763080091.751550 24000
1763080091.751881 25200
1763080091.751912 26400
1763080091.752277 27600
1763080091.752312 28800
1763080091.752679 30000
1763080091.752714 31200
1763080091.753044 32400
1763080091.753081 33600
1763080091.753445 34800
1763080091.753479 36000
1763080091.753820 37200
1763080091.753859 38400
1763080091.754204 39600
1763080091.754236 40800
1763080091.754581 42000
1763080091.754613 43200
1763080091.754878 44400
1763080091.754909 45600
1763080091.755184 46800
1763080091.755243 48000
1763080091.755430 49200
1763080091.755462 50400
1763080091.755662 51600
1763080091.755724 52800
1763080091.755916 54000
1763080091.755949 55200
1763080091.756148 56400
1763080091.756185 57600
1763080091.756390 58800
1763080091.756428 60000
1763080091.756616 61200
1763080091.756653 62400
1763080091.756830 63600
1763080091.756864 64800
1763080091.757056 66000
1763080091.757134 67200
1763080091.757344 68400
1763080091.757382 69600
1763080091.757555 70800
1763080091.757591 72000
1763080091.757786 73200
1763080091.757827 74400
1763080091.758029 75600
1763080091.758063 76800
1763080091.758263 78000
1763080091.758320 79200
1763080091.758473 80400
1763080091.758514 81600
1763080091.758742 82800
1763080091.758780 84000
1763080091.758986 85200
1763080091.759019 86400
1763080091.759243 87600
1763080091.759279 88800
1763080091.759480 90000
1763080091.759522 91200
1763080091.759696 92400
1763080091.759762 93600
1763080091.759928 94800
1763080091.759996 96000
1763080091.760200 97200
1763080091.760235 98400
1763080091.760470 99600
1763080091.760512 100800
1763080091.760767 102000
1763080091.760803 103200
1763080091.761023 104400
1763080091.761070 105600
1763080091.761278 106800
1763080091.761332 108000
1763080091.761484 109200
1763080091.761583 110400
1763080091.761787 111600
1763080091.761821 112800
1763080091.762022 114000
1763080091.762067 115200
1763080091.762273 116400
1763080091.762309 117600
1763080091.762532 118800
1763080091.762581 120000
1763080091.762798 121200
1763080091.762842 122400
1763080091.763035 123600
1763080091.763074 124800
1763080091.763256 126000
1763080091.763293 127200
1763080091.763491 128400
1763080091.763528 129600
1763080091.763713 130800
1763080091.763752 132000
1763080091.763971 133200
1763080091.764008 134400
1763080091.764198 135600
1763080091.764233 136800
1763080091.764445 138000
1763080091.764487 139200
1763080091.764690 140400
1763080091.764725 141600
1763080091.764925 142800
1763080091.764961 144000
1763080091.765169 145200
1763080091.765211 146400
1763080091.765399 147600
1763080091.765441 148800
1763080091.765642 150000
1763080091.765679 151200
1763080091.765889 152400
1763080091.765921 153600
1763080091.766116 154800
1763080091.766160 156000
1763080091.766397 157200
1763080091.766427 158400
1763080091.766606 159600
1763080091.766643 160800
1763080091.766835 162000
1763080091.766866 163200
1763080091.767087 164400
1763080091.767122 165600
1763080091.767317 166800
1763080091.767353 168000
1763080091.767555 169200
1763080091.767608 170400
1763080091.767729 171600
1763080091.767912 172800
1763080091.767942 174000
1763080091.768152 175200
1763080091.768182 176400
1763080091.768396 177600
1763080091.768426 178800
1763080091.768665 180000
1763080091.768700 181200
1763080091.768927 182400
1763080091.768957 183600
1763080091.769163 184800
1763080091.769193 186000
1763080091.769405 187200
1763080091.769439 188400
1763080091.769649 189600
1763080091.769680 190800
1763080091.769874 192000
1763080091.769905 193200
1763080091.770111 194400
1763080091.770148 195600
1763080091.770347 196800
1763080091.770379 198000
1763080091.770587 199200
1763080091.770633 200400
1763080091.770794 201600
1763080091.770853 202800
1763080091.771081 204000
1763080091.771119 205200
1763080091.771294 206400
1763080091.771336 207600
1763080091.771513 208800
1763080091.771549 210000
1763080091.771770 211200
1763080091.771813 212400
1763080091.772006 213600
1763080091.772045 214800
1763080091.772267 216000
1763080091.772302 217200
1763080091.772511 218400
1763080091.772548 219600
1763080091.772759 220800
1763080091.772801 222000
1763080091.772993 223200
1763080091.773030 224400
1763080091.773228 225600
1763080091.773262 226800
1763080091.773438 228000
1763080091.773480 229200
1763080091.773692 230400
1763080091.773728 231600
1763080091.773901 232800
1763080091.773946 234000
1763080091.774135 235200
1763080091.774180 236400
1763080091.774370 237600
1763080091.774404 238800
1763080091.774506 240000
1763080091.774548 241200
1763080091.774631 242400
1763080091.774672 243600
1763080091.774742 244800
1763080091.774778 246000
1763080091.774864 247200
1763080091.774896 248400
1763080091.774998 249600
1763080091.775038 250800
1763080091.775115 252000
1763080091.775148 253200
1763080091.775208 254400
1763080091.775246 255600
1763080091.775326 256800
1763080091.775358 258000
1763080091.775440 259200
1763080091.775491 260400
1763080091.775562 261600
1763080091.775600 262800
1763080091.775686 264000
1763080091.775731 265200
1763080091.775807 266400
1763080091.775882 267600
1763080091.775989 268800
1763080091.776043 270000
1763080091.776081 271200
1763080091.776152 272400
1763080091.776187 273600
1763080091.776260 274800
1763080091.776309 276000
1763080091.776373 277200
1763080091.776412 278400
1763080091.776480 279600
1763080091.776515 280800
1763080091.776708 282000
1763080091.776761 283200
1763080091.776850 284400
1763080091.777000 285600
1763080091.777051 286800
1763080091.777261 288000
1763080091.777365 289200
1763080091.777638 290400
1763080091.777690 291600
1763080091.777746 292800
1763080091.777799 294000
1763080091.777867 295200
1763080091.777903 296400
1763080091.778010 297600
1763080091.778052 298800
1763080091.778103 300000
1763080091.778136 301200
1763080091.778202 302400
1763080091.778231 303600
1763080091.778305 304800
1763080091.778354 306000
1763080091.778416 307200
1763080091.778452 308400
1763080091.778520 309600
1763080091.778575 310800
1763080091.778676 312000
1763080091.778748 313200
1763080091.778810 314400
1763080091.778868 315600
1763080091.778949 316800
1763080091.778984 318000
1763080091.779049 319200
1763080091.779094 320400
1763080091.779204 321600
1763080091.779232 322800
1763080091.779323 324000
1763080091.779376 325200
1763080091.779432 326400
1763080091.779468 327600
1763080091.779547 328800
1763080091.779585 330000
1763080091.779689 331200
1763080091.779718 332400
1763080091.779805 333600
1763080091.779842 334800
1763080091.779908 336000
1763080091.779945 337200
1763080091.780063 338400
1763080091.780097 339600
1763080091.780182 340800
1763080091.780232 342000
1763080091.780269 343200
1763080091.780337 344400
1763080091.780364 345600
1763080091.780448 346800
1763080091.780493 348000
1763080091.780554 349200
1763080091.780609 350400
1763080091.780674 351600
1763080091.780722 352800
1763080091.780758 354000
1763080091.780839 355200
1763080091.780881 356400
1763080091.780947 357600
1763080091.780975 358800
1763080091.781069 360000
1763080091.781118 361200
1763080091.781167 362400
1763080091.781203 363600
1763080091.781269 364800
1763080091.781298 366000
1763080091.781390 367200
1763080091.781426 368400
1763080091.781492 369600
1763080091.781526 370800
1763080091.781609 372000
1763080091.781646 373200
1763080091.781730 374400
1763080091.781773 375600
1763080091.781865 376800
1763080091.781896 378000
1763080091.781991 379200
1763080091.782110 380400
1763080091.782156 381600
1763080091.782222 382800
1763080091.782272 384000
1763080091.782327 385200
1763080091.782384 386400
1763080091.782420 387600
1763080091.782540 388800
1763080091.782581 390000
1763080091.782633 391200
1763080091.782668 392400
1763080091.782743 393600
1763080091.782782 394800
1763080091.782848 396000
1763080091.782876 397200
1763080091.783003 398400
1763080091.783070 399600
1763080091.783136 400800
1763080091.783184 402000
1763080091.783246 403200
1763080091.783274 404400
1763080091.783374 405600
1763080091.783401 406800
1763080091.783472 408000
1763080091.783509 409200
1763080091.783591 410400
1763080091.783634 411600
1763080091.783693 412800
1763080091.783741 414000
1763080091.783800 415200
1763080091.783836 416400
1763080091.783909 417600
1763080091.783954 418800
1763080091.784018 420000
1763080091.784078 421200
1763080091.784155 422400
1763080091.784184 423600
1763080091.784271 424800
1763080091.784334 426000
1763080091.784373 427200
1763080091.784437 428400
1763080091.784474 429600
1763080091.784561 430800
1763080091.784596 432000
1763080091.784684 433200
1763080091.784722 434400
1763080091.784773 435600
1763080091.784809 436800
1763080091.784907 438000
1763080091.784935 439200
1763080091.785007 440400
1763080091.785043 441600
1763080091.785138 442800
1763080091.785166 444000
1763080091.785239 445200
1763080091.785273 446400
1763080091.785364 447600
1763080091.785401 448800
1763080091.785458 450000
1763080091.785496 451200
1763080091.785558 452400
1763080091.785602 453600
1763080091.785673 454800
1763080091.785701 456000
1763080091.785774 457200
1763080091.785810 458400
1763080091.785873 459600
1763080091.785909 460800
1763080091.786009 462000
1763080091.786046 463200
1763080091.786100 464400
1763080091.786154 465600
1763080091.786189 466800
1763080091.786263 468000
1763080091.786346 469200
1763080091.786372 470400
1763080091.786450 471600
1763080091.786488 472800
1763080091.786539 474000
1763080091.786587 475200
1763080091.786666 476400
1763080091.786693 477600
1763080091.786772 478800
1763080091.786836 480000
1763080091.786872 481200
1763080091.786982 482400
1763080091.787101 483600
1763080091.787137 484800
1763080091.787247 486000
1763080091.787360 487200
1763080091.787411 488400
1763080091.787465 489600
1763080091.787531 490800
1763080091.787575 492000
1763080091.787640 493200
1763080091.787713 494400
1763080091.787769 495600
1763080091.787836 496800
1763080091.787869 498000
1763080091.787998 499200
1763080091.788025 500400
1763080091.788117 501600
1763080091.788155 502800
1763080091.788222 504000
1763080091.788259 505200
1763080091.788339 506400
1763080091.788379 507600
1763080091.788474 508800
1763080091.788513 510000
1763080091.788587 511200
1763080091.788626 512400
1763080091.788677 513600
1763080091.788711 514800
1763080091.788785 516000
1763080091.788814 517200
1763080091.788909 518400
1763080091.788945 519600
1763080091.789017 520800
1763080091.789047 522000
1763080091.789126 523200
1763080091.789178 524400
1763080091.789214 525600
1763080091.789303 526800
1763080091.789343 528000
1763080091.789394 529200
1763080091.789431 530400
1763080091.789512 531600
1763080091.789550 532800
1763080091.789610 534000
1763080091.789644 535200
1763080091.789736 536400
1763080091.789792 537600
1763080091.789829 538800
1763080091.789925 540000
1763080091.789963 541200
1763080091.790026 542400
1763080091.790061 543600
1763080091.790150 544800
1763080091.790200 546000
1763080091.790237 547200
1763080091.790342 548400
1763080091.790372 549600
1763080091.790459 550800
1763080091.790492 552000
1763080091.790580 553200
1763080091.790632 554400
1763080091.790673 555600
1763080091.790763 556800
1763080091.790799 558000
1763080091.790878 559200
1763080091.790905 560400
1763080091.790974 561600
1763080091.791024 562800
1763080091.791069 564000
1763080091.791197 565200
1763080091.791228 566400
1763080091.791290 567600
1763080091.791341 568800
1763080091.791379 570000
1763080091.791444 571200
1763080091.791481 572400
1763080091.791569 573600
1763080091.791605 574800
1763080091.791703 576000
1763080091.791734 577200
1763080091.791800 578400
1763080091.791865 579600
1763080091.791968 580800
1763080091.792045 582000
1763080091.792082 583200
1763080091.792155 584400
1763080091.792212 585600
1763080091.792264 586800
1763080091.792305 588000
1763080091.792374 589200
1763080091.792523 590400
1763080091.792599 591600
1763080091.792653 592800
1763080091.792728 594000
1763080091.792890 595200
1763080091.793134 596400
1763080091.793231 597600
1763080091.793282 598800
1763080091.793331 600000
1763080091.793368 601200
1763080091.793425 602400
1763080091.793467 603600
1763080091.793565 604800
1763080091.793654 606000
1763080091.793737 607200
1763080091.793793 608400
1763080091.794007 609600
1763080091.794138 610800
1763080091.794267 612000
1763080091.794330 613200
1763080091.794412 614400
1763080091.794493 615600
1763080091.794550 616800
1763080091.794597 618000
1763080091.794718 619200
1763080091.794794 620400
1763080091.794872 621600
1763080091.794919 622800
1763080091.794983 624000
1763080091.795024 625200
1763080091.795164 626400
1763080091.795202 627600
1763080091.795270 628800
1763080091.795323 630000
1763080091.795372 631200
1763080091.795406 632400
1763080091.795478 633600
1763080091.795523 634800
1763080091.795578 636000
1763080091.795655 637200
1763080091.795719 638400
1763080091.795770 639600
1763080091.795820 640800
1763080091.795877 642000
1763080091.795916 643200
1763080091.796001 644400
1763080091.796038 645600
1763080091.796135 646800
1763080091.796174 648000
1763080091.796234 649200
1763080091.796272 650400
1763080091.796339 651600
1763080091.796374 652800
1763080091.796455 654000
1763080091.796486 655200
1763080091.796557 656400
1763080091.796604 657600
1763080091.796656 658800
1763080091.796699 660000
1763080091.796807 661200
1763080091.796853 662400
1763080091.796954 663600
1763080091.796988 664800
1763080091.797085 666000
1763080091.797123 667200
1763080091.797197 668400
1763080091.797228 669600
1763080091.797291 670800
1763080091.797346 672000
1763080091.797379 673200
1763080091.797463 674400
1763080091.797501 675600
1763080091.797608 676800
1763080091.797668 678000
1763080091.797707 679200
1763080091.797792 680400
1763080091.797821 681600
1763080091.797910 682800
1763080091.797945 684000
1763080091.798064 685200
1763080091.798104 686400
1763080091.798153 687600
1763080091.798209 688800
1763080091.798246 690000
1763080091.798313 691200
1763080091.798357 692400
1763080091.798411 693600
1763080091.798445 694800
1763080091.798519 696000
1763080091.798557 697200
1763080091.798653 698400
1763080091.798682 699600
1763080091.798768 700800
1763080091.798804 702000
1763080091.798889 703200
1763080091.798929 704400
1763080091.798986 705600
1763080091.799023 706800
1763080091.799094 708000
1763080091.799147 709200
1763080091.799196 710400
1763080091.799301 711600
1763080091.799328 712800
1763080091.799410 714000
1763080091.799439 715200
1763080091.799533 716400
1763080091.799566 717600
1763080091.799663 718800
1763080091.799701 720000
1763080091.799797 721200
1763080091.799825 722400
1763080091.799925 723600
1763080091.799967 724800
1763080091.800032 726000
1763080091.800060 727200
1763080091.800156 728400
1763080091.800186 729600
1763080091.800265 730800
1763080091.800321 732000
1763080091.800371 733200
1763080091.800424 734400
1763080091.800460 735600
1763080091.800540 736800
1763080091.800574 738000
1763080091.800687 739200
1763080091.800716 740400
1763080091.800794 741600
1763080091.800830 742800
1763080091.800907 744000
1763080091.800952 745200
1763080091.801025 746400
1763080091.801070 747600
1763080091.801121 748800
1763080091.801163 750000
1763080091.801265 751200
1763080091.801305 752400
1763080091.801388 753600
1763080091.801420 754800
1763080091.801481 756000
1763080091.801530 757200
1763080091.801587 758400
1763080091.801630 759600
1763080091.801683 760800
1763080091.801718 762000
1763080091.801801 763200
1763080091.801839 764400
1763080091.801967 765600
1763080091.802017 766800
1763080091.802086 768000
1763080091.802176 769200
1763080091.802213 770400
1763080091.802308 771600
1763080091.802343 772800
1763080091.802403 774000
1763080091.802441 775200
1763080091.802532 776400
1763080091.802614 777600
1763080091.802691 778800
1763080091.802737 780000
1763080091.802836 781200
1763080091.802867 782400
1763080091.803017 783600
1763080091.803050 784800
1763080091.803152 786000
1763080091.803186 787200
1763080091.803284 788400
1763080091.803324 789600
1763080091.803396 790800
1763080091.803470 792000
1763080091.803527 793200
1763080091.803614 794400
1763080091.803655 795600
1763080091.803740 796800
1763080091.803784 798000
1763080091.803910 799200
1763080091.803941 800400
1763080091.804007 801600
1763080091.804047 802800
1763080091.804109 804000
1763080091.804144 805200
1763080091.804208 806400
1763080091.804248 807600
1763080091.804318 808800
1763080091.804346 810000
1763080091.804471 811200
1763080091.804499 812400
1763080091.804573 813600
1763080091.804611 814800
1763080091.804696 816000
1763080091.804723 817200
1763080091.804806 818400
1763080091.804852 819600
1763080091.804924 820800
1763080091.804950 822000
1763080091.805042 823200
1763080091.805084 824400
1763080091.805170 825600
1763080091.805198 826800
1763080091.805275 828000
1763080091.805303 829200
1763080091.805376 830400
1763080091.805414 831600
1763080091.805498 832800
1763080091.805546 834000
1763080091.805596 835200
1763080091.805648 836400
1763080091.805683 837600
1763080091.805770 838800
1763080091.805807 840000
1763080091.805898 841200
1763080091.805940 842400
1763080091.806002 843600
1763080091.806033 844800
1763080091.806106 846000
1763080091.806167 847200
1763080091.806215 848400
1763080091.806283 849600
1763080091.806312 850800
1763080091.806453 852000
1763080091.806482 853200
1763080091.806567 854400
1763080091.806603 855600
1763080091.806668 856800
1763080091.806704 858000
1763080091.806805 859200
1763080091.806835 860400
1763080091.806936 861600
1763080091.806963 862800
1763080091.807048 864000
1763080091.807123 865200
1763080091.807166 866400
1763080091.807218 867600
1763080091.807259 868800
1763080091.807325 870000
1763080091.807358 871200
1763080091.807442 872400
1763080091.807484 873600
1763080091.807565 874800
1763080091.807626 876000
1763080091.807698 877200
1763080091.807741 878400
1763080091.807794 879600
1763080091.807828 880800
1763080091.807929 882000
1763080091.807962 883200
1763080091.808090 884400
1763080091.808128 885600
1763080091.808258 886800
1763080091.808285 888000
1763080091.808352 889200
1763080091.808396 890400
1763080091.808442 891600
1763080091.808475 892800
1763080091.808557 894000
1763080091.808589 895200
1763080091.808675 896400
1763080091.808716 897600
1763080091.808769 898800
1763080091.808806 900000
1763080091.808872 901200
1763080091.808908 902400
1763080091.809015 903600
1763080091.809052 904800
1763080091.809111 906000
1763080091.809147 907200
1763080091.809248 908400
1763080091.809299 909600
1763080091.809381 910800
1763080091.809432 912000
1763080091.809474 913200
1763080091.809649 914400
1763080091.809678 915600
1763080091.809774 916800
1763080091.809815 918000
1763080091.809890 919200
1763080091.809922 920400
1763080091.810000 921600
1763080091.810064 922800
1763080091.810173 924000
1763080091.810221 925200
1763080091.810314 926400
1763080091.810458 927600
1763080091.810567 928800
1763080091.810658 930000
1763080091.810726 931200
1763080091.810800 932400
1763080091.810852 933600
1763080091.810898 934800
1763080091.811041 936000
1763080091.811085 937200
1763080091.811170 938400
1763080091.811201 939600
1763080091.811277 940800
1763080091.811311 942000
1763080091.811394 943200
1763080091.811435 944400
1763080091.811501 945600
1763080091.811545 946800
1763080091.811606 948000
1763080091.811658 949200
1763080091.811734 950400
1763080091.811782 951600
1763080091.811833 952800
1763080091.811872 954000
1763080091.811971 955200
1763080091.812070 956400
1763080091.812119 957600
1763080091.812175 958800
1763080091.812235 960000
1763080091.812274 961200
1763080091.812342 962400
1763080091.812380 963600
1763080091.812447 964800
1763080091.812489 966000
1763080091.812564 967200
1763080091.812603 968400
1763080091.812683 969600
1763080091.812730 970800
1763080091.812786 972000
1763080091.812837 973200
1763080091.812885 974400
1763080091.812918 975600
1763080091.813016 976800
1763080091.813070 978000
1763080091.813126 979200
1763080091.813163 980400
1763080091.813238 981600
1763080091.813295 982800
1763080091.813339 984000
1763080091.813426 985200
1763080091.813465 986400
1763080091.813555 987600
1763080091.813611 988800
1763080091.813703 990000
1763080091.813738 991200
1763080091.813830 992400
1763080091.813862 993600
1763080091.813953 994800
1763080091.813990 996000
1763080091.814040 997200
1763080091.814074 998400
1763080091.814148 999600
1763080091.814183 1000800
1763080091.814242 1002000
1763080091.814284 1003200
1763080091.814355 1003229
