1763080112.364267 1200
1763080112.364678 2400
1763080112.364747 3600
1763080112.364798 4800
1763080112.364841 6000
1763080112.364881 7200
1763080112.364919 8400
1763080112.364958 9600
1763080112.365270 10800
1763080112.365706 12000
1763080112.365749 13200
1763080112.365790 14400
1763080112.365826 15600
1763080112.365862 16800
1763080112.365897 18000
1763080112.365931 19200
1763080112.366535 20400
1763080112.366783 21600
1763080112.366822 22800
1763080112.366858 24000
1763080112.366897 25200
1763080112.366934 26400
1763080112.366968 27600
1763080112.367002 28800
1763080112.367387 30000
1763080112.367805 31200
1763080112.367847 32400
1763080112.367900 33600
1763080112.367939 34800
1763080112.367973 36000
1763080112.368016 37200
1763080112.368051 38400
1763080112.368086 39600
1763080112.368236 40800
1763080112.368369 42000
1763080112.368596 43200
1763080112.368676 44400
1763080112.368810 45600
1763080112.368851 46800
1763080112.368887 48000
1763080112.368928 49200
1763080112.368964 50400
1763080112.369000 51600
1763080112.369049 52800
1763080112.369085 54000
1763080112.369293 55200
1763080112.369467 56400
1763080112.369560 57600
1763080112.369657 58800
1763080112.369739 60000
1763080112.369832 61200
1763080112.369877 62400
1763080112.369959 63600
1763080112.370158 64800
1763080112.370202 66000
1763080112.370241 67200
1763080112.370279 68400
1763080112.370312 69600
1763080112.370355 70800
1763080112.370386 72000
1763080112.370417 73200
1763080112.370592 74400
1763080112.370818 75600
1763080112.370856 76800
1763080112.370888 78000
1763080112.370955 79200
1763080112.370987 80400
1763080112.371022 81600
1763080112.371055 82800
1763080112.371105 84000
1763080112.371136 85200
1763080112.371308 86400
1763080112.371360 87600
1763080112.371401 88800
1763080112.371435 90000
1763080112.371595 91200
1763080112.371636 92400
1763080112.371697 93600
1763080112.371741 94800
1763080112.371808 96000
1763080112.371848 97200
1763080112.371915 98400
1763080112.371952 99600
1763080112.372025 100800
1763080112.372193 102000
1763080112.372331 103200
1763080112.372398 104400
1763080112.372432 105600
1763080112.372475 106800
1763080112.372508 108000
1763080112.372542 109200
1763080112.372575 110400
1763080112.372607 111600
1763080112.372717 112800
1763080112.372849 114000
1763080112.372896 115200
1763080112.372960 116400
1763080112.373005 117600
1763080112.373042 118800
1763080112.373078 120000
1763080112.373157 121200
1763080112.373241 122400
1763080112.373312 123600
1763080112.373365 124800
1763080112.373429 126000
1763080112.373474 127200
1763080112.373538 128400
1763080112.373696 129600
1763080112.373789 130800
1763080112.373987 132000
1763080112.374024 133200
1763080112.374060 134400
1763080112.374092 135600
1763080112.374124 136800
1763080112.374155 138000
1763080112.374185 139200
1763080112.374367 140400
1763080112.374610 141600
1763080112.374653 142800
1763080112.374687 144000
1763080112.374719 145200
1763080112.374771 146400
1763080112.374815 147600
1763080112.374885 148800
1763080112.374925 150000
1763080112.375043 151200
1763080112.375117 152400
1763080112.375150 153600
1763080112.375192 154800
1763080112.375322 156000
1763080112.375595 157200
1763080112.375671 158400
1763080112.375707 159600
1763080112.375742 160800
1763080112.375800 162000
1763080112.375839 163200
1763080112.375877 164400
1763080112.375915 165600
1763080112.375949 166800
1763080112.376113 168000
1763080112.376424 169200
1763080112.376666 170400
1763080112.376808 171600
1763080112.376938 172800
1763080112.376979 174000
1763080112.377015 175200
1763080112.377053 176400
1763080112.377113 177600
1763080112.377156 178800
1763080112.377207 180000
1763080112.377245 181200
1763080112.377278 182400
1763080112.377425 183600
1763080112.377544 184800
1763080112.377708 186000
1763080112.377762 187200
1763080112.377797 188400
1763080112.377856 189600
1763080112.377897 190800
1763080112.377978 192000
1763080112.378052 193200
1763080112.378125 194400
1763080112.378178 195600
1763080112.378241 196800
1763080112.378274 198000
1763080112.378304 199200
1763080112.378379 200400
1763080112.378412 201600
1763080112.378494 202800
1763080112.378551 204000
1763080112.378614 205200
1763080112.378654 206400
1763080112.378808 207600
1763080112.379004 208800
1763080112.379040 210000
1763080112.379071 211200
1763080112.379100 212400
1763080112.379131 213600
1763080112.379162 214800
1763080112.379191 216000
1763080112.379356 217200
1763080112.379396 218400
1763080112.379429 219600
1763080112.379492 220800
1763080112.379530 222000
1763080112.379599 223200
1763080112.379639 224400
1763080112.379711 225600
1763080112.379746 226800
1763080112.379827 228000
1763080112.379897 229200
1763080112.380026 230400
1763080112.380107 231600
1763080112.380154 232800
1763080112.380344 234000
1763080112.380375 235200
1763080112.380405 236400
1763080112.380434 237600
1763080112.380466 238800
1763080112.380496 240000
1763080112.380525 241200
1763080112.380856 242400
1763080112.380952 243600
1763080112.380986 244800
1763080112.381021 246000
1763080112.381052 247200
1763080112.381082 248400
1763080112.381112 249600
1763080112.381143 250800
1763080112.381376 252000
1763080112.381526 253200
1763080112.381559 254400
1763080112.381592 255600
1763080112.381622 256800
1763080112.381652 258000
1763080112.381683 259200
1763080112.381712 260400
1763080112.382030 261600
1763080112.382091 262800
1763080112.382125 264000
1763080112.382156 265200
1763080112.382187 266400
1763080112.382216 267600
1763080112.382248 268800
1763080112.382279 270000
1763080112.382658 271200
1763080112.382690 272400
1763080112.382722 273600
1763080112.382751 274800
1763080112.382782 276000
1763080112.382814 277200
1763080112.382843 278400
1763080112.382876 279600
1763080112.383095 280800
1763080112.383171 282000
1763080112.383253 283200
1763080112.383293 284400
1763080112.383326 285600
1763080112.383358 286800
1763080112.383390 288000
1763080112.383422 289200
1763080112.383452 290400
1763080112.383582 291600
1763080112.383653 292800
1763080112.383873 294000
1763080112.383910 295200
1763080112.383943 296400
1763080112.383975 297600
1763080112.384031 298800
1763080112.384062 300000
1763080112.384122 301200
1763080112.384164 302400
1763080112.384228 303600
1763080112.384273 304800
1763080112.384442 306000
1763080112.384499 307200
1763080112.384530 308400
1763080112.384772 309600
1763080112.384810 310800
1763080112.384974 312000
1763080112.385038 313200
1763080112.385095 314400
1763080112.385212 315600
1763080112.385248 316800
1763080112.385280 318000
1763080112.385321 319200
1763080112.385382 320400
1763080112.385453 321600
1763080112.385490 322800
1763080112.385552 324000
1763080112.385610 325200
1763080112.385655 326400
1763080112.385716 327600
1763080112.385777 328800
1763080112.385824 330000
1763080112.385883 331200
1763080112.385944 332400
1763080112.385978 333600
1763080112.386174 334800
1763080112.386244 336000
1763080112.386422 337200
1763080112.386455 338400
1763080112.386487 339600
1763080112.386518 340800
1763080112.386549 342000
1763080112.386623 343200
1763080112.386658 344400
1763080112.386689 345600
1763080112.386760 346800
1763080112.386899 348000
1763080112.387152 349200
1763080112.387184 350400
1763080112.387216 351600
1763080112.387245 352800
1763080112.387274 354000
1763080112.387305 355200
1763080112.387336 356400
1763080112.387483 357600
1763080112.387521 358800
1763080112.387583 360000
1763080112.387625 361200
1763080112.387692 362400
1763080112.387724 363600
1763080112.387809 364800
1763080112.387882 366000
1763080112.388124 367200
1763080112.388155 368400
1763080112.388182 369600
1763080112.388214 370800
1763080112.388248 372000
1763080112.388283 373200
1763080112.388317 374400
1763080112.388344 375600
1763080112.388371 376800
1763080112.388397 378000
1763080112.388424 379200
1763080112.388457 380400
1763080112.388483 381600
1763080112.388509 382800
1763080112.388538 384000
1763080112.388571 385200
1763080112.388597 386400
1763080112.388634 387600
1763080112.388672 388800
1763080112.388719 390000
1763080112.388752 391200
1763080112.388798 392400
1763080112.388834 393600
1763080112.388862 394800
1763080112.388897 396000
1763080112.388930 397200
1763080112.388972 398400
1763080112.389034 399600
1763080112.389075 400800
1763080112.389112 402000
1763080112.389155 403200
1763080112.389196 404400
1763080112.389243 405600
1763080112.389276 406800
1763080112.389305 408000
1763080112.389332 409200
1763080112.389367 410400
1763080112.389423 411600
1763080112.389463 412800
1763080112.389503 414000
1763080112.389535 415200
1763080112.389599 416400
1763080112.389628 417600
1763080112.389662 418800
1763080112.389711 420000
1763080112.389774 421200
1763080112.389837 422400
1763080112.389876 423600
1763080112.389910 424800
1763080112.389949 426000
1763080112.390014 427200
1763080112.390046 428400
1763080112.390094 429600
1763080112.390130 430800
1763080112.390164 432000
1763080112.390190 433200
1763080112.390223 434400
1763080112.390249 435600
1763080112.390292 436800
1763080112.390331 438000
1763080112.390361 439200
1763080112.390390 440400
1763080112.390443 441600
1763080112.390475 442800
1763080112.390511 444000
1763080112.390557 445200
1763080112.390587 446400
1763080112.390621 447600
1763080112.390653 448800
1763080112.390688 450000
1763080112.390722 451200
1763080112.390796 452400
1763080112.390841 453600
1763080112.390877 454800
1763080112.390933 456000
1763080112.390973 457200
1763080112.391013 458400
1763080112.391048 459600
1763080112.391092 460800
1763080112.391133 462000
1763080112.391161 463200
1763080112.391208 464400
1763080112.391236 465600
1763080112.391279 466800
1763080112.391333 468000
1763080112.391375 469200
1763080112.391403 470400
1763080112.391439 471600
1763080112.391470 472800
1763080112.391497 474000
1763080112.391532 475200
1763080112.391576 476400
1763080112.391617 477600
1763080112.391648 478800
1763080112.391689 480000
1763080112.391717 481200
1763080112.391747 482400
1763080112.391791 483600
1763080112.391833 484800
1763080112.391871 486000
1763080112.391904 487200
1763080112.391938 488400
1763080112.391971 489600
1763080112.392024 490800
1763080112.392058 492000
1763080112.392133 493200
1763080112.392171 494400
1763080112.392200 495600
1763080112.392228 496800
1763080112.392278 498000
1763080112.392314 499200
1763080112.392363 500400
1763080112.392399 501600
1763080112.392430 502800
1763080112.392487 504000
1763080112.392522 505200
1763080112.392564 506400
1763080112.392611 507600
1763080112.392640 508800
1763080112.392700 510000
1763080112.392814 511200
1763080112.392858 512400
1763080112.392911 513600
1763080112.392969 514800
1763080112.393004 516000
1763080112.393041 517200
1763080112.393085 518400
1763080112.393161 519600
1763080112.393201 520800
1763080112.393237 522000
1763080112.393272 523200
1763080112.393317 524400
1763080112.393360 525600
1763080112.393465 526800
1763080112.393526 528000
1763080112.393590 529200
1763080112.393626 530400
1763080112.393654 531600
1763080112.393682 532800
1763080112.393717 534000
1763080112.393744 535200
1763080112.393861 536400
1763080112.393925 537600
1763080112.394000 538800
1763080112.394065 540000
1763080112.394245 541200
1763080112.394448 542400
1763080112.394540 543600
1763080112.394680 544800
1763080112.394745 546000
1763080112.394906 547200
1763080112.394949 548400
1763080112.394985 549600
1763080112.395013 550800
1763080112.395061 552000
1763080112.395122 553200
1763080112.395164 554400
1763080112.395201 555600
1763080112.395252 556800
1763080112.395304 558000
1763080112.395385 559200
1763080112.395522 560400
1763080112.395563 561600
1763080112.395636 562800
1763080112.395730 564000
1763080112.395761 565200
1763080112.395789 566400
1763080112.395838 567600
1763080112.395874 568800
1763080112.395908 570000
1763080112.395958 571200
1763080112.395997 572400
1763080112.396044 573600
1763080112.396085 574800
1763080112.396122 576000
1763080112.396157 577200
1763080112.396190 578400
1763080112.396254 579600
1763080112.396298 580800
1763080112.396324 582000
1763080112.396369 583200
1763080112.396407 584400
1763080112.396445 585600
1763080112.396476 586800
1763080112.396511 588000
1763080112.396545 589200
1763080112.396578 590400
1763080112.396663 591600
1763080112.396699 592800
1763080112.396737 594000
1763080112.396791 595200
1763080112.396847 596400
1763080112.396877 597600
1763080112.396920 598800
1763080112.396953 600000
1763080112.396988 601200
1763080112.397060 602400
1763080112.397094 603600
1763080112.397136 604800
1763080112.397171 606000
1763080112.397214 607200
1763080112.397241 608400
1763080112.397272 609600
1763080112.397306 610800
1763080112.397370 612000
1763080112.397403 613200
1763080112.397436 614400
1763080112.397470 615600
1763080112.397504 616800
1763080112.397549 618000
1763080112.397578 619200
1763080112.397614 620400
1763080112.397671 621600
1763080112.397705 622800
1763080112.397744 624000
1763080112.397791 625200
1763080112.397831 626400
1763080112.397871 627600
1763080112.397923 628800
1763080112.397955 630000
1763080112.397987 631200
1763080112.398022 632400
1763080112.398058 633600
1763080112.398084 634800
1763080112.398111 636000
1763080112.398158 637200
1763080112.398189 638400
1763080112.398227 639600
1763080112.398264 640800
1763080112.398306 642000
1763080112.398337 643200
1763080112.398371 644400
1763080112.398406 645600
1763080112.398441 646800
1763080112.398475 648000
1763080112.398510 649200
1763080112.398546 650400
1763080112.398584 651600
1763080112.398613 652800
1763080112.398645 654000
1763080112.398679 655200
1763080112.398727 656400
1763080112.398772 657600
1763080112.398821 658800
1763080112.398868 660000
1763080112.398898 661200
1763080112.398931 662400
1763080112.399006 663600
1763080112.399048 664800
1763080112.399082 666000
1763080112.399110 667200
1763080112.399144 668400
1763080112.399190 669600
1763080112.399281 670800
1763080112.399360 672000
1763080112.399473 673200
1763080112.399505 674400
1763080112.399544 675600
1763080112.399576 676800
1763080112.399615 678000
1763080112.399649 679200
1763080112.399681 680400
1763080112.399707 681600
1763080112.399749 682800
1763080112.399787 684000
1763080112.399833 685200
1763080112.399909 686400
1763080112.399958 687600
1763080112.399991 688800
1763080112.400029 690000
1763080112.400074 691200
1763080112.400111 692400
1763080112.400144 693600
1763080112.400170 694800
1763080112.400203 696000
1763080112.400250 697200
1763080112.400309 698400
1763080112.400340 699600
1763080112.400378 700800
1763080112.400405 702000
1763080112.400453 703200
1763080112.400492 704400
1763080112.400540 705600
1763080112.400567 706800
1763080112.400602 708000
1763080112.400642 709200
1763080112.400696 710400
1763080112.400731 711600
1763080112.400762 712800
1763080112.400803 714000
1763080112.400879 715200
1763080112.400947 716400
1763080112.400980 717600
1763080112.401026 718800
1763080112.401064 720000
1763080112.401115 721200
1763080112.401144 722400
1763080112.401173 723600
1763080112.401206 724800
1763080112.401251 726000
1763080112.401294 727200
1763080112.401335 728400
1763080112.401371 729600
1763080112.401414 730800
1763080112.401452 732000
1763080112.401481 733200
1763080112.401508 734400
1763080112.401541 735600
1763080112.401577 736800
1763080112.401623 738000
1763080112.401655 739200
1763080112.401697 740400
1763080112.401731 741600
1763080112.401760 742800
1763080112.401797 744000
1763080112.401850 745200
1763080112.401884 746400
1763080112.401916 747600
1763080112.401952 748800
1763080112.401997 750000
1763080112.402033 751200
1763080112.402068 752400
1763080112.402117 753600
1763080112.402163 754800
1763080112.402205 756000
1763080112.402235 757200
1763080112.402262 758400
1763080112.402319 759600
1763080112.402372 760800
1763080112.402403 762000
1763080112.402432 763200
1763080112.402477 764400
1763080112.402512 765600
1763080112.402563 766800
1763080112.402603 768000
1763080112.402664 769200
1763080112.402707 770400
1763080112.402745 771600
1763080112.402798 772800
1763080112.402826 774000
1763080112.402856 775200
1763080112.402892 776400
1763080112.402955 777600
1763080112.402984 778800
1763080112.403048 780000
1763080112.403087 781200
1763080112.403114 782400
1763080112.403153 783600
1763080112.403192 784800
1763080112.403254 786000
1763080112.403284 787200
1763080112.403320 788400
1763080112.403353 789600
1763080112.403388 790800
1763080112.403425 792000
1763080112.403483 793200
1763080112.403521 794400
1763080112.403560 795600
1763080112.403588 796800
1763080112.403629 798000
1763080112.403656 799200
1763080112.403691 800400
1763080112.403724 801600
1763080112.403760 802800
1763080112.403794 804000
1763080112.403820 805200
1763080112.403849 806400
1763080112.403882 807600
1763080112.403926 808800
1763080112.403973 810000
1763080112.404009 811200
1763080112.404044 812400
1763080112.404081 813600
1763080112.404113 814800
1763080112.404146 816000
1763080112.404210 817200
1763080112.404249 818400
1763080112.404329 819600
1763080112.404371 820800
1763080112.404437 822000
1763080112.404506 823200
1763080112.404537 824400
1763080112.404565 825600
1763080112.404592 826800
1763080112.404623 828000
1763080112.404686 829200
1763080112.404731 830400
1763080112.404765 831600
1763080112.404827 832800
1763080112.404890 834000
1763080112.405034 835200
1763080112.405117 836400
1763080112.405176 837600
1763080112.405213 838800
1763080112.405255 840000
1763080112.405281 841200
1763080112.405336 842400
1763080112.405363 843600
1763080112.405442 844800
1763080112.405503 846000
1763080112.405532 847200
1763080112.405566 848400
1763080112.405603 849600
1763080112.405639 850800
1763080112.405676 852000
1763080112.405711 853200
1763080112.405737 854400
1763080112.405765 855600
1763080112.405800 856800
1763080112.405837 858000
1763080112.405862 859200
1763080112.405889 860400
1763080112.405918 861600
1763080112.405950 862800
1763080112.405983 864000
1763080112.406014 865200
1763080112.406047 866400
1763080112.406102 867600
1763080112.406145 868800
1763080112.406183 870000
1763080112.406217 871200
1763080112.406244 872400
1763080112.406272 873600
1763080112.406304 874800
1763080112.406330 876000
1763080112.406358 877200
1763080112.406391 878400
1763080112.406476 879600
1763080112.406522 880800
1763080112.406552 882000
1763080112.406602 883200
1763080112.406636 884400
1763080112.406670 885600
1763080112.406714 886800
1763080112.406752 888000
1763080112.406794 889200
1763080112.406824 890400
1763080112.406859 891600
1763080112.406895 892800
1763080112.406928 894000
1763080112.406955 895200
1763080112.406981 896400
1763080112.407013 897600
1763080112.407057 898800
1763080112.407087 900000
1763080112.407145 901200
1763080112.407191 902400
1763080112.407236 903600
1763080112.407272 904800
1763080112.407308 906000
1763080112.407340 907200
1763080112.407374 908400
1763080112.407409 909600
1763080112.407443 910800
1763080112.407469 912000
1763080112.407496 913200
1763080112.407542 914400
1763080112.407585 915600
1763080112.407649 916800
1763080112.407689 918000
1763080112.407734 919200
1763080112.407767 920400
1763080112.407800 921600
1763080112.407834 922800
1763080112.407869 924000
1763080112.407905 925200
1763080112.407940 926400
1763080112.408011 927600
1763080112.408043 928800
1763080112.408076 930000
1763080112.408108 931200
1763080112.408151 932400
1763080112.408189 933600
1763080112.408227 934800
1763080112.408262 936000
1763080112.408314 937200
1763080112.408362 938400
1763080112.408395 939600
1763080112.408428 940800
1763080112.408463 942000
1763080112.408510 943200
1763080112.408559 944400
1763080112.408601 945600
1763080112.408641 946800
1763080112.408678 948000
1763080112.408737 949200
1763080112.408767 950400
1763080112.408809 951600
1763080112.408843 952800
1763080112.408900 954000
1763080112.408948 955200
1763080112.409010 956400
1763080112.409054 957600
1763080112.409088 958800
1763080112.409114 960000
1763080112.409161 961200
1763080112.409217 962400
1763080112.409301 963600
1763080112.409330 964800
1763080112.409412 966000
1763080112.409456 967200
1763080112.409492 968400
1763080112.409552 969600
1763080112.409614 970800
1763080112.409662 972000
1763080112.409690 973200
1763080112.409745 974400
1763080112.409810 975600
1763080112.409853 976800
1763080112.409893 978000
1763080112.410001 979200
1763080112.410069 980400
1763080112.410097 981600
1763080112.410146 982800
1763080112.410173 984000
1763080112.410212 985200
1763080112.410271 986400
1763080112.410313 987600
1763080112.410386 988800
1763080112.410431 990000
1763080112.410476 991200
1763080112.410520 992400
1763080112.410556 993600
1763080112.410583 994800
1763080112.410647 996000
1763080112.410721 997200
1763080112.410757 998400
1763080112.410792 999600
1763080112.410844 1000800
1763080112.410882 1002000
1763080112.410910 1003200
1763080112.411046 1003229
