1763080098.637214 1200
1763080098.637380 2400
1763080098.637441 3600
1763080098.637490 4800
1763080098.638020 6000
1763080098.638075 7200
1763080098.638118 8400
1763080098.638160 9600
1763080098.638552 10800
1763080098.638702 12000
1763080098.638746 13200
1763080098.638789 14400
1763080098.639293 15600
1763080098.639341 16800
1763080098.639381 18000
1763080098.639420 19200
1763080098.639933 20400
1763080098.639977 21600
1763080098.640013 22800
1763080098.640050 24000
1763080098.640567 25200
1763080098.640609 26400
1763080098.640645 27600
1763080098.640682 28800
1763080098.641193 30000
1763080098.641239 31200
1763080098.641276 32400
1763080098.641316 33600
1763080098.641822 34800
1763080098.641891 36000
1763080098.641966 37200
1763080098.642061 38400
1763080098.642185 39600
1763080098.642314 40800
1763080098.642391 42000
1763080098.642429 43200
1763080098.642473 44400
1763080098.642650 45600
1763080098.642756 46800
1763080098.642813 48000
1763080098.642856 49200
1763080098.642937 50400
1763080098.643043 51600
1763080098.643159 52800
1763080098.643245 54000
1763080098.643328 55200
1763080098.643375 56400
1763080098.643552 57600
1763080098.643638 58800
1763080098.643747 60000
1763080098.643967 61200
1763080098.644024 62400
1763080098.644174 63600
1763080098.644292 64800
1763080098.644354 66000
1763080098.644396 67200
1763080098.644441 68400
1763080098.644602 69600
1763080098.644736 70800
1763080098.644787 72000
1763080098.644825 73200
1763080098.644873 74400
1763080098.645020 75600
1763080098.645105 76800
1763080098.645179 78000
1763080098.645260 79200
1763080098.645338 80400
1763080098.645411 81600
1763080098.645485 82800
1763080098.645528 84000
1763080098.645574 85200
1763080098.645719 86400
1763080098.645851 87600
1763080098.645891 88800
1763080098.645927 90000
1763080098.646062 91200
1763080098.646183 92400
1763080098.646225 93600
1763080098.646262 94800
1763080098.646395 96000
1763080098.646436 97200
1763080098.646519 98400
1763080098.646560 99600
1763080098.646712 100800
1763080098.646843 102000
1763080098.646950 103200
1763080098.646996 104400
1763080098.647043 105600
1763080098.647080 106800
1763080098.647227 108000
1763080098.647275 109200
1763080098.647319 110400
1763080098.647513 111600
1763080098.647615 112800
1763080098.647765 114000
1763080098.647802 115200
1763080098.647836 116400
1763080098.648005 117600
1763080098.648104 118800
1763080098.648138 120000
1763080098.648172 121200
1763080098.648340 122400
1763080098.648428 123600
1763080098.648464 124800
1763080098.648497 126000
1763080098.648670 127200
1763080098.648764 128400
1763080098.648800 129600
1763080098.648833 130800
1763080098.648988 132000
1763080098.649030 133200
1763080098.649073 134400
1763080098.649135 135600
1763080098.649304 136800
1763080098.649399 138000
1763080098.649432 139200
1763080098.649464 140400
1763080098.649580 141600
1763080098.649720 142800
1763080098.649753 144000
1763080098.649786 145200
1763080098.649976 146400
1763080098.650024 147600
1763080098.650058 148800
1763080098.650093 150000
1763080098.650250 151200
1763080098.650350 152400
1763080098.650383 153600
1763080098.650417 154800
1763080098.650571 156000
1763080098.650670 157200
1763080098.650704 158400
1763080098.650736 159600
1763080098.650935 160800
1763080098.650978 162000
1763080098.651017 163200
1763080098.651051 164400
1763080098.651232 165600
1763080098.651320 166800
1763080098.651355 168000
1763080098.651388 169200
1763080098.651518 170400
1763080098.651647 171600
1763080098.651680 172800
1763080098.651712 174000
1763080098.651906 175200
1763080098.652022 176400
1763080098.652060 177600
1763080098.652093 178800
1763080098.652273 180000
1763080098.652351 181200
1763080098.652387 182400
1763080098.652423 183600
1763080098.652567 184800
1763080098.652695 186000
1763080098.652729 187200
1763080098.652762 188400
1763080098.652906 189600
1763080098.652999 190800
1763080098.653038 192000
1763080098.653074 193200
1763080098.653302 194400
1763080098.653346 195600
1763080098.653378 196800
1763080098.653411 198000
1763080098.653566 199200
1763080098.653662 200400
1763080098.653697 201600
1763080098.653758 202800
1763080098.653891 204000
1763080098.654018 205200
1763080098.654052 206400
1763080098.654086 207600
1763080098.654308 208800
1763080098.654355 210000
1763080098.654388 211200
1763080098.654422 212400
1763080098.654585 213600
1763080098.654622 214800
1763080098.654664 216000
1763080098.654695 217200
1763080098.654922 218400
1763080098.654967 219600
1763080098.655000 220800
1763080098.655032 222000
1763080098.655182 223200
1763080098.655268 224400
1763080098.655306 225600
1763080098.655338 226800
1763080098.655409 228000
1763080098.655525 229200
1763080098.655639 230400
1763080098.655681 231600
1763080098.655722 232800
1763080098.655751 234000
1763080098.655977 235200
1763080098.656015 236400
1763080098.656046 237600
1763080098.656089 238800
1763080098.656290 240000
1763080098.656332 241200
1763080098.656363 242400
1763080098.656393 243600
1763080098.656581 244800
1763080098.656623 246000
1763080098.656662 247200
1763080098.656695 248400
1763080098.656822 249600
1763080098.656959 250800
1763080098.656993 252000
1763080098.657023 253200
1763080098.657200 254400
1763080098.657236 255600
1763080098.657298 256800
1763080098.657335 258000
1763080098.657503 259200
1763080098.657584 260400
1763080098.657617 261600
1763080098.657649 262800
1763080098.657785 264000
1763080098.657902 265200
1763080098.657936 266400
1763080098.657968 267600
1763080098.658208 268800
1763080098.658240 270000
1763080098.658271 271200
1763080098.658303 272400
1763080098.658512 273600
1763080098.658548 274800
1763080098.658578 276000
1763080098.658610 277200
1763080098.658804 278400
1763080098.658859 279600
1763080098.658893 280800
1763080098.658924 282000
1763080098.659051 283200
1763080098.659096 284400
1763080098.659178 285600
1763080098.659253 286800
1763080098.659320 288000
1763080098.659375 289200
1763080098.659436 290400
1763080098.659651 291600
1763080098.659686 292800
1763080098.659753 294000
1763080098.659855 295200
1763080098.660054 296400
1763080098.660101 297600
1763080098.660140 298800
1763080098.660293 300000
1763080098.660362 301200
1763080098.660434 302400
1763080098.660489 303600
1763080098.660654 304800
1763080098.660737 306000
1763080098.660783 307200
1763080098.660818 308400
1763080098.660904 309600
1763080098.660986 310800
1763080098.661058 312000
1763080098.661168 313200
1763080098.661264 314400
1763080098.661310 315600
1763080098.661341 316800
1763080098.661565 318000
1763080098.661607 319200
1763080098.661639 320400
1763080098.661693 321600
1763080098.661838 322800
1763080098.661876 324000
1763080098.661929 325200
1763080098.661964 326400
1763080098.662003 327600
1763080098.662055 328800
1763080098.662131 330000
1763080098.662209 331200
1763080098.662369 332400
1763080098.662407 333600
1763080098.662439 334800
1763080098.662490 336000
1763080098.662532 337200
1763080098.662578 338400
1763080098.662612 339600
1763080098.662649 340800
1763080098.662685 342000
1763080098.662721 343200
1763080098.662760 344400
1763080098.662797 345600
1763080098.662857 346800
1763080098.662902 348000
1763080098.662938 349200
1763080098.662968 350400
1763080098.663005 351600
1763080098.663042 352800
1763080098.663078 354000
1763080098.663124 355200
1763080098.663167 356400
1763080098.663200 357600
1763080098.663242 358800
1763080098.663289 360000
1763080098.663333 361200
1763080098.663375 362400
1763080098.663414 363600
1763080098.663447 364800
1763080098.663490 366000
1763080098.663523 367200
1763080098.663561 368400
1763080098.663597 369600
1763080098.663646 370800
1763080098.663676 372000
1763080098.663714 373200
1763080098.663752 374400
1763080098.663787 375600
1763080098.663818 376800
1763080098.663855 378000
1763080098.663904 379200
1763080098.663934 380400
1763080098.663973 381600
1763080098.664009 382800
1763080098.664054 384000
1763080098.664095 385200
1763080098.664128 386400
1763080098.664164 387600
1763080098.664223 388800
1763080098.664258 390000
1763080098.664289 391200
1763080098.664340 392400
1763080098.664384 393600
1763080098.664421 394800
1763080098.664457 396000
1763080098.664495 397200
1763080098.664531 398400
1763080098.664596 399600
1763080098.664624 400800
1763080098.664653 402000
1763080098.664684 403200
1763080098.664718 404400
1763080098.664756 405600
1763080098.664801 406800
1763080098.664843 408000
1763080098.664877 409200
1763080098.664916 410400
1763080098.664954 411600
1763080098.664994 412800
1763080098.665046 414000
1763080098.665082 415200
1763080098.665117 416400
1763080098.665154 417600
1763080098.665201 418800
1763080098.665253 420000
1763080098.665284 421200
1763080098.665313 422400
1763080098.665363 423600
1763080098.665408 424800
1763080098.665449 426000
1763080098.665486 427200
1763080098.665522 428400
1763080098.665559 429600
1763080098.665588 430800
1763080098.665614 432000
1763080098.665648 433200
1763080098.665681 434400
1763080098.665726 435600
1763080098.665777 436800
1763080098.665808 438000
1763080098.665843 439200
1763080098.665878 440400
1763080098.665910 441600
1763080098.665959 442800
1763080098.665994 444000
1763080098.666028 445200
1763080098.666071 446400
1763080098.666117 447600
1763080098.666160 448800
1763080098.666198 450000
1763080098.666227 451200
1763080098.666258 452400
1763080098.666284 453600
1763080098.666319 454800
1763080098.666353 456000
1763080098.666387 457200
1763080098.666428 458400
1763080098.666467 459600
1763080098.666497 460800
1763080098.666535 462000
1763080098.666565 463200
1763080098.666599 464400
1763080098.666648 465600
1763080098.666712 466800
1763080098.666837 468000
1763080098.666867 469200
1763080098.666930 470400
1763080098.666975 471600
1763080098.667013 472800
1763080098.667051 474000
1763080098.667163 475200
1763080098.667238 476400
1763080098.667399 477600
1763080098.667540 478800
1763080098.667611 480000
1763080098.667665 481200
1763080098.667759 482400
1763080098.667859 483600
1763080098.667945 484800
1763080098.667999 486000
1763080098.668035 487200
1763080098.668108 488400
1763080098.668145 489600
1763080098.668210 490800
1763080098.668249 492000
1763080098.668304 493200
1763080098.668367 494400
1763080098.668429 495600
1763080098.668476 496800
1763080098.668514 498000
1763080098.668554 499200
1763080098.668594 500400
1763080098.668623 501600
1763080098.668656 502800
1763080098.668685 504000
1763080098.668760 505200
1763080098.668809 506400
1763080098.668856 507600
1763080098.668911 508800
1763080098.668948 510000
1763080098.668983 511200
1763080098.669031 512400
1763080098.669098 513600
1763080098.669148 514800
1763080098.669182 516000
1763080098.669223 517200
1763080098.669280 518400
1763080098.669316 519600
1763080098.669352 520800
1763080098.669396 522000
1763080098.669428 523200
1763080098.669497 524400
1763080098.669560 525600
1763080098.669595 526800
1763080098.669636 528000
1763080098.669677 529200
1763080098.669710 530400
1763080098.669746 531600
1763080098.669791 532800
1763080098.669824 534000
1763080098.669918 535200
1763080098.669974 536400
1763080098.670016 537600
1763080098.670054 538800
1763080098.670120 540000
1763080098.670165 541200
1763080098.670288 542400
1763080098.670321 543600
1763080098.670349 544800
1763080098.670413 546000
1763080098.670480 547200
1763080098.670517 548400
1763080098.670578 549600
1763080098.670635 550800
1763080098.670671 552000
1763080098.670696 553200
1763080098.670738 554400
1763080098.670786 555600
1763080098.670819 556800
1763080098.670865 558000
1763080098.670903 559200
1763080098.670938 560400
1763080098.670971 561600
1763080098.671005 562800
1763080098.671038 564000
1763080098.671074 565200
1763080098.671099 566400
1763080098.671124 567600
1763080098.671157 568800
1763080098.671191 570000
1763080098.671224 571200
1763080098.671298 572400
1763080098.671333 573600
1763080098.671365 574800
1763080098.671413 576000
1763080098.671449 577200
1763080098.671484 578400
1763080098.671518 579600
1763080098.671554 580800
1763080098.671618 582000
1763080098.671650 583200
1763080098.671684 584400
1763080098.671745 585600
1763080098.671864 586800
1763080098.671911 588000
1763080098.671971 589200
1763080098.672013 590400
1763080098.672051 591600
1763080098.672090 592800
1763080098.672126 594000
1763080098.672160 595200
1763080098.672218 596400
1763080098.672246 597600
1763080098.672273 598800
1763080098.672316 600000
1763080098.672353 601200
1763080098.672393 602400
1763080098.672485 603600
1763080098.672569 604800
1763080098.672597 606000
1763080098.672634 607200
1763080098.672668 608400
1763080098.672702 609600
1763080098.672735 610800
1763080098.672768 612000
1763080098.672803 613200
1763080098.672837 614400
1763080098.672872 615600
1763080098.672917 616800
1763080098.672966 618000
1763080098.672995 619200
1763080098.673045 620400
1763080098.673083 621600
1763080098.673123 622800
1763080098.673168 624000
1763080098.673202 625200
1763080098.673238 626400
1763080098.673272 627600
1763080098.673315 628800
1763080098.673354 630000
1763080098.673389 631200
1763080098.673424 632400
1763080098.673457 633600
1763080098.673491 634800
1763080098.673524 636000
1763080098.673577 637200
1763080098.673610 638400
1763080098.673639 639600
1763080098.673672 640800
1763080098.673720 642000
1763080098.673748 643200
1763080098.673780 644400
1763080098.673814 645600
1763080098.673861 646800
1763080098.673897 648000
1763080098.673945 649200
1763080098.673980 650400
1763080098.674014 651600
1763080098.674062 652800
1763080098.674108 654000
1763080098.674136 655200
1763080098.674173 656400
1763080098.674205 657600
1763080098.674238 658800
1763080098.674300 660000
1763080098.674331 661200
1763080098.674366 662400
1763080098.674409 663600
1763080098.674442 664800
1763080098.674474 666000
1763080098.674510 667200
1763080098.674547 668400
1763080098.674581 669600
1763080098.674622 670800
1763080098.674671 672000
1763080098.674701 673200
1763080098.674728 674400
1763080098.674757 675600
1763080098.674790 676800
1763080098.674824 678000
1763080098.674865 679200
1763080098.674905 680400
1763080098.674933 681600
1763080098.674963 682800
1763080098.674997 684000
1763080098.675033 685200
1763080098.675070 686400
1763080098.675102 687600
1763080098.675135 688800
1763080098.675179 690000
1763080098.675220 691200
1763080098.675251 692400
1763080098.675284 693600
1763080098.675318 694800
1763080098.675353 696000
1763080098.675400 697200
1763080098.675430 698400
1763080098.675484 699600
1763080098.675525 700800
1763080098.675558 702000
1763080098.675597 703200
1763080098.675628 704400
1763080098.675664 705600
1763080098.675700 706800
1763080098.675744 708000
1763080098.675794 709200
1763080098.675836 710400
1763080098.675874 711600
1763080098.675977 712800
1763080098.676053 714000
1763080098.676085 715200
1763080098.676128 716400
1763080098.676160 717600
1763080098.676217 718800
1763080098.676252 720000
1763080098.676283 721200
1763080098.676314 722400
1763080098.676366 723600
1763080098.676411 724800
1763080098.676535 726000
1763080098.676755 727200
1763080098.676925 728400
1763080098.677048 729600
1763080098.677126 730800
1763080098.677220 732000
1763080098.677287 733200
1763080098.677335 734400
1763080098.677416 735600
1763080098.677450 736800
1763080098.677502 738000
1763080098.677537 739200
1763080098.677587 740400
1763080098.677680 741600
1763080098.677722 742800
1763080098.677771 744000
1763080098.677811 745200
1763080098.677880 746400
1763080098.678004 747600
1763080098.678049 748800
1763080098.678115 750000
1763080098.678209 751200
1763080098.678239 752400
1763080098.678272 753600
1763080098.678311 754800
1763080098.678346 756000
1763080098.678380 757200
1763080098.678430 758400
1763080098.678507 759600
1763080098.678552 760800
1763080098.678581 762000
1763080098.678612 763200
1763080098.678639 764400
1763080098.678673 765600
1763080098.678707 766800
1763080098.678741 768000
1763080098.678774 769200
1763080098.678828 770400
1763080098.678869 771600
1763080098.678929 772800
1763080098.678959 774000
1763080098.679014 775200
1763080098.679052 776400
1763080098.679091 777600
1763080098.679122 778800
1763080098.679157 780000
1763080098.679191 781200
1763080098.679255 782400
1763080098.679307 783600
1763080098.679346 784800
1763080098.679394 786000
1763080098.679438 787200
1763080098.679469 788400
1763080098.679497 789600
1763080098.679539 790800
1763080098.679583 792000
1763080098.679651 793200
1763080098.679681 794400
1763080098.679716 795600
1763080098.679753 796800
1763080098.679786 798000
1763080098.679813 799200
1763080098.679841 800400
1763080098.679868 801600
1763080098.679904 802800
1763080098.679970 804000
1763080098.680000 805200
1763080098.680041 806400
1763080098.680084 807600
1763080098.680114 808800
1763080098.680147 810000
1763080098.680182 811200
1763080098.680232 812400
1763080098.680268 813600
1763080098.680302 814800
1763080098.680347 816000
1763080098.680403 817200
1763080098.680448 818400
1763080098.680478 819600
1763080098.680522 820800
1763080098.680559 822000
1763080098.680596 823200
1763080098.680631 824400
1763080098.680669 825600
1763080098.680701 826800
1763080098.680728 828000
1763080098.680763 829200
1763080098.680807 830400
1763080098.680844 831600
1763080098.680876 832800
1763080098.680907 834000
1763080098.680942 835200
1763080098.680978 836400
1763080098.681014 837600
1763080098.681047 838800
1763080098.681095 840000
1763080098.681124 841200
1763080098.681159 842400
1763080098.681201 843600
1763080098.681239 844800
1763080098.681281 846000
1763080098.681324 847200
1763080098.681360 848400
1763080098.681395 849600
1763080098.681440 850800
1763080098.681476 852000
1763080098.681511 853200
1763080098.681547 854400
1763080098.681585 855600
1763080098.681616 856800
1763080098.681658 858000
1763080098.681706 859200
1763080098.681775 860400
1763080098.681827 861600
1763080098.681855 862800
1763080098.681904 864000
1763080098.681937 865200
1763080098.681984 866400
1763080098.682018 867600
1763080098.682059 868800
1763080098.682111 870000
1763080098.682170 871200
1763080098.682198 872400
1763080098.682237 873600
1763080098.682287 874800
1763080098.682345 876000
1763080098.682389 877200
1763080098.682458 878400
1763080098.682493 879600
1763080098.682540 880800
1763080098.682574 882000
1763080098.682610 883200
1763080098.682658 884400
1763080098.682699 885600
1763080098.682726 886800
1763080098.682753 888000
1763080098.682786 889200
1763080098.682852 890400
1763080098.682882 891600
1763080098.682909 892800
1763080098.682943 894000
1763080098.682989 895200
1763080098.683017 896400
1763080098.683049 897600
1763080098.683084 898800
1763080098.683117 900000
1763080098.683153 901200
1763080098.683187 902400
1763080098.683221 903600
1763080098.683257 904800
1763080098.683304 906000
1763080098.683338 907200
1763080098.683372 908400
1763080098.683406 909600
1763080098.683440 910800
1763080098.683473 912000
1763080098.683506 913200
1763080098.683556 914400
1763080098.683584 915600
1763080098.683615 916800
1763080098.683690 918000
1763080098.683731 919200
1763080098.683775 920400
1763080098.683812 921600
1763080098.683854 922800
1763080098.683917 924000
1763080098.683964 925200
1763080098.684000 926400
1763080098.684029 927600
1763080098.684059 928800
1763080098.684091 930000
1763080098.684139 931200
1763080098.684172 932400
1763080098.684207 933600
1763080098.684242 934800
1763080098.684268 936000
1763080098.684296 937200
1763080098.684344 938400
1763080098.684383 939600
1763080098.684418 940800
1763080098.684467 942000
1763080098.684506 943200
1763080098.684545 944400
1763080098.684585 945600
1763080098.684613 946800
1763080098.684644 948000
1763080098.684677 949200
1763080098.684714 950400
1763080098.684758 951600
1763080098.684795 952800
1763080098.684827 954000
1763080098.684854 955200
1763080098.684888 956400
1763080098.684921 957600
1763080098.684967 958800
1763080098.684995 960000
1763080098.685028 961200
1763080098.685061 962400
1763080098.685096 963600
1763080098.685131 964800
1763080098.685166 966000
1763080098.685194 967200
1763080098.685222 968400
1763080098.685255 969600
1763080098.685301 970800
1763080098.685350 972000
1763080098.685388 973200
1763080098.685419 974400
1763080098.685451 975600
1763080098.685478 976800
1763080098.685524 978000
1763080098.685565 979200
1763080098.685595 980400
1763080098.685627 981600
1763080098.685663 982800
1763080098.685698 984000
1763080098.685732 985200
1763080098.685774 986400
1763080098.685814 987600
1763080098.685869 988800
1763080098.685896 990000
1763080098.685925 991200
1763080098.685969 992400
1763080098.686002 993600
1763080098.686037 994800
1763080098.686071 996000
1763080098.686106 997200
1763080098.686158 998400
1763080098.686208 999600
1763080098.686247 1000800
1763080098.686282 1002000
1763080098.686316 1003200
1763080098.686381 1003229
