1763075481.544844 1200
1763075481.545208 2400
1763075481.545279 3600
1763075481.545467 4800
1763075481.545538 6000
1763075481.545768 7200
1763075481.545813 8400
1763075481.545845 9600
1763075481.546058 10800
1763075481.546093 12000
1763075481.546126 13200
1763075481.546157 14400
1763075481.546488 15600
1763075481.546566 16800
1763075481.546603 18000
1763075481.546636 19200
1763075481.546667 20400
1763075481.548875 21600
1763075481.550446 22800
1763075481.550666 24000
1763075481.550797 25200
1763075481.550924 26400
1763075481.551045 27600
1763075481.553627 28800
1763075481.554068 30000
1763075481.554236 31200
1763075481.554372 32400
1763075481.554531 33600
1763075481.554655 34800
1763075481.554774 36000
1763075481.556158 37200
1763075481.556355 38400
1763075481.556512 39600
1763075481.556743 40800
1763075481.557343 42000
1763075481.557631 43200
1763075481.557788 44400
1763075481.557918 45600
1763075481.558039 46800
1763075481.558159 48000
1763075481.558412 49200
1763075481.558529 50400
1763075481.558660 51600
1763075481.558818 52800
1763075481.559101 54000
1763075481.559753 55200
1763075481.560242 56400
1763075481.560757 57600
1763075481.560950 58800
1763075481.561079 60000
1763075481.562155 61200
1763075481.562415 62400
1763075481.566641 63600
1763075481.567060 64800
1763075481.567653 66000
1763075481.567822 67200
1763075481.568044 68400
1763075481.569935 69600
1763075481.570173 70800
1763075481.570302 72000
1763075481.570427 73200
1763075481.570548 74400
1763075481.570980 75600
1763075481.577339 76800
1763075481.577656 78000
1763075481.577770 79200
1763075481.578709 80400
1763075481.578936 81600
1763075481.579216 82800
1763075481.579510 84000
1763075481.579670 85200
1763075481.579881 86400
1763075481.580111 87600
1763075481.580591 88800
1763075481.581665 90000
1763075481.581874 91200
1763075481.582031 92400
1763075481.582085 93600
1763075481.582122 94800
1763075481.582182 96000
1763075481.582264 97200
1763075481.582312 98400
1763075481.582462 99600
1763075481.582543 100800
1763075481.582582 102000
1763075481.582615 103200
1763075481.582648 104400
1763075481.582678 105600
1763075481.582707 106800
1763075481.582789 108000
1763075481.657231 114000
1763075481.669758 375600
1763075481.681467 577200
1763075481.693233 652800
1763075481.693589 718800
1763075481.705128 822000
1763075481.705443 897600
1763075481.715916 898800
1763075481.716201 913200
1763075481.727728 949200
1763075481.728123 1003229
1763076256.402274 1200
1763076256.402710 2400
1763076256.402758 3600
1763076256.403109 4800
1763076256.403147 6000
1763076256.403528 7200
1763076256.403563 8400
1763076256.403595 9600
1763076256.404046 10800
1763076256.404081 12000
1763076256.404114 13200
1763076256.404145 14400
1763076256.404699 15600
1763076256.404732 16800
1763076256.404765 18000
1763076256.404797 19200
1763076256.404827 20400
1763076256.405431 21600
1763076256.405464 22800
1763076256.405539 24000
1763076256.405594 25200
1763076256.405633 26400
1763076256.405689 27600
1763076256.405979 28800
1763076256.406021 30000
1763076256.406052 31200
1763076256.406084 32400
1763076256.406227 33600
1763076256.406371 34800
1763076256.406412 36000
1763076256.406504 37200
1763076256.406776 38400
1763076256.406861 39600
1763076256.406926 40800
1763076256.406961 42000
1763076256.406999 43200
1763076256.407030 44400
1763076256.407060 45600
1763076256.407089 46800
1763076256.407127 48000
1763076256.407313 49200
1763076256.407527 50400
1763076256.407564 51600
1763076256.407594 52800
1763076256.407623 54000
1763076256.407654 55200
1763076256.407682 56400
1763076256.407710 57600
1763076256.407739 58800
1763076256.407897 60000
1763076256.408163 61200
1763076256.408195 62400
1763076256.408224 63600
1763076256.408252 64800
1763076256.408280 66000
1763076256.408311 67200
1763076256.408342 68400
1763076256.408370 69600
1763076256.408398 70800
1763076256.408568 72000
1763076256.408723 73200
1763076256.408823 74400
1763076256.409015 75600
1763076256.409045 76800
1763076256.409074 78000
1763076256.409104 79200
1763076256.409131 80400
1763076256.409161 81600
1763076256.409190 82800
1763076256.409217 84000
1763076256.409272 85200
1763076256.409300 86400
1763076256.409369 87600
1763076256.409689 88800
1763076256.410016 90000
1763076256.410229 91200
1763076256.410398 92400
1763076256.410508 93600
1763076256.410593 94800
1763076256.410704 96000
1763076256.410745 97200
1763076256.410810 98400
1763076256.410852 99600
1763076256.410890 100800
1763076256.410922 102000
1763076256.410954 103200
1763076256.411089 104400
1763076256.411369 105600
1763076256.411472 106800
1763076256.411568 108000
1763076256.411649 109200
1763076256.411721 110400
1763076256.411791 111600
1763076256.412023 112800
1763076256.412055 114000
1763076256.412106 115200
1763076256.412190 116400
1763076256.412265 117600
1763076256.412365 118800
1763076256.412412 120000
1763076256.412445 121200
1763076256.412501 122400
1763076256.412533 123600
1763076256.412561 124800
1763076256.412590 126000
1763076256.412617 127200
1763076256.412646 128400
1763076256.412726 129600
1763076256.412799 130800
1763076256.412900 132000
1763076256.412962 133200
1763076256.413003 134400
1763076256.413031 135600
1763076256.413255 136800
1763076256.413393 138000
1763076256.413518 139200
1763076256.413759 140400
1763076256.413787 141600
1763076256.413816 142800
1763076256.413845 144000
1763076256.510616 309600
1763076256.522796 508800
1763076256.534478 550800
1763076256.546031 625200
1763076256.546246 674400
1763076256.557714 930000
1763076256.558019 1003229
1763076458.905149 1200
1763076458.905759 2400
1763076458.905814 3600
1763076458.906160 4800
1763076458.906203 6000
1763076458.906591 7200
1763076458.906627 8400
1763076458.906659 9600
1763076458.907118 10800
1763076458.907152 12000
1763076458.907183 13200
1763076458.907213 14400
1763076458.907746 15600
1763076458.907781 16800
1763076458.907812 18000
1763076458.907842 19200
1763076458.907878 20400
1763076458.908215 21600
1763076458.908471 22800
1763076458.908502 24000
1763076458.908533 25200
1763076458.908564 26400
1763076458.908592 27600
1763076458.908921 28800
1763076458.974609 96000
1763076458.986877 206400
1763076458.998492 212400
1763076459.010537 501600
1763076459.010826 678000
1763076459.022122 697200
1763076459.022354 746400
1763076459.033830 879600
1763076459.034061 938400
1763076459.045386 1003229
1763076599.677657 1200
1763076599.678098 2400
1763076599.678163 3600
1763076599.678444 4800
1763076599.678549 6000
1763076599.678734 7200
1763076599.678786 8400
1763076599.678821 9600
1763076599.679144 10800
1763076599.679193 12000
1763076599.679229 13200
1763076599.679261 14400
1763076599.679419 15600
1763076599.679577 16800
1763076599.679609 18000
1763076599.679639 19200
1763076599.679668 20400
1763076599.679843 21600
1763076599.679927 22800
1763076599.679993 24000
1763076599.680151 25200
1763076599.680296 26400
1763076599.680344 27600
1763076599.680382 28800
1763076599.680415 30000
1763076599.680453 31200
1763076599.680706 32400
1763076599.680741 33600
1763076599.680814 34800
1763076599.680846 36000
1763076599.680875 37200
1763076599.680902 38400
1763076599.680945 39600
1763076599.681265 40800
1763076599.681303 42000
1763076599.681335 43200
1763076599.681365 44400
1763076599.681393 45600
1763076599.681421 46800
1763076599.681452 48000
1763076599.681479 49200
1763076599.681707 50400
1763076599.681863 51600
1763076599.681901 52800
1763076599.681933 54000
1763076599.681963 55200
1763076599.681993 56400
1763076599.682022 57600
1763076599.682053 58800
1763076599.682081 60000
1763076599.682345 61200
1763076599.682380 62400
1763076599.682411 63600
1763076599.682697 64800
1763076599.682970 66000
1763076599.683004 67200
1763076599.683036 68400
1763076599.683066 69600
1763076599.683095 70800
1763076599.683124 72000
1763076599.683153 73200
1763076599.683181 74400
1763076599.683207 75600
1763076599.683674 76800
1763076599.683706 78000
1763076599.683735 79200
1763076599.683763 80400
1763076599.683792 81600
1763076599.683819 82800
1763076599.683847 84000
1763076599.683876 85200
1763076599.683903 86400
1763076599.683931 87600
1763076599.683957 88800
1763076599.684260 90000
1763076599.684481 91200
1763076599.684627 92400
1763076599.684658 93600
1763076599.685464 94800
1763076599.685594 96000
1763076599.685791 97200
1763076599.686016 98400
1763076599.686062 99600
1763076599.686145 100800
1763076599.686243 102000
1763076599.686358 103200
1763076599.686395 104400
1763076599.686426 105600
1763076599.686538 106800
1763076599.686603 108000
1763076599.686697 109200
1763076599.686820 110400
1763076599.686849 111600
1763076599.686996 112800
1763076599.687044 114000
1763076599.753808 271200
1763076599.765888 297600
1763076599.777807 302400
1763076599.789471 310800
1763076599.789759 313200
1763076599.801141 330000
1763076599.801491 426000
1763076599.812958 486000
1763076599.813315 570000
1763076599.824823 787200
1763076599.825087 822000
1763076599.836600 1003229
1763076900.766195 1200
1763076900.766960 2400
1763076900.767017 3600
1763076900.767380 4800
1763076900.767428 6000
1763076900.767823 7200
1763076900.767869 8400
1763076900.767903 9600
1763076900.768367 10800
1763076900.768415 12000
1763076900.768449 13200
1763076900.768483 14400
1763076900.769013 15600
1763076900.769055 16800
1763076900.769086 18000
1763076900.769119 19200
1763076900.769151 20400
1763076900.769591 21600
1763076900.769760 22800
1763076900.769792 24000
1763076900.769823 25200
1763076900.769854 26400
1763076900.769884 27600
1763076900.770409 28800
1763076900.770449 30000
1763076900.770480 31200
1763076900.770512 32400
1763076900.770549 33600
1763076900.770579 34800
1763076900.770610 36000
1763076900.770759 37200
1763076900.832000 354000
1763076900.846295 373200
1763076900.866451 564000
1763076900.879150 982800
1763076900.879518 1003229
1763076986.641264 1200
1763076986.641659 2400
1763076986.641711 3600
1763076986.642048 4800
1763076986.642090 6000
1763076986.642508 7200
1763076986.642548 8400
1763076986.642581 9600
1763076986.643012 10800
1763076986.643063 12000
1763076986.714513 174000
1763076986.727437 357600
1763076986.739212 385200
1763076986.750670 459600
1763076986.750923 492000
1763076986.762367 550800
1763076986.762749 603600
1763076986.774151 622800
1763076986.774516 744000
1763076986.786070 930000
1763076986.786372 991200
1763076986.797574 1003229
1763076997.698201 1200
1763076997.698624 2400
1763076997.698712 3600
1763076997.698867 4800
1763076997.698926 6000
1763076997.699227 7200
1763076997.699290 8400
1763076997.699330 9600
1763076997.699562 10800
1763076997.699643 12000
1763076997.699711 13200
1763076997.699810 14400
1763076997.699855 15600
1763076997.699892 16800
1763076997.700059 18000
1763076997.700194 19200
1763076997.700238 20400
1763076997.700272 21600
1763076997.700307 22800
1763076997.700513 24000
1763076997.700625 25200
1763076997.700661 26400
1763076997.700695 27600
1763076997.700726 28800
1763076997.700767 30000
1763076997.700893 31200
1763076997.701092 32400
1763076997.701138 33600
1763076997.701172 34800
1763076997.701206 36000
1763076997.701238 37200
1763076997.701297 38400
1763076997.701338 39600
1763076997.701414 40800
1763076997.701602 42000
1763076997.701733 43200
1763076997.701772 44400
1763076997.701805 45600
1763076997.701836 46800
1763076997.701868 48000
1763076997.701901 49200
1763076997.701931 50400
1763076997.702022 51600
1763076997.702144 52800
1763076997.702394 54000
1763076997.702433 55200
1763076997.702533 56400
1763076997.702669 57600
1763076997.702777 58800
1763076997.702823 60000
1763076997.702867 61200
1763076997.702911 62400
1763076997.702949 63600
1763076997.702980 64800
1763076997.703056 66000
1763076997.703103 67200
1763076997.703300 68400
1763076997.703453 69600
1763076997.703486 70800
1763076997.703517 72000
1763076997.703547 73200
1763076997.703577 74400
1763076997.703607 75600
1763076997.703638 76800
1763076997.703667 78000
1763076997.703696 79200
1763076997.703873 80400
1763076997.704156 81600
1763076997.704194 82800
1763076997.704226 84000
1763076997.704257 85200
1763076997.704287 86400
1763076997.704317 87600
1763076997.704346 88800
1763076997.704404 90000
1763076997.704441 91200
1763076997.704521 92400
1763076997.704552 93600
1763076997.704650 94800
1763076997.704682 96000
1763076997.704712 97200
1763076997.704789 98400
1763076997.704830 99600
1763076997.705001 100800
1763076997.705069 102000
1763076997.705103 103200
1763076997.705135 104400
1763076997.705193 105600
1763076997.705251 106800
1763076997.705384 108000
1763076997.705593 109200
1763076997.705723 110400
1763076997.705767 111600
1763076997.705836 112800
1763076997.705899 114000
1763076997.706014 115200
1763076997.706144 116400
1763076997.706176 117600
1763076997.706207 118800
1763076997.706236 120000
1763076997.706267 121200
1763076997.706310 122400
1763076997.706340 123600
1763076997.706370 124800
1763076997.706432 126000
1763076997.706506 127200
1763076997.706545 128400
1763076997.706586 129600
1763076997.706618 130800
1763076997.706650 132000
1763076997.706683 133200
1763076997.706878 134400
1763076997.707087 135600
1763076997.707327 136800
1763076997.707357 138000
1763076997.707388 139200
1763076997.707418 140400
1763076997.707588 141600
1763076997.707718 142800
1763076997.707789 144000
1763076997.707846 145200
1763076997.707886 146400
1763076997.707921 147600
1763076997.707996 148800
1763076997.708034 150000
1763076997.708065 151200
1763076997.708116 152400
1763076997.708151 153600
1763076997.708214 154800
1763076997.708247 156000
1763076997.708296 157200
1763076997.708327 158400
1763076997.708404 159600
1763076997.708436 160800
1763076997.708466 162000
1763076997.708495 163200
1763076997.708559 164400
1763076997.708683 165600
1763076997.708915 166800
1763076997.709011 168000
1763076997.709053 169200
1763076997.709118 170400
1763076997.709154 171600
1763076997.709186 172800
1763076997.709217 174000
1763076997.709248 175200
1763076997.709279 176400
1763076997.709308 177600
1763076997.709336 178800
1763076997.709459 180000
1763076997.709726 181200
1763076997.710071 182400
1763076997.710108 183600
1763076997.710140 184800
1763076997.710171 186000
1763076997.710202 187200
1763076997.710234 188400
1763076997.710265 189600
1763076997.710295 190800
1763076997.710324 192000
1763076997.710356 193200
1763076997.710386 194400
1763076997.710416 195600
1763076997.710445 196800
1763076997.710477 198000
1763076997.710505 199200
1763076997.710550 200400
1763076997.710582 201600
1763076997.710612 202800
1763076997.710785 204000
1763076997.710918 205200
1763076997.710987 206400
1763076997.711021 207600
1763076997.711050 208800
1763076997.711114 210000
1763076997.711179 211200
1763076997.711210 212400
1763076997.711245 213600
1763076997.711436 214800
1763076997.711599 216000
1763076997.711640 217200
1763076997.711706 218400
1763076997.711740 219600
1763076997.711771 220800
1763076997.711804 222000
1763076997.711837 223200
1763076997.711979 224400
1763076997.712098 225600
1763076997.712151 226800
1763076997.712261 228000
1763076997.712308 229200
1763076997.765964 348000
1763076997.778568 457200
1763076997.790398 505200
1763076997.802069 531600
1763076997.802353 534000
1763076997.813899 730800
1763076997.814309 853200
1763076997.825847 1003229
1763077007.223329 1200
1763077007.223621 2400
1763077007.223676 3600
1763077007.223912 4800
1763077007.223955 6000
1763077007.224209 7200
1763077007.224247 8400
1763077007.224281 9600
1763077007.224519 10800
1763077007.224556 12000
1763077007.224588 13200
1763077007.224634 14400
1763077007.224861 15600
1763077007.224947 16800
1763077007.224981 18000
1763077007.225013 19200
1763077007.225044 20400
1763077007.225181 21600
1763077007.225336 22800
1763077007.225422 24000
1763077007.225458 25200
1763077007.225490 26400
1763077007.225531 27600
1763077007.225563 28800
1763077007.225596 30000
1763077007.225725 31200
1763077007.225817 32400
1763077007.225998 33600
1763077007.226033 34800
1763077007.226063 36000
1763077007.226103 37200
1763077007.226132 38400
1763077007.226163 39600
1763077007.226206 40800
1763077007.226323 42000
1763077007.226393 43200
1763077007.285767 232800
1763077007.306305 567600
1763077007.320511 766800
1763077007.334227 786000
1763077007.335034 956400
1763077007.346586 997200
1763077007.346775 1003229
1763077204.764760 1200
1763077204.776616 3600
1763077204.776997 4800
1763077204.777050 6000
1763077204.777407 7200
1763077204.777455 8400
1763077204.777808 9600
1763077204.803433 40800
1763077204.814602 44400
1763077204.815010 45600
1763077204.826596 54000
1763077204.838126 56400
1763077204.838442 111600
1763077204.849884 120000
1763077204.850169 122400
1763077204.861036 127200
1763077204.861386 128400
1763077204.883913 133200
1763077204.884240 153600
1763077204.895642 158400
1763077204.907165 164400
1763077204.907575 165600
1763077204.907628 166800
1763077204.907979 168000
1763077204.908026 169200
1763077204.908428 170400
1763077204.908475 171600
1763077204.908516 172800
1763077204.922143 176400
1763077204.922574 182400
1763077204.933949 187200
1763077204.934271 188400
1763077204.934331 189600
1763077204.934527 190800
1763077204.946357 192000
1763077204.946417 193200
1763077204.946807 194400
1763077204.946863 195600
1763077204.967737 200400
1763077204.968061 223200
1763077204.979497 226800
1763077204.991010 243600
1763077204.991380 252000
1763077205.002579 259200
1763077205.002918 267600
1763077205.014126 274800
1763077205.014424 276000
1763077205.014480 277200
1763077205.014671 278400
1763077205.014743 279600
1763077205.014938 280800
1763077205.014996 282000
1763077205.015057 283200
1763077205.015370 284400
1763077205.015690 285600
1763077205.015827 286800
1763077205.015955 288000
1763077205.016014 289200
1763077205.016062 290400
1763077205.016255 291600
1763077205.016385 292800
1763077205.016439 294000
1763077205.016491 295200
1763077205.016537 296400
1763077205.016634 297600
1763077205.016765 298800
1763077205.041411 312000
1763077205.053427 316800
1763077205.065072 331200
1763077205.076692 346800
1763077205.077083 351600
1763077205.088571 376800
1763077205.088984 386400
1763077205.100543 417600
1763077205.100903 422400
1763077205.123473 424800
1763077205.123884 426000
1763077205.135298 442800
1763077205.135717 464400
1763077205.147170 465600
1763077205.147559 471600
1763077205.159009 476400
1763077205.159464 477600
1763077205.159540 478800
1763077205.159876 480000
1763077205.160378 481200
1763077205.160457 482400
1763077205.160518 483600
1763077205.161031 484800
1763077205.161103 486000
1763077205.161164 487200
1763077205.161222 488400
1763077205.161796 489600
1763077205.161872 490800
1763077205.161933 492000
1763077205.161992 493200
1763077205.162048 494400
1763077205.162613 495600
1763077205.162684 496800
1763077205.162742 498000
1763077205.162798 499200
1763077205.162852 500400
1763077205.163418 501600
1763077205.163489 502800
1763077205.180692 510000
1763077205.192503 516000
1763077205.192991 518400
1763077205.203957 526800
1763077205.204332 529200
1763077205.215085 531600
1763077205.215487 546000
1763077205.227385 549600
1763077205.227757 550800
1763077205.227863 552000
1763077205.228094 553200
1763077205.228272 554400
1763077205.228357 555600
1763077205.228504 556800
1763077205.228611 558000
1763077205.228735 559200
1763077205.228852 560400
1763077205.228933 561600
1763077205.244378 562800
1763077205.244500 565200
1763077205.256316 567600
1763077205.267840 585600
1763077205.268263 589200
1763077205.279781 591600
1763077205.280217 592800
1763077205.280296 594000
1763077205.310534 600000
1763077205.311078 614400
1763077205.322622 624000
1763077205.334234 634800
1763077205.345742 636000
1763077205.346149 651600
1763077205.357691 679200
1763077205.369640 716400
1763077205.381503 717600
1763077205.393102 721200
1763077205.393599 723600
1763077205.405193 746400
1763077205.405574 747600
1763077205.417351 756000
1763077205.417948 757200
1763077205.418162 758400
1763077205.429946 760800
1763077205.430319 762000
1763077205.430443 763200
1763077205.430839 764400
1763077205.430993 765600
1763077205.431082 766800
1763077205.431336 768000
1763077205.431555 769200
1763077205.431778 770400
1763077205.431876 771600
1763077205.431972 772800
1763077205.432242 774000
1763077205.432455 775200
1763077205.432593 776400
1763077205.432746 777600
1763077205.432880 778800
1763077205.432983 780000
1763077205.433073 781200
1763077205.433161 782400
1763077205.433254 783600
1763077205.433392 784800
1763077205.456158 789600
1763077205.467715 804000
1763077205.479518 807600
1763077205.479988 813600
1763077205.491599 814800
1763077205.503195 816000
1763077205.503622 832800
1763077205.514755 834000
1763077205.515136 847200
1763077205.526750 855600
1763077205.527258 864000
1763077205.550202 865200
1763077205.550540 866400
1763077205.550766 867600
1763077205.551191 868800
1763077205.551409 870000
1763077205.551539 871200
1763077205.551639 872400
1763077205.551873 873600
1763077205.552110 874800
1763077205.552231 876000
1763077205.552324 877200
1763077205.552412 878400
1763077205.552596 879600
1763077205.552751 880800
1763077205.552850 882000
1763077205.552937 883200
1763077205.553017 884400
1763077205.553106 885600
1763077205.553232 886800
1763077205.553413 888000
1763077205.553545 889200
1763077205.553635 890400
1763077205.553831 891600
1763077205.554076 892800
1763077205.554213 894000
1763077205.554359 895200
1763077205.576203 924000
1763077205.588196 930000
1763077205.588600 932400
1763077205.600373 949200
1763077205.612037 970800
1763077205.612445 972000
1763077205.635528 990000
1763077205.647074 1003200
1763077205.647565 1003229
